[Sun, 22 Jan 2023 00:40:36] INFO :: START EPOCH - 1
[Sun, 22 Jan 2023 00:40:37] INFO :: EPOCH: [  1,  1]   | MINI-BATCH: [   5,1050]   | LOSS: 57.4157   --  0.18s
[Sun, 22 Jan 2023 00:40:37] INFO :: EPOCH: [  1,  1]   | MINI-BATCH: [  10,1050]   | LOSS: 57.1533   --  0.35s
[Sun, 22 Jan 2023 00:40:37] INFO :: EPOCH: [  1,  1]   | MINI-BATCH: [  15,1050]   | LOSS: 57.2299   --  0.52s
[Sun, 22 Jan 2023 00:40:37] INFO :: EPOCH: [  1,  1]   | MINI-BATCH: [  20,1050]   | LOSS: 57.2963   --  0.69s
[Sun, 22 Jan 2023 00:40:37] INFO :: EPOCH: [  1,  1]   | MINI-BATCH: [  25,1050]   | LOSS: 57.2015   --  0.87s
[Sun, 22 Jan 2023 00:40:37] INFO :: EPOCH: [  1,  1]   | MINI-BATCH: [  30,1050]   | LOSS: 57.0764   --  1.04s
[Sun, 22 Jan 2023 00:40:38] INFO :: EPOCH: [  1,  1]   | MINI-BATCH: [  35,1050]   | LOSS: 57.2917   --  1.21s
[Sun, 22 Jan 2023 00:40:38] INFO :: EPOCH: [  1,  1]   | MINI-BATCH: [  40,1050]   | LOSS: 57.1528   --  1.39s
[Sun, 22 Jan 2023 00:40:38] INFO :: EPOCH: [  1,  1]   | MINI-BATCH: [  45,1050]   | LOSS: 57.2086   --  1.56s
[Sun, 22 Jan 2023 00:40:38] INFO :: EPOCH: [  1,  1]   | MINI-BATCH: [  50,1050]   | LOSS: 57.6147   --  1.73s
[Sun, 22 Jan 2023 00:40:38] INFO :: EPOCH: [  1,  1]   | MINI-BATCH: [  55,1050]   | LOSS: 57.2687   --  1.91s
[Sun, 22 Jan 2023 00:40:38] INFO :: EPOCH: [  1,  1]   | MINI-BATCH: [  60,1050]   | LOSS: 57.2599   --  2.08s
[Sun, 22 Jan 2023 00:40:39] INFO :: EPOCH: [  1,  1]   | MINI-BATCH: [  65,1050]   | LOSS: 57.3129   --  2.25s
[Sun, 22 Jan 2023 00:40:39] INFO :: EPOCH: [  1,  1]   | MINI-BATCH: [  70,1050]   | LOSS: 57.5055   --  2.42s
[Sun, 22 Jan 2023 00:40:39] INFO :: EPOCH: [  1,  1]   | MINI-BATCH: [  75,1050]   | LOSS: 57.8515   --  2.59s
[Sun, 22 Jan 2023 00:40:39] INFO :: EPOCH: [  1,  1]   | MINI-BATCH: [  80,1050]   | LOSS: 57.3120   --  2.76s
[Sun, 22 Jan 2023 00:40:39] INFO :: EPOCH: [  1,  1]   | MINI-BATCH: [  85,1050]   | LOSS: 57.4174   --  2.93s
[Sun, 22 Jan 2023 00:40:39] INFO :: EPOCH: [  1,  1]   | MINI-BATCH: [  90,1050]   | LOSS: 57.1963   --  3.11s
[Sun, 22 Jan 2023 00:40:40] INFO :: EPOCH: [  1,  1]   | MINI-BATCH: [  95,1050]   | LOSS: 57.2630   --  3.28s
[Sun, 22 Jan 2023 00:40:40] INFO :: EPOCH: [  1,  1]   | MINI-BATCH: [ 100,1050]   | LOSS: 57.2336   --  3.47s
[Sun, 22 Jan 2023 00:40:40] INFO :: EPOCH: [  1,  1]   | MINI-BATCH: [ 105,1050]   | LOSS: 57.1728   --  3.65s
[Sun, 22 Jan 2023 00:40:40] INFO :: EPOCH: [  1,  1]   | MINI-BATCH: [ 110,1050]   | LOSS: 57.1704   --  3.82s
[Sun, 22 Jan 2023 00:40:40] INFO :: EPOCH: [  1,  1]   | MINI-BATCH: [ 115,1050]   | LOSS: 57.1231   --  4.00s
[Sun, 22 Jan 2023 00:40:41] INFO :: EPOCH: [  1,  1]   | MINI-BATCH: [ 120,1050]   | LOSS: 57.3006   --  4.17s
[Sun, 22 Jan 2023 00:40:41] INFO :: EPOCH: [  1,  1]   | MINI-BATCH: [ 125,1050]   | LOSS: 57.6304   --  4.35s
[Sun, 22 Jan 2023 00:40:41] INFO :: EPOCH: [  1,  1]   | MINI-BATCH: [ 130,1050]   | LOSS: 57.0424   --  4.52s
[Sun, 22 Jan 2023 00:40:41] INFO :: EPOCH: [  1,  1]   | MINI-BATCH: [ 135,1050]   | LOSS: 57.3119   --  4.69s
[Sun, 22 Jan 2023 00:40:41] INFO :: EPOCH: [  1,  1]   | MINI-BATCH: [ 140,1050]   | LOSS: 57.0919   --  4.86s
[Sun, 22 Jan 2023 00:40:41] INFO :: EPOCH: [  1,  1]   | MINI-BATCH: [ 145,1050]   | LOSS: 57.2091   --  5.04s
[Sun, 22 Jan 2023 00:40:42] INFO :: EPOCH: [  1,  1]   | MINI-BATCH: [ 150,1050]   | LOSS: 57.3434   --  5.21s
[Sun, 22 Jan 2023 00:40:42] INFO :: EPOCH: [  1,  1]   | MINI-BATCH: [ 155,1050]   | LOSS: 57.2254   --  5.39s
[Sun, 22 Jan 2023 00:40:42] INFO :: EPOCH: [  1,  1]   | MINI-BATCH: [ 160,1050]   | LOSS: 57.6601   --  5.56s
[Sun, 22 Jan 2023 00:40:42] INFO :: EPOCH: [  1,  1]   | MINI-BATCH: [ 165,1050]   | LOSS: 57.1746   --  5.73s
[Sun, 22 Jan 2023 00:40:42] INFO :: EPOCH: [  1,  1]   | MINI-BATCH: [ 170,1050]   | LOSS: 57.3960   --  5.90s
[Sun, 22 Jan 2023 00:40:42] INFO :: EPOCH: [  1,  1]   | MINI-BATCH: [ 175,1050]   | LOSS: 57.2269   --  6.08s
[Sun, 22 Jan 2023 00:40:43] INFO :: EPOCH: [  1,  1]   | MINI-BATCH: [ 180,1050]   | LOSS: 57.1036   --  6.25s
[Sun, 22 Jan 2023 00:40:43] INFO :: EPOCH: [  1,  1]   | MINI-BATCH: [ 185,1050]   | LOSS: 57.3198   --  6.43s
[Sun, 22 Jan 2023 00:40:43] INFO :: EPOCH: [  1,  1]   | MINI-BATCH: [ 190,1050]   | LOSS: 57.3425   --  6.59s
[Sun, 22 Jan 2023 00:40:43] INFO :: EPOCH: [  1,  1]   | MINI-BATCH: [ 195,1050]   | LOSS: 57.1615   --  6.77s
[Sun, 22 Jan 2023 00:40:43] INFO :: EPOCH: [  1,  1]   | MINI-BATCH: [ 200,1050]   | LOSS: 57.1777   --  6.94s
[Sun, 22 Jan 2023 00:40:43] INFO :: EPOCH: [  1,  1]   | MINI-BATCH: [ 205,1050]   | LOSS: 57.4729   --  7.11s
[Sun, 22 Jan 2023 00:40:44] INFO :: EPOCH: [  1,  1]   | MINI-BATCH: [ 210,1050]   | LOSS: 57.1375   --  7.29s
[Sun, 22 Jan 2023 00:40:44] INFO :: EPOCH: [  1,  1]   | MINI-BATCH: [ 215,1050]   | LOSS: 57.2642   --  7.47s
[Sun, 22 Jan 2023 00:40:44] INFO :: EPOCH: [  1,  1]   | MINI-BATCH: [ 220,1050]   | LOSS: 57.0926   --  7.64s
[Sun, 22 Jan 2023 00:40:44] INFO :: EPOCH: [  1,  1]   | MINI-BATCH: [ 225,1050]   | LOSS: 57.0394   --  7.81s
[Sun, 22 Jan 2023 00:40:44] INFO :: EPOCH: [  1,  1]   | MINI-BATCH: [ 230,1050]   | LOSS: 57.3681   --  7.98s
[Sun, 22 Jan 2023 00:40:44] INFO :: EPOCH: [  1,  1]   | MINI-BATCH: [ 235,1050]   | LOSS: 57.4725   --  8.16s
[Sun, 22 Jan 2023 00:40:45] INFO :: EPOCH: [  1,  1]   | MINI-BATCH: [ 240,1050]   | LOSS: 57.2795   --  8.33s
[Sun, 22 Jan 2023 00:40:45] INFO :: EPOCH: [  1,  1]   | MINI-BATCH: [ 245,1050]   | LOSS: 57.1669   --  8.50s
[Sun, 22 Jan 2023 00:40:45] INFO :: EPOCH: [  1,  1]   | MINI-BATCH: [ 250,1050]   | LOSS: 57.2679   --  8.67s
[Sun, 22 Jan 2023 00:40:45] INFO :: EPOCH: [  1,  1]   | MINI-BATCH: [ 255,1050]   | LOSS: 57.1291   --  8.84s
[Sun, 22 Jan 2023 00:40:45] INFO :: EPOCH: [  1,  1]   | MINI-BATCH: [ 260,1050]   | LOSS: 57.5745   --  9.02s
[Sun, 22 Jan 2023 00:40:46] INFO :: EPOCH: [  1,  1]   | MINI-BATCH: [ 265,1050]   | LOSS: 57.1539   --  9.20s
[Sun, 22 Jan 2023 00:40:46] INFO :: EPOCH: [  1,  1]   | MINI-BATCH: [ 270,1050]   | LOSS: 57.4178   --  9.38s
[Sun, 22 Jan 2023 00:40:46] INFO :: EPOCH: [  1,  1]   | MINI-BATCH: [ 275,1050]   | LOSS: 57.2217   --  9.56s
[Sun, 22 Jan 2023 00:40:46] INFO :: EPOCH: [  1,  1]   | MINI-BATCH: [ 280,1050]   | LOSS: 57.2930   --  9.74s
[Sun, 22 Jan 2023 00:40:46] INFO :: EPOCH: [  1,  1]   | MINI-BATCH: [ 285,1050]   | LOSS: 57.2914   --  9.91s
[Sun, 22 Jan 2023 00:40:46] INFO :: EPOCH: [  1,  1]   | MINI-BATCH: [ 290,1050]   | LOSS: 57.2715   --  10.08s
[Sun, 22 Jan 2023 00:40:47] INFO :: EPOCH: [  1,  1]   | MINI-BATCH: [ 295,1050]   | LOSS: 57.3202   --  10.26s
[Sun, 22 Jan 2023 00:40:47] INFO :: EPOCH: [  1,  1]   | MINI-BATCH: [ 300,1050]   | LOSS: 57.4678   --  10.43s
[Sun, 22 Jan 2023 00:40:47] INFO :: EPOCH: [  1,  1]   | MINI-BATCH: [ 305,1050]   | LOSS: 57.5476   --  10.60s
[Sun, 22 Jan 2023 00:40:47] INFO :: EPOCH: [  1,  1]   | MINI-BATCH: [ 310,1050]   | LOSS: 57.5376   --  10.77s
[Sun, 22 Jan 2023 00:40:47] INFO :: EPOCH: [  1,  1]   | MINI-BATCH: [ 315,1050]   | LOSS: 57.1079   --  10.95s
[Sun, 22 Jan 2023 00:40:47] INFO :: EPOCH: [  1,  1]   | MINI-BATCH: [ 320,1050]   | LOSS: 57.3696   --  11.12s
[Sun, 22 Jan 2023 00:40:48] INFO :: EPOCH: [  1,  1]   | MINI-BATCH: [ 325,1050]   | LOSS: 57.2326   --  11.31s
[Sun, 22 Jan 2023 00:40:48] INFO :: EPOCH: [  1,  1]   | MINI-BATCH: [ 330,1050]   | LOSS: 57.2625   --  11.48s
[Sun, 22 Jan 2023 00:40:48] INFO :: EPOCH: [  1,  1]   | MINI-BATCH: [ 335,1050]   | LOSS: 57.1482   --  11.65s
[Sun, 22 Jan 2023 00:40:48] INFO :: EPOCH: [  1,  1]   | MINI-BATCH: [ 340,1050]   | LOSS: 57.3035   --  11.82s
[Sun, 22 Jan 2023 00:40:48] INFO :: EPOCH: [  1,  1]   | MINI-BATCH: [ 345,1050]   | LOSS: 57.1564   --  12.00s
[Sun, 22 Jan 2023 00:40:49] INFO :: EPOCH: [  1,  1]   | MINI-BATCH: [ 350,1050]   | LOSS: 57.3182   --  12.18s
[Sun, 22 Jan 2023 00:40:49] INFO :: EPOCH: [  1,  1]   | MINI-BATCH: [ 355,1050]   | LOSS: 57.5588   --  12.35s
[Sun, 22 Jan 2023 00:40:49] INFO :: EPOCH: [  1,  1]   | MINI-BATCH: [ 360,1050]   | LOSS: 57.4887   --  12.52s
[Sun, 22 Jan 2023 00:40:49] INFO :: EPOCH: [  1,  1]   | MINI-BATCH: [ 365,1050]   | LOSS: 57.1799   --  12.69s
[Sun, 22 Jan 2023 00:40:49] INFO :: EPOCH: [  1,  1]   | MINI-BATCH: [ 370,1050]   | LOSS: 57.2063   --  12.86s
[Sun, 22 Jan 2023 00:40:49] INFO :: EPOCH: [  1,  1]   | MINI-BATCH: [ 375,1050]   | LOSS: 57.0290   --  13.03s
[Sun, 22 Jan 2023 00:40:50] INFO :: EPOCH: [  1,  1]   | MINI-BATCH: [ 380,1050]   | LOSS: 57.2706   --  13.21s
[Sun, 22 Jan 2023 00:40:50] INFO :: EPOCH: [  1,  1]   | MINI-BATCH: [ 385,1050]   | LOSS: 57.5454   --  13.38s
[Sun, 22 Jan 2023 00:40:50] INFO :: EPOCH: [  1,  1]   | MINI-BATCH: [ 390,1050]   | LOSS: 57.2301   --  13.55s
[Sun, 22 Jan 2023 00:40:50] INFO :: EPOCH: [  1,  1]   | MINI-BATCH: [ 395,1050]   | LOSS: 57.2420   --  13.73s
[Sun, 22 Jan 2023 00:40:50] INFO :: EPOCH: [  1,  1]   | MINI-BATCH: [ 400,1050]   | LOSS: 57.3516   --  13.89s
[Sun, 22 Jan 2023 00:40:50] INFO :: EPOCH: [  1,  1]   | MINI-BATCH: [ 405,1050]   | LOSS: 57.4061   --  14.07s
[Sun, 22 Jan 2023 00:40:51] INFO :: EPOCH: [  1,  1]   | MINI-BATCH: [ 410,1050]   | LOSS: 57.1284   --  14.25s
[Sun, 22 Jan 2023 00:40:51] INFO :: EPOCH: [  1,  1]   | MINI-BATCH: [ 415,1050]   | LOSS: 57.4044   --  14.42s
[Sun, 22 Jan 2023 00:40:51] INFO :: EPOCH: [  1,  1]   | MINI-BATCH: [ 420,1050]   | LOSS: 57.4125   --  14.59s
[Sun, 22 Jan 2023 00:40:51] INFO :: EPOCH: [  1,  1]   | MINI-BATCH: [ 425,1050]   | LOSS: 57.0966   --  14.76s
[Sun, 22 Jan 2023 00:40:51] INFO :: EPOCH: [  1,  1]   | MINI-BATCH: [ 430,1050]   | LOSS: 57.4562   --  14.95s
[Sun, 22 Jan 2023 00:40:51] INFO :: EPOCH: [  1,  1]   | MINI-BATCH: [ 435,1050]   | LOSS: 57.2910   --  15.12s
[Sun, 22 Jan 2023 00:40:52] INFO :: EPOCH: [  1,  1]   | MINI-BATCH: [ 440,1050]   | LOSS: 57.0578   --  15.30s
[Sun, 22 Jan 2023 00:40:52] INFO :: EPOCH: [  1,  1]   | MINI-BATCH: [ 445,1050]   | LOSS: 57.2420   --  15.47s
[Sun, 22 Jan 2023 00:40:52] INFO :: EPOCH: [  1,  1]   | MINI-BATCH: [ 450,1050]   | LOSS: 57.4654   --  15.64s
[Sun, 22 Jan 2023 00:40:52] INFO :: EPOCH: [  1,  1]   | MINI-BATCH: [ 455,1050]   | LOSS: 57.5043   --  15.82s
[Sun, 22 Jan 2023 00:40:52] INFO :: EPOCH: [  1,  1]   | MINI-BATCH: [ 460,1050]   | LOSS: 57.2458   --  15.99s
[Sun, 22 Jan 2023 00:40:53] INFO :: EPOCH: [  1,  1]   | MINI-BATCH: [ 465,1050]   | LOSS: 57.2483   --  16.17s
[Sun, 22 Jan 2023 00:40:53] INFO :: EPOCH: [  1,  1]   | MINI-BATCH: [ 470,1050]   | LOSS: 57.0446   --  16.34s
[Sun, 22 Jan 2023 00:40:53] INFO :: EPOCH: [  1,  1]   | MINI-BATCH: [ 475,1050]   | LOSS: 57.4468   --  16.51s
[Sun, 22 Jan 2023 00:40:53] INFO :: EPOCH: [  1,  1]   | MINI-BATCH: [ 480,1050]   | LOSS: 57.5811   --  16.68s
[Sun, 22 Jan 2023 00:40:53] INFO :: EPOCH: [  1,  1]   | MINI-BATCH: [ 485,1050]   | LOSS: 57.1992   --  16.86s
[Sun, 22 Jan 2023 00:40:53] INFO :: EPOCH: [  1,  1]   | MINI-BATCH: [ 490,1050]   | LOSS: 57.1973   --  17.03s
[Sun, 22 Jan 2023 00:40:54] INFO :: EPOCH: [  1,  1]   | MINI-BATCH: [ 495,1050]   | LOSS: 57.1546   --  17.21s
[Sun, 22 Jan 2023 00:40:54] INFO :: EPOCH: [  1,  1]   | MINI-BATCH: [ 500,1050]   | LOSS: 57.2154   --  17.38s
[Sun, 22 Jan 2023 00:40:54] INFO :: EPOCH: [  1,  1]   | MINI-BATCH: [ 505,1050]   | LOSS: 57.0887   --  17.55s
[Sun, 22 Jan 2023 00:40:54] INFO :: EPOCH: [  1,  1]   | MINI-BATCH: [ 510,1050]   | LOSS: 57.4587   --  17.72s
[Sun, 22 Jan 2023 00:40:54] INFO :: EPOCH: [  1,  1]   | MINI-BATCH: [ 515,1050]   | LOSS: 57.4527   --  17.90s
[Sun, 22 Jan 2023 00:40:54] INFO :: EPOCH: [  1,  1]   | MINI-BATCH: [ 520,1050]   | LOSS: 57.1620   --  18.07s
[Sun, 22 Jan 2023 00:40:55] INFO :: EPOCH: [  1,  1]   | MINI-BATCH: [ 525,1050]   | LOSS: 57.1581   --  18.25s
[Sun, 22 Jan 2023 00:40:55] INFO :: EPOCH: [  1,  1]   | MINI-BATCH: [ 530,1050]   | LOSS: 57.1610   --  18.41s
[Sun, 22 Jan 2023 00:40:55] INFO :: EPOCH: [  1,  1]   | MINI-BATCH: [ 535,1050]   | LOSS: 57.2374   --  18.59s
[Sun, 22 Jan 2023 00:40:55] INFO :: EPOCH: [  1,  1]   | MINI-BATCH: [ 540,1050]   | LOSS: 57.2332   --  18.78s
[Sun, 22 Jan 2023 00:40:55] INFO :: EPOCH: [  1,  1]   | MINI-BATCH: [ 545,1050]   | LOSS: 57.5011   --  18.95s
[Sun, 22 Jan 2023 00:40:55] INFO :: EPOCH: [  1,  1]   | MINI-BATCH: [ 550,1050]   | LOSS: 57.0377   --  19.12s
[Sun, 22 Jan 2023 00:40:56] INFO :: EPOCH: [  1,  1]   | MINI-BATCH: [ 555,1050]   | LOSS: 57.4912   --  19.30s
[Sun, 22 Jan 2023 00:40:56] INFO :: EPOCH: [  1,  1]   | MINI-BATCH: [ 560,1050]   | LOSS: 57.5899   --  19.48s
[Sun, 22 Jan 2023 00:40:56] INFO :: EPOCH: [  1,  1]   | MINI-BATCH: [ 565,1050]   | LOSS: 57.1975   --  19.66s
[Sun, 22 Jan 2023 00:40:56] INFO :: EPOCH: [  1,  1]   | MINI-BATCH: [ 570,1050]   | LOSS: 57.5061   --  19.83s
[Sun, 22 Jan 2023 00:40:56] INFO :: EPOCH: [  1,  1]   | MINI-BATCH: [ 575,1050]   | LOSS: 57.4911   --  20.00s
[Sun, 22 Jan 2023 00:40:57] INFO :: EPOCH: [  1,  1]   | MINI-BATCH: [ 580,1050]   | LOSS: 57.1779   --  20.18s
[Sun, 22 Jan 2023 00:40:57] INFO :: EPOCH: [  1,  1]   | MINI-BATCH: [ 585,1050]   | LOSS: 57.1384   --  20.34s
[Sun, 22 Jan 2023 00:40:57] INFO :: EPOCH: [  1,  1]   | MINI-BATCH: [ 590,1050]   | LOSS: 57.2252   --  20.51s
[Sun, 22 Jan 2023 00:40:57] INFO :: EPOCH: [  1,  1]   | MINI-BATCH: [ 595,1050]   | LOSS: 57.4593   --  20.69s
[Sun, 22 Jan 2023 00:40:57] INFO :: EPOCH: [  1,  1]   | MINI-BATCH: [ 600,1050]   | LOSS: 57.4187   --  20.86s
[Sun, 22 Jan 2023 00:40:57] INFO :: EPOCH: [  1,  1]   | MINI-BATCH: [ 605,1050]   | LOSS: 57.1559   --  21.03s
[Sun, 22 Jan 2023 00:40:58] INFO :: EPOCH: [  1,  1]   | MINI-BATCH: [ 610,1050]   | LOSS: 57.3679   --  21.20s
[Sun, 22 Jan 2023 00:40:58] INFO :: EPOCH: [  1,  1]   | MINI-BATCH: [ 615,1050]   | LOSS: 57.2405   --  21.36s
[Sun, 22 Jan 2023 00:40:58] INFO :: EPOCH: [  1,  1]   | MINI-BATCH: [ 620,1050]   | LOSS: 57.6102   --  21.53s
[Sun, 22 Jan 2023 00:40:58] INFO :: EPOCH: [  1,  1]   | MINI-BATCH: [ 625,1050]   | LOSS: 57.1673   --  21.70s
[Sun, 22 Jan 2023 00:40:58] INFO :: EPOCH: [  1,  1]   | MINI-BATCH: [ 630,1050]   | LOSS: 57.6095   --  21.88s
[Sun, 22 Jan 2023 00:40:58] INFO :: EPOCH: [  1,  1]   | MINI-BATCH: [ 635,1050]   | LOSS: 57.6225   --  22.05s
[Sun, 22 Jan 2023 00:40:59] INFO :: EPOCH: [  1,  1]   | MINI-BATCH: [ 640,1050]   | LOSS: 57.3842   --  22.24s
[Sun, 22 Jan 2023 00:40:59] INFO :: EPOCH: [  1,  1]   | MINI-BATCH: [ 645,1050]   | LOSS: 57.1903   --  22.40s
[Sun, 22 Jan 2023 00:40:59] INFO :: EPOCH: [  1,  1]   | MINI-BATCH: [ 650,1050]   | LOSS: 57.5056   --  22.57s
[Sun, 22 Jan 2023 00:40:59] INFO :: EPOCH: [  1,  1]   | MINI-BATCH: [ 655,1050]   | LOSS: 57.2000   --  22.74s
[Sun, 22 Jan 2023 00:40:59] INFO :: EPOCH: [  1,  1]   | MINI-BATCH: [ 660,1050]   | LOSS: 57.9468   --  22.91s
[Sun, 22 Jan 2023 00:40:59] INFO :: EPOCH: [  1,  1]   | MINI-BATCH: [ 665,1050]   | LOSS: 57.3423   --  23.08s
[Sun, 22 Jan 2023 00:41:00] INFO :: EPOCH: [  1,  1]   | MINI-BATCH: [ 670,1050]   | LOSS: 57.1267   --  23.27s
[Sun, 22 Jan 2023 00:41:00] INFO :: EPOCH: [  1,  1]   | MINI-BATCH: [ 675,1050]   | LOSS: 57.1063   --  23.44s
[Sun, 22 Jan 2023 00:41:00] INFO :: EPOCH: [  1,  1]   | MINI-BATCH: [ 680,1050]   | LOSS: 57.7176   --  23.61s
[Sun, 22 Jan 2023 00:41:00] INFO :: EPOCH: [  1,  1]   | MINI-BATCH: [ 685,1050]   | LOSS: 57.6184   --  23.79s
[Sun, 22 Jan 2023 00:41:00] INFO :: EPOCH: [  1,  1]   | MINI-BATCH: [ 690,1050]   | LOSS: 57.6930   --  23.97s
[Sun, 22 Jan 2023 00:41:00] INFO :: EPOCH: [  1,  1]   | MINI-BATCH: [ 695,1050]   | LOSS: 57.0565   --  24.14s
[Sun, 22 Jan 2023 00:41:01] INFO :: EPOCH: [  1,  1]   | MINI-BATCH: [ 700,1050]   | LOSS: 57.2635   --  24.32s
[Sun, 22 Jan 2023 00:41:01] INFO :: EPOCH: [  1,  1]   | MINI-BATCH: [ 705,1050]   | LOSS: 57.4580   --  24.49s
[Sun, 22 Jan 2023 00:41:01] INFO :: EPOCH: [  1,  1]   | MINI-BATCH: [ 710,1050]   | LOSS: 57.2995   --  24.66s
[Sun, 22 Jan 2023 00:41:01] INFO :: EPOCH: [  1,  1]   | MINI-BATCH: [ 715,1050]   | LOSS: 57.6237   --  24.83s
[Sun, 22 Jan 2023 00:41:01] INFO :: EPOCH: [  1,  1]   | MINI-BATCH: [ 720,1050]   | LOSS: 57.3623   --  25.01s
[Sun, 22 Jan 2023 00:41:02] INFO :: EPOCH: [  1,  1]   | MINI-BATCH: [ 725,1050]   | LOSS: 57.2410   --  25.19s
[Sun, 22 Jan 2023 00:41:02] INFO :: EPOCH: [  1,  1]   | MINI-BATCH: [ 730,1050]   | LOSS: 57.3388   --  25.36s
[Sun, 22 Jan 2023 00:41:02] INFO :: EPOCH: [  1,  1]   | MINI-BATCH: [ 735,1050]   | LOSS: 57.5895   --  25.53s
[Sun, 22 Jan 2023 00:41:02] INFO :: EPOCH: [  1,  1]   | MINI-BATCH: [ 740,1050]   | LOSS: 57.2906   --  25.70s
[Sun, 22 Jan 2023 00:41:02] INFO :: EPOCH: [  1,  1]   | MINI-BATCH: [ 745,1050]   | LOSS: 57.1347   --  25.88s
[Sun, 22 Jan 2023 00:41:02] INFO :: EPOCH: [  1,  1]   | MINI-BATCH: [ 750,1050]   | LOSS: 57.3132   --  26.05s
[Sun, 22 Jan 2023 00:41:03] INFO :: EPOCH: [  1,  1]   | MINI-BATCH: [ 755,1050]   | LOSS: 57.1307   --  26.22s
[Sun, 22 Jan 2023 00:41:03] INFO :: EPOCH: [  1,  1]   | MINI-BATCH: [ 760,1050]   | LOSS: 57.2625   --  26.39s
[Sun, 22 Jan 2023 00:41:03] INFO :: EPOCH: [  1,  1]   | MINI-BATCH: [ 765,1050]   | LOSS: 57.0490   --  26.56s
[Sun, 22 Jan 2023 00:41:03] INFO :: EPOCH: [  1,  1]   | MINI-BATCH: [ 770,1050]   | LOSS: 57.2739   --  26.73s
[Sun, 22 Jan 2023 00:41:03] INFO :: EPOCH: [  1,  1]   | MINI-BATCH: [ 775,1050]   | LOSS: 57.1588   --  26.90s
[Sun, 22 Jan 2023 00:41:03] INFO :: EPOCH: [  1,  1]   | MINI-BATCH: [ 780,1050]   | LOSS: 57.2423   --  27.08s
[Sun, 22 Jan 2023 00:41:04] INFO :: EPOCH: [  1,  1]   | MINI-BATCH: [ 785,1050]   | LOSS: 57.3558   --  27.25s
[Sun, 22 Jan 2023 00:41:04] INFO :: EPOCH: [  1,  1]   | MINI-BATCH: [ 790,1050]   | LOSS: 57.3529   --  27.42s
[Sun, 22 Jan 2023 00:41:04] INFO :: EPOCH: [  1,  1]   | MINI-BATCH: [ 795,1050]   | LOSS: 57.4771   --  27.59s
[Sun, 22 Jan 2023 00:41:04] INFO :: EPOCH: [  1,  1]   | MINI-BATCH: [ 800,1050]   | LOSS: 57.1414   --  27.76s
[Sun, 22 Jan 2023 00:41:04] INFO :: EPOCH: [  1,  1]   | MINI-BATCH: [ 805,1050]   | LOSS: 57.4352   --  27.93s
[Sun, 22 Jan 2023 00:41:04] INFO :: EPOCH: [  1,  1]   | MINI-BATCH: [ 810,1050]   | LOSS: 57.1478   --  28.10s
[Sun, 22 Jan 2023 00:41:05] INFO :: EPOCH: [  1,  1]   | MINI-BATCH: [ 815,1050]   | LOSS: 57.1890   --  28.27s
[Sun, 22 Jan 2023 00:41:05] INFO :: EPOCH: [  1,  1]   | MINI-BATCH: [ 820,1050]   | LOSS: 57.1450   --  28.44s
[Sun, 22 Jan 2023 00:41:05] INFO :: EPOCH: [  1,  1]   | MINI-BATCH: [ 825,1050]   | LOSS: 57.4320   --  28.61s
[Sun, 22 Jan 2023 00:41:05] INFO :: EPOCH: [  1,  1]   | MINI-BATCH: [ 830,1050]   | LOSS: 57.0871   --  28.78s
[Sun, 22 Jan 2023 00:41:05] INFO :: EPOCH: [  1,  1]   | MINI-BATCH: [ 835,1050]   | LOSS: 57.2398   --  28.95s
[Sun, 22 Jan 2023 00:41:05] INFO :: EPOCH: [  1,  1]   | MINI-BATCH: [ 840,1050]   | LOSS: 57.1250   --  29.14s
[Sun, 22 Jan 2023 00:41:06] INFO :: EPOCH: [  1,  1]   | MINI-BATCH: [ 845,1050]   | LOSS: 57.6051   --  29.31s
[Sun, 22 Jan 2023 00:41:06] INFO :: EPOCH: [  1,  1]   | MINI-BATCH: [ 850,1050]   | LOSS: 57.2133   --  29.49s
[Sun, 22 Jan 2023 00:41:06] INFO :: EPOCH: [  1,  1]   | MINI-BATCH: [ 855,1050]   | LOSS: 57.0998   --  29.66s
[Sun, 22 Jan 2023 00:41:06] INFO :: EPOCH: [  1,  1]   | MINI-BATCH: [ 860,1050]   | LOSS: 57.4839   --  29.83s
[Sun, 22 Jan 2023 00:41:06] INFO :: EPOCH: [  1,  1]   | MINI-BATCH: [ 865,1050]   | LOSS: 57.1804   --  30.00s
[Sun, 22 Jan 2023 00:41:07] INFO :: EPOCH: [  1,  1]   | MINI-BATCH: [ 870,1050]   | LOSS: 57.2168   --  30.18s
[Sun, 22 Jan 2023 00:41:07] INFO :: EPOCH: [  1,  1]   | MINI-BATCH: [ 875,1050]   | LOSS: 57.3787   --  30.36s
[Sun, 22 Jan 2023 00:41:07] INFO :: EPOCH: [  1,  1]   | MINI-BATCH: [ 880,1050]   | LOSS: 57.4471   --  30.53s
[Sun, 22 Jan 2023 00:41:07] INFO :: EPOCH: [  1,  1]   | MINI-BATCH: [ 885,1050]   | LOSS: 57.2806   --  30.71s
[Sun, 22 Jan 2023 00:41:07] INFO :: EPOCH: [  1,  1]   | MINI-BATCH: [ 890,1050]   | LOSS: 57.2137   --  30.88s
[Sun, 22 Jan 2023 00:41:07] INFO :: EPOCH: [  1,  1]   | MINI-BATCH: [ 895,1050]   | LOSS: 57.1474   --  31.05s
[Sun, 22 Jan 2023 00:41:08] INFO :: EPOCH: [  1,  1]   | MINI-BATCH: [ 900,1050]   | LOSS: 57.2900   --  31.22s
[Sun, 22 Jan 2023 00:41:08] INFO :: EPOCH: [  1,  1]   | MINI-BATCH: [ 905,1050]   | LOSS: 57.3292   --  31.39s
[Sun, 22 Jan 2023 00:41:08] INFO :: EPOCH: [  1,  1]   | MINI-BATCH: [ 910,1050]   | LOSS: 57.5129   --  31.56s
[Sun, 22 Jan 2023 00:41:08] INFO :: EPOCH: [  1,  1]   | MINI-BATCH: [ 915,1050]   | LOSS: 57.2270   --  31.73s
[Sun, 22 Jan 2023 00:41:08] INFO :: EPOCH: [  1,  1]   | MINI-BATCH: [ 920,1050]   | LOSS: 57.2346   --  31.90s
[Sun, 22 Jan 2023 00:41:08] INFO :: EPOCH: [  1,  1]   | MINI-BATCH: [ 925,1050]   | LOSS: 57.3434   --  32.07s
[Sun, 22 Jan 2023 00:41:09] INFO :: EPOCH: [  1,  1]   | MINI-BATCH: [ 930,1050]   | LOSS: 57.2414   --  32.24s
[Sun, 22 Jan 2023 00:41:09] INFO :: EPOCH: [  1,  1]   | MINI-BATCH: [ 935,1050]   | LOSS: 57.2715   --  32.42s
[Sun, 22 Jan 2023 00:41:09] INFO :: EPOCH: [  1,  1]   | MINI-BATCH: [ 940,1050]   | LOSS: 57.1403   --  32.58s
[Sun, 22 Jan 2023 00:41:09] INFO :: EPOCH: [  1,  1]   | MINI-BATCH: [ 945,1050]   | LOSS: 57.2962   --  32.75s
[Sun, 22 Jan 2023 00:41:09] INFO :: EPOCH: [  1,  1]   | MINI-BATCH: [ 950,1050]   | LOSS: 57.3084   --  32.92s
[Sun, 22 Jan 2023 00:41:09] INFO :: EPOCH: [  1,  1]   | MINI-BATCH: [ 955,1050]   | LOSS: 57.4419   --  33.10s
[Sun, 22 Jan 2023 00:41:10] INFO :: EPOCH: [  1,  1]   | MINI-BATCH: [ 960,1050]   | LOSS: 57.0805   --  33.27s
[Sun, 22 Jan 2023 00:41:10] INFO :: EPOCH: [  1,  1]   | MINI-BATCH: [ 965,1050]   | LOSS: 57.5493   --  33.44s
[Sun, 22 Jan 2023 00:41:10] INFO :: EPOCH: [  1,  1]   | MINI-BATCH: [ 970,1050]   | LOSS: 57.3527   --  33.61s
[Sun, 22 Jan 2023 00:41:10] INFO :: EPOCH: [  1,  1]   | MINI-BATCH: [ 975,1050]   | LOSS: 57.1075   --  33.78s
[Sun, 22 Jan 2023 00:41:10] INFO :: EPOCH: [  1,  1]   | MINI-BATCH: [ 980,1050]   | LOSS: 57.0432   --  33.95s
[Sun, 22 Jan 2023 00:41:10] INFO :: EPOCH: [  1,  1]   | MINI-BATCH: [ 985,1050]   | LOSS: 57.1443   --  34.12s
[Sun, 22 Jan 2023 00:41:11] INFO :: EPOCH: [  1,  1]   | MINI-BATCH: [ 990,1050]   | LOSS: 57.1534   --  34.30s
[Sun, 22 Jan 2023 00:41:11] INFO :: EPOCH: [  1,  1]   | MINI-BATCH: [ 995,1050]   | LOSS: 57.1430   --  34.47s
[Sun, 22 Jan 2023 00:41:11] INFO :: EPOCH: [  1,  1]   | MINI-BATCH: [1000,1050]   | LOSS: 57.3173   --  34.64s
[Sun, 22 Jan 2023 00:41:11] INFO :: EPOCH: [  1,  1]   | MINI-BATCH: [1005,1050]   | LOSS: 57.2399   --  34.81s
[Sun, 22 Jan 2023 00:41:11] INFO :: EPOCH: [  1,  1]   | MINI-BATCH: [1010,1050]   | LOSS: 57.0419   --  34.98s
[Sun, 22 Jan 2023 00:41:11] INFO :: EPOCH: [  1,  1]   | MINI-BATCH: [1015,1050]   | LOSS: 57.5741   --  35.15s
[Sun, 22 Jan 2023 00:41:12] INFO :: EPOCH: [  1,  1]   | MINI-BATCH: [1020,1050]   | LOSS: 57.1575   --  35.33s
[Sun, 22 Jan 2023 00:41:12] INFO :: EPOCH: [  1,  1]   | MINI-BATCH: [1025,1050]   | LOSS: 57.3840   --  35.51s
[Sun, 22 Jan 2023 00:41:12] INFO :: EPOCH: [  1,  1]   | MINI-BATCH: [1030,1050]   | LOSS: 57.2567   --  35.69s
[Sun, 22 Jan 2023 00:41:12] INFO :: EPOCH: [  1,  1]   | MINI-BATCH: [1035,1050]   | LOSS: 57.0750   --  35.86s
[Sun, 22 Jan 2023 00:41:12] INFO :: EPOCH: [  1,  1]   | MINI-BATCH: [1040,1050]   | LOSS: 57.0660   --  36.04s
[Sun, 22 Jan 2023 00:41:13] INFO :: EPOCH: [  1,  1]   | MINI-BATCH: [1045,1050]   | LOSS: 57.0391   --  36.22s
[Sun, 22 Jan 2023 00:41:13] INFO :: EPOCH: [  1,  1]   | MINI-BATCH: [1050,1050]   | LOSS: 57.3244   --  36.39s
[Sun, 22 Jan 2023 00:41:17] INFO :: EPOCH: [  1,  1]   | VAL-ACCURACY: 0.9912      | VAL-LOSS: 57.0719   --  41.15s
