[Sun, 22 Jan 2023 00:39:55] INFO :: START EPOCH - 1
[Sun, 22 Jan 2023 00:39:55] INFO :: EPOCH: [  1,  1]   | MINI-BATCH: [   5,1050]   | LOSS: 57.3921   --  0.17s
[Sun, 22 Jan 2023 00:39:56] INFO :: EPOCH: [  1,  1]   | MINI-BATCH: [  10,1050]   | LOSS: 57.5615   --  0.35s
[Sun, 22 Jan 2023 00:39:56] INFO :: EPOCH: [  1,  1]   | MINI-BATCH: [  15,1050]   | LOSS: 57.4545   --  0.52s
[Sun, 22 Jan 2023 00:39:56] INFO :: EPOCH: [  1,  1]   | MINI-BATCH: [  20,1050]   | LOSS: 57.2953   --  0.71s
[Sun, 22 Jan 2023 00:39:56] INFO :: EPOCH: [  1,  1]   | MINI-BATCH: [  25,1050]   | LOSS: 57.3566   --  0.88s
[Sun, 22 Jan 2023 00:39:56] INFO :: EPOCH: [  1,  1]   | MINI-BATCH: [  30,1050]   | LOSS: 57.6088   --  1.05s
[Sun, 22 Jan 2023 00:39:57] INFO :: EPOCH: [  1,  1]   | MINI-BATCH: [  35,1050]   | LOSS: 57.4805   --  1.23s
[Sun, 22 Jan 2023 00:39:57] INFO :: EPOCH: [  1,  1]   | MINI-BATCH: [  40,1050]   | LOSS: 57.3919   --  1.41s
[Sun, 22 Jan 2023 00:39:57] INFO :: EPOCH: [  1,  1]   | MINI-BATCH: [  45,1050]   | LOSS: 57.6188   --  1.59s
[Sun, 22 Jan 2023 00:39:57] INFO :: EPOCH: [  1,  1]   | MINI-BATCH: [  50,1050]   | LOSS: 57.5074   --  1.76s
[Sun, 22 Jan 2023 00:39:57] INFO :: EPOCH: [  1,  1]   | MINI-BATCH: [  55,1050]   | LOSS: 57.5262   --  1.94s
[Sun, 22 Jan 2023 00:39:57] INFO :: EPOCH: [  1,  1]   | MINI-BATCH: [  60,1050]   | LOSS: 57.9796   --  2.11s
[Sun, 22 Jan 2023 00:39:58] INFO :: EPOCH: [  1,  1]   | MINI-BATCH: [  65,1050]   | LOSS: 57.6545   --  2.28s
[Sun, 22 Jan 2023 00:39:58] INFO :: EPOCH: [  1,  1]   | MINI-BATCH: [  70,1050]   | LOSS: 57.5001   --  2.45s
[Sun, 22 Jan 2023 00:39:58] INFO :: EPOCH: [  1,  1]   | MINI-BATCH: [  75,1050]   | LOSS: 58.0055   --  2.61s
[Sun, 22 Jan 2023 00:39:58] INFO :: EPOCH: [  1,  1]   | MINI-BATCH: [  80,1050]   | LOSS: 57.6930   --  2.78s
[Sun, 22 Jan 2023 00:39:58] INFO :: EPOCH: [  1,  1]   | MINI-BATCH: [  85,1050]   | LOSS: 58.0295   --  2.95s
[Sun, 22 Jan 2023 00:39:58] INFO :: EPOCH: [  1,  1]   | MINI-BATCH: [  90,1050]   | LOSS: 57.5997   --  3.12s
[Sun, 22 Jan 2023 00:39:59] INFO :: EPOCH: [  1,  1]   | MINI-BATCH: [  95,1050]   | LOSS: 57.6031   --  3.30s
[Sun, 22 Jan 2023 00:39:59] INFO :: EPOCH: [  1,  1]   | MINI-BATCH: [ 100,1050]   | LOSS: 57.7048   --  3.47s
[Sun, 22 Jan 2023 00:39:59] INFO :: EPOCH: [  1,  1]   | MINI-BATCH: [ 105,1050]   | LOSS: 57.3946   --  3.64s
[Sun, 22 Jan 2023 00:39:59] INFO :: EPOCH: [  1,  1]   | MINI-BATCH: [ 110,1050]   | LOSS: 57.9534   --  3.81s
[Sun, 22 Jan 2023 00:39:59] INFO :: EPOCH: [  1,  1]   | MINI-BATCH: [ 115,1050]   | LOSS: 57.2140   --  3.98s
[Sun, 22 Jan 2023 00:39:59] INFO :: EPOCH: [  1,  1]   | MINI-BATCH: [ 120,1050]   | LOSS: 57.9386   --  4.15s
[Sun, 22 Jan 2023 00:40:00] INFO :: EPOCH: [  1,  1]   | MINI-BATCH: [ 125,1050]   | LOSS: 57.6581   --  4.33s
[Sun, 22 Jan 2023 00:40:00] INFO :: EPOCH: [  1,  1]   | MINI-BATCH: [ 130,1050]   | LOSS: 57.3339   --  4.49s
[Sun, 22 Jan 2023 00:40:00] INFO :: EPOCH: [  1,  1]   | MINI-BATCH: [ 135,1050]   | LOSS: 57.4228   --  4.66s
[Sun, 22 Jan 2023 00:40:00] INFO :: EPOCH: [  1,  1]   | MINI-BATCH: [ 140,1050]   | LOSS: 57.4801   --  4.83s
[Sun, 22 Jan 2023 00:40:00] INFO :: EPOCH: [  1,  1]   | MINI-BATCH: [ 145,1050]   | LOSS: 57.6035   --  5.02s
[Sun, 22 Jan 2023 00:40:00] INFO :: EPOCH: [  1,  1]   | MINI-BATCH: [ 150,1050]   | LOSS: 57.4731   --  5.19s
[Sun, 22 Jan 2023 00:40:01] INFO :: EPOCH: [  1,  1]   | MINI-BATCH: [ 155,1050]   | LOSS: 57.1611   --  5.36s
[Sun, 22 Jan 2023 00:40:01] INFO :: EPOCH: [  1,  1]   | MINI-BATCH: [ 160,1050]   | LOSS: 57.4144   --  5.54s
[Sun, 22 Jan 2023 00:40:01] INFO :: EPOCH: [  1,  1]   | MINI-BATCH: [ 165,1050]   | LOSS: 57.3216   --  5.70s
[Sun, 22 Jan 2023 00:40:01] INFO :: EPOCH: [  1,  1]   | MINI-BATCH: [ 170,1050]   | LOSS: 57.6411   --  5.88s
[Sun, 22 Jan 2023 00:40:01] INFO :: EPOCH: [  1,  1]   | MINI-BATCH: [ 175,1050]   | LOSS: 57.4605   --  6.06s
[Sun, 22 Jan 2023 00:40:02] INFO :: EPOCH: [  1,  1]   | MINI-BATCH: [ 180,1050]   | LOSS: 57.4722   --  6.24s
[Sun, 22 Jan 2023 00:40:02] INFO :: EPOCH: [  1,  1]   | MINI-BATCH: [ 185,1050]   | LOSS: 57.4357   --  6.40s
[Sun, 22 Jan 2023 00:40:02] INFO :: EPOCH: [  1,  1]   | MINI-BATCH: [ 190,1050]   | LOSS: 57.4369   --  6.57s
[Sun, 22 Jan 2023 00:40:02] INFO :: EPOCH: [  1,  1]   | MINI-BATCH: [ 195,1050]   | LOSS: 57.4971   --  6.74s
[Sun, 22 Jan 2023 00:40:02] INFO :: EPOCH: [  1,  1]   | MINI-BATCH: [ 200,1050]   | LOSS: 57.3726   --  6.91s
[Sun, 22 Jan 2023 00:40:02] INFO :: EPOCH: [  1,  1]   | MINI-BATCH: [ 205,1050]   | LOSS: 57.9985   --  7.08s
[Sun, 22 Jan 2023 00:40:03] INFO :: EPOCH: [  1,  1]   | MINI-BATCH: [ 210,1050]   | LOSS: 57.4234   --  7.25s
[Sun, 22 Jan 2023 00:40:03] INFO :: EPOCH: [  1,  1]   | MINI-BATCH: [ 215,1050]   | LOSS: 57.4775   --  7.42s
[Sun, 22 Jan 2023 00:40:03] INFO :: EPOCH: [  1,  1]   | MINI-BATCH: [ 220,1050]   | LOSS: 57.4966   --  7.59s
[Sun, 22 Jan 2023 00:40:03] INFO :: EPOCH: [  1,  1]   | MINI-BATCH: [ 225,1050]   | LOSS: 57.6224   --  7.76s
[Sun, 22 Jan 2023 00:40:03] INFO :: EPOCH: [  1,  1]   | MINI-BATCH: [ 230,1050]   | LOSS: 57.5117   --  7.93s
[Sun, 22 Jan 2023 00:40:03] INFO :: EPOCH: [  1,  1]   | MINI-BATCH: [ 235,1050]   | LOSS: 57.3371   --  8.11s
[Sun, 22 Jan 2023 00:40:04] INFO :: EPOCH: [  1,  1]   | MINI-BATCH: [ 240,1050]   | LOSS: 57.8061   --  8.28s
[Sun, 22 Jan 2023 00:40:04] INFO :: EPOCH: [  1,  1]   | MINI-BATCH: [ 245,1050]   | LOSS: 57.4043   --  8.45s
[Sun, 22 Jan 2023 00:40:04] INFO :: EPOCH: [  1,  1]   | MINI-BATCH: [ 250,1050]   | LOSS: 57.3749   --  8.62s
[Sun, 22 Jan 2023 00:40:04] INFO :: EPOCH: [  1,  1]   | MINI-BATCH: [ 255,1050]   | LOSS: 57.3559   --  8.79s
[Sun, 22 Jan 2023 00:40:04] INFO :: EPOCH: [  1,  1]   | MINI-BATCH: [ 260,1050]   | LOSS: 57.6135   --  8.96s
[Sun, 22 Jan 2023 00:40:04] INFO :: EPOCH: [  1,  1]   | MINI-BATCH: [ 265,1050]   | LOSS: 57.5854   --  9.13s
[Sun, 22 Jan 2023 00:40:05] INFO :: EPOCH: [  1,  1]   | MINI-BATCH: [ 270,1050]   | LOSS: 57.6185   --  9.30s
[Sun, 22 Jan 2023 00:40:05] INFO :: EPOCH: [  1,  1]   | MINI-BATCH: [ 275,1050]   | LOSS: 57.6744   --  9.47s
[Sun, 22 Jan 2023 00:40:05] INFO :: EPOCH: [  1,  1]   | MINI-BATCH: [ 280,1050]   | LOSS: 57.3034   --  9.64s
[Sun, 22 Jan 2023 00:40:05] INFO :: EPOCH: [  1,  1]   | MINI-BATCH: [ 285,1050]   | LOSS: 57.5106   --  9.81s
[Sun, 22 Jan 2023 00:40:05] INFO :: EPOCH: [  1,  1]   | MINI-BATCH: [ 290,1050]   | LOSS: 57.4979   --  9.98s
[Sun, 22 Jan 2023 00:40:05] INFO :: EPOCH: [  1,  1]   | MINI-BATCH: [ 295,1050]   | LOSS: 57.4603   --  10.15s
[Sun, 22 Jan 2023 00:40:06] INFO :: EPOCH: [  1,  1]   | MINI-BATCH: [ 300,1050]   | LOSS: 57.5475   --  10.33s
[Sun, 22 Jan 2023 00:40:06] INFO :: EPOCH: [  1,  1]   | MINI-BATCH: [ 305,1050]   | LOSS: 57.2858   --  10.50s
[Sun, 22 Jan 2023 00:40:06] INFO :: EPOCH: [  1,  1]   | MINI-BATCH: [ 310,1050]   | LOSS: 57.3527   --  10.68s
[Sun, 22 Jan 2023 00:40:06] INFO :: EPOCH: [  1,  1]   | MINI-BATCH: [ 315,1050]   | LOSS: 57.8463   --  10.85s
[Sun, 22 Jan 2023 00:40:06] INFO :: EPOCH: [  1,  1]   | MINI-BATCH: [ 320,1050]   | LOSS: 57.4107   --  11.03s
[Sun, 22 Jan 2023 00:40:06] INFO :: EPOCH: [  1,  1]   | MINI-BATCH: [ 325,1050]   | LOSS: 57.1768   --  11.20s
[Sun, 22 Jan 2023 00:40:07] INFO :: EPOCH: [  1,  1]   | MINI-BATCH: [ 330,1050]   | LOSS: 57.2516   --  11.37s
[Sun, 22 Jan 2023 00:40:07] INFO :: EPOCH: [  1,  1]   | MINI-BATCH: [ 335,1050]   | LOSS: 57.4135   --  11.56s
[Sun, 22 Jan 2023 00:40:07] INFO :: EPOCH: [  1,  1]   | MINI-BATCH: [ 340,1050]   | LOSS: 57.6222   --  11.74s
[Sun, 22 Jan 2023 00:40:07] INFO :: EPOCH: [  1,  1]   | MINI-BATCH: [ 345,1050]   | LOSS: 57.3669   --  11.91s
[Sun, 22 Jan 2023 00:40:07] INFO :: EPOCH: [  1,  1]   | MINI-BATCH: [ 350,1050]   | LOSS: 57.5742   --  12.08s
[Sun, 22 Jan 2023 00:40:08] INFO :: EPOCH: [  1,  1]   | MINI-BATCH: [ 355,1050]   | LOSS: 57.4550   --  12.26s
[Sun, 22 Jan 2023 00:40:08] INFO :: EPOCH: [  1,  1]   | MINI-BATCH: [ 360,1050]   | LOSS: 57.4567   --  12.44s
[Sun, 22 Jan 2023 00:40:08] INFO :: EPOCH: [  1,  1]   | MINI-BATCH: [ 365,1050]   | LOSS: 58.0286   --  12.61s
[Sun, 22 Jan 2023 00:40:08] INFO :: EPOCH: [  1,  1]   | MINI-BATCH: [ 370,1050]   | LOSS: 57.6169   --  12.78s
[Sun, 22 Jan 2023 00:40:08] INFO :: EPOCH: [  1,  1]   | MINI-BATCH: [ 375,1050]   | LOSS: 57.7973   --  12.96s
[Sun, 22 Jan 2023 00:40:08] INFO :: EPOCH: [  1,  1]   | MINI-BATCH: [ 380,1050]   | LOSS: 57.7463   --  13.13s
[Sun, 22 Jan 2023 00:40:09] INFO :: EPOCH: [  1,  1]   | MINI-BATCH: [ 385,1050]   | LOSS: 57.5929   --  13.30s
[Sun, 22 Jan 2023 00:40:09] INFO :: EPOCH: [  1,  1]   | MINI-BATCH: [ 390,1050]   | LOSS: 57.7363   --  13.48s
[Sun, 22 Jan 2023 00:40:09] INFO :: EPOCH: [  1,  1]   | MINI-BATCH: [ 395,1050]   | LOSS: 57.7784   --  13.65s
[Sun, 22 Jan 2023 00:40:09] INFO :: EPOCH: [  1,  1]   | MINI-BATCH: [ 400,1050]   | LOSS: 57.4286   --  13.82s
[Sun, 22 Jan 2023 00:40:09] INFO :: EPOCH: [  1,  1]   | MINI-BATCH: [ 405,1050]   | LOSS: 57.3348   --  13.99s
[Sun, 22 Jan 2023 00:40:09] INFO :: EPOCH: [  1,  1]   | MINI-BATCH: [ 410,1050]   | LOSS: 57.3643   --  14.17s
[Sun, 22 Jan 2023 00:40:10] INFO :: EPOCH: [  1,  1]   | MINI-BATCH: [ 415,1050]   | LOSS: 57.6516   --  14.34s
[Sun, 22 Jan 2023 00:40:10] INFO :: EPOCH: [  1,  1]   | MINI-BATCH: [ 420,1050]   | LOSS: 57.5152   --  14.51s
[Sun, 22 Jan 2023 00:40:10] INFO :: EPOCH: [  1,  1]   | MINI-BATCH: [ 425,1050]   | LOSS: 57.5744   --  14.68s
[Sun, 22 Jan 2023 00:40:10] INFO :: EPOCH: [  1,  1]   | MINI-BATCH: [ 430,1050]   | LOSS: 57.7451   --  14.86s
[Sun, 22 Jan 2023 00:40:10] INFO :: EPOCH: [  1,  1]   | MINI-BATCH: [ 435,1050]   | LOSS: 57.4243   --  15.03s
[Sun, 22 Jan 2023 00:40:11] INFO :: EPOCH: [  1,  1]   | MINI-BATCH: [ 440,1050]   | LOSS: 57.4991   --  15.22s
[Sun, 22 Jan 2023 00:40:11] INFO :: EPOCH: [  1,  1]   | MINI-BATCH: [ 445,1050]   | LOSS: 57.4483   --  15.39s
[Sun, 22 Jan 2023 00:40:11] INFO :: EPOCH: [  1,  1]   | MINI-BATCH: [ 450,1050]   | LOSS: 57.6980   --  15.56s
[Sun, 22 Jan 2023 00:40:11] INFO :: EPOCH: [  1,  1]   | MINI-BATCH: [ 455,1050]   | LOSS: 57.7248   --  15.73s
[Sun, 22 Jan 2023 00:40:11] INFO :: EPOCH: [  1,  1]   | MINI-BATCH: [ 460,1050]   | LOSS: 57.6413   --  15.91s
[Sun, 22 Jan 2023 00:40:11] INFO :: EPOCH: [  1,  1]   | MINI-BATCH: [ 465,1050]   | LOSS: 57.4491   --  16.08s
[Sun, 22 Jan 2023 00:40:12] INFO :: EPOCH: [  1,  1]   | MINI-BATCH: [ 470,1050]   | LOSS: 57.3169   --  16.25s
[Sun, 22 Jan 2023 00:40:12] INFO :: EPOCH: [  1,  1]   | MINI-BATCH: [ 475,1050]   | LOSS: 57.3189   --  16.42s
[Sun, 22 Jan 2023 00:40:12] INFO :: EPOCH: [  1,  1]   | MINI-BATCH: [ 480,1050]   | LOSS: 57.7437   --  16.59s
[Sun, 22 Jan 2023 00:40:12] INFO :: EPOCH: [  1,  1]   | MINI-BATCH: [ 485,1050]   | LOSS: 57.3673   --  16.76s
[Sun, 22 Jan 2023 00:40:12] INFO :: EPOCH: [  1,  1]   | MINI-BATCH: [ 490,1050]   | LOSS: 57.6247   --  16.93s
[Sun, 22 Jan 2023 00:40:12] INFO :: EPOCH: [  1,  1]   | MINI-BATCH: [ 495,1050]   | LOSS: 57.6794   --  17.11s
[Sun, 22 Jan 2023 00:40:13] INFO :: EPOCH: [  1,  1]   | MINI-BATCH: [ 500,1050]   | LOSS: 57.3623   --  17.28s
[Sun, 22 Jan 2023 00:40:13] INFO :: EPOCH: [  1,  1]   | MINI-BATCH: [ 505,1050]   | LOSS: 57.3173   --  17.45s
[Sun, 22 Jan 2023 00:40:13] INFO :: EPOCH: [  1,  1]   | MINI-BATCH: [ 510,1050]   | LOSS: 57.4228   --  17.62s
[Sun, 22 Jan 2023 00:40:13] INFO :: EPOCH: [  1,  1]   | MINI-BATCH: [ 515,1050]   | LOSS: 57.5611   --  17.79s
[Sun, 22 Jan 2023 00:40:13] INFO :: EPOCH: [  1,  1]   | MINI-BATCH: [ 520,1050]   | LOSS: 57.5727   --  17.97s
[Sun, 22 Jan 2023 00:40:13] INFO :: EPOCH: [  1,  1]   | MINI-BATCH: [ 525,1050]   | LOSS: 57.3833   --  18.14s
[Sun, 22 Jan 2023 00:40:14] INFO :: EPOCH: [  1,  1]   | MINI-BATCH: [ 530,1050]   | LOSS: 57.5537   --  18.32s
[Sun, 22 Jan 2023 00:40:14] INFO :: EPOCH: [  1,  1]   | MINI-BATCH: [ 535,1050]   | LOSS: 57.7550   --  18.49s
[Sun, 22 Jan 2023 00:40:14] INFO :: EPOCH: [  1,  1]   | MINI-BATCH: [ 540,1050]   | LOSS: 57.3426   --  18.66s
[Sun, 22 Jan 2023 00:40:14] INFO :: EPOCH: [  1,  1]   | MINI-BATCH: [ 545,1050]   | LOSS: 57.2237   --  18.84s
[Sun, 22 Jan 2023 00:40:14] INFO :: EPOCH: [  1,  1]   | MINI-BATCH: [ 550,1050]   | LOSS: 57.4732   --  19.01s
[Sun, 22 Jan 2023 00:40:14] INFO :: EPOCH: [  1,  1]   | MINI-BATCH: [ 555,1050]   | LOSS: 57.2920   --  19.18s
[Sun, 22 Jan 2023 00:40:15] INFO :: EPOCH: [  1,  1]   | MINI-BATCH: [ 560,1050]   | LOSS: 57.2584   --  19.36s
[Sun, 22 Jan 2023 00:40:15] INFO :: EPOCH: [  1,  1]   | MINI-BATCH: [ 565,1050]   | LOSS: 57.4217   --  19.53s
[Sun, 22 Jan 2023 00:40:15] INFO :: EPOCH: [  1,  1]   | MINI-BATCH: [ 570,1050]   | LOSS: 57.6056   --  19.70s
[Sun, 22 Jan 2023 00:40:15] INFO :: EPOCH: [  1,  1]   | MINI-BATCH: [ 575,1050]   | LOSS: 57.3952   --  19.87s
[Sun, 22 Jan 2023 00:40:15] INFO :: EPOCH: [  1,  1]   | MINI-BATCH: [ 580,1050]   | LOSS: 57.3741   --  20.05s
[Sun, 22 Jan 2023 00:40:16] INFO :: EPOCH: [  1,  1]   | MINI-BATCH: [ 585,1050]   | LOSS: 57.2937   --  20.21s
[Sun, 22 Jan 2023 00:40:16] INFO :: EPOCH: [  1,  1]   | MINI-BATCH: [ 590,1050]   | LOSS: 57.5232   --  20.38s
[Sun, 22 Jan 2023 00:40:16] INFO :: EPOCH: [  1,  1]   | MINI-BATCH: [ 595,1050]   | LOSS: 57.4381   --  20.57s
[Sun, 22 Jan 2023 00:40:16] INFO :: EPOCH: [  1,  1]   | MINI-BATCH: [ 600,1050]   | LOSS: 57.5779   --  20.73s
[Sun, 22 Jan 2023 00:40:16] INFO :: EPOCH: [  1,  1]   | MINI-BATCH: [ 605,1050]   | LOSS: 57.9197   --  20.90s
[Sun, 22 Jan 2023 00:40:16] INFO :: EPOCH: [  1,  1]   | MINI-BATCH: [ 610,1050]   | LOSS: 57.3405   --  21.07s
[Sun, 22 Jan 2023 00:40:17] INFO :: EPOCH: [  1,  1]   | MINI-BATCH: [ 615,1050]   | LOSS: 57.2395   --  21.25s
[Sun, 22 Jan 2023 00:40:17] INFO :: EPOCH: [  1,  1]   | MINI-BATCH: [ 620,1050]   | LOSS: 57.7811   --  21.42s
[Sun, 22 Jan 2023 00:40:17] INFO :: EPOCH: [  1,  1]   | MINI-BATCH: [ 625,1050]   | LOSS: 57.3048   --  21.59s
[Sun, 22 Jan 2023 00:40:17] INFO :: EPOCH: [  1,  1]   | MINI-BATCH: [ 630,1050]   | LOSS: 57.3312   --  21.75s
[Sun, 22 Jan 2023 00:40:17] INFO :: EPOCH: [  1,  1]   | MINI-BATCH: [ 635,1050]   | LOSS: 57.5074   --  21.92s
[Sun, 22 Jan 2023 00:40:17] INFO :: EPOCH: [  1,  1]   | MINI-BATCH: [ 640,1050]   | LOSS: 57.3874   --  22.09s
[Sun, 22 Jan 2023 00:40:18] INFO :: EPOCH: [  1,  1]   | MINI-BATCH: [ 645,1050]   | LOSS: 57.3171   --  22.27s
[Sun, 22 Jan 2023 00:40:18] INFO :: EPOCH: [  1,  1]   | MINI-BATCH: [ 650,1050]   | LOSS: 57.3789   --  22.43s
[Sun, 22 Jan 2023 00:40:18] INFO :: EPOCH: [  1,  1]   | MINI-BATCH: [ 655,1050]   | LOSS: 57.1317   --  22.60s
[Sun, 22 Jan 2023 00:40:18] INFO :: EPOCH: [  1,  1]   | MINI-BATCH: [ 660,1050]   | LOSS: 57.2989   --  22.77s
[Sun, 22 Jan 2023 00:40:18] INFO :: EPOCH: [  1,  1]   | MINI-BATCH: [ 665,1050]   | LOSS: 57.2316   --  22.95s
[Sun, 22 Jan 2023 00:40:18] INFO :: EPOCH: [  1,  1]   | MINI-BATCH: [ 670,1050]   | LOSS: 57.4370   --  23.12s
[Sun, 22 Jan 2023 00:40:19] INFO :: EPOCH: [  1,  1]   | MINI-BATCH: [ 675,1050]   | LOSS: 57.2453   --  23.29s
[Sun, 22 Jan 2023 00:40:19] INFO :: EPOCH: [  1,  1]   | MINI-BATCH: [ 680,1050]   | LOSS: 57.4564   --  23.46s
[Sun, 22 Jan 2023 00:40:19] INFO :: EPOCH: [  1,  1]   | MINI-BATCH: [ 685,1050]   | LOSS: 57.3998   --  23.63s
[Sun, 22 Jan 2023 00:40:19] INFO :: EPOCH: [  1,  1]   | MINI-BATCH: [ 690,1050]   | LOSS: 57.5057   --  23.80s
[Sun, 22 Jan 2023 00:40:19] INFO :: EPOCH: [  1,  1]   | MINI-BATCH: [ 695,1050]   | LOSS: 57.5797   --  23.97s
[Sun, 22 Jan 2023 00:40:19] INFO :: EPOCH: [  1,  1]   | MINI-BATCH: [ 700,1050]   | LOSS: 57.2352   --  24.14s
[Sun, 22 Jan 2023 00:40:20] INFO :: EPOCH: [  1,  1]   | MINI-BATCH: [ 705,1050]   | LOSS: 57.7836   --  24.32s
[Sun, 22 Jan 2023 00:40:20] INFO :: EPOCH: [  1,  1]   | MINI-BATCH: [ 710,1050]   | LOSS: 57.3404   --  24.49s
[Sun, 22 Jan 2023 00:40:20] INFO :: EPOCH: [  1,  1]   | MINI-BATCH: [ 715,1050]   | LOSS: 57.5058   --  24.66s
[Sun, 22 Jan 2023 00:40:20] INFO :: EPOCH: [  1,  1]   | MINI-BATCH: [ 720,1050]   | LOSS: 57.4315   --  24.83s
[Sun, 22 Jan 2023 00:40:20] INFO :: EPOCH: [  1,  1]   | MINI-BATCH: [ 725,1050]   | LOSS: 57.3417   --  25.00s
[Sun, 22 Jan 2023 00:40:20] INFO :: EPOCH: [  1,  1]   | MINI-BATCH: [ 730,1050]   | LOSS: 57.3410   --  25.17s
[Sun, 22 Jan 2023 00:40:21] INFO :: EPOCH: [  1,  1]   | MINI-BATCH: [ 735,1050]   | LOSS: 57.1302   --  25.35s
[Sun, 22 Jan 2023 00:40:21] INFO :: EPOCH: [  1,  1]   | MINI-BATCH: [ 740,1050]   | LOSS: 57.4828   --  25.53s
[Sun, 22 Jan 2023 00:40:21] INFO :: EPOCH: [  1,  1]   | MINI-BATCH: [ 745,1050]   | LOSS: 57.2425   --  25.70s
[Sun, 22 Jan 2023 00:40:21] INFO :: EPOCH: [  1,  1]   | MINI-BATCH: [ 750,1050]   | LOSS: 57.2393   --  25.88s
[Sun, 22 Jan 2023 00:40:21] INFO :: EPOCH: [  1,  1]   | MINI-BATCH: [ 755,1050]   | LOSS: 57.6097   --  26.06s
[Sun, 22 Jan 2023 00:40:22] INFO :: EPOCH: [  1,  1]   | MINI-BATCH: [ 760,1050]   | LOSS: 57.5450   --  26.23s
[Sun, 22 Jan 2023 00:40:22] INFO :: EPOCH: [  1,  1]   | MINI-BATCH: [ 765,1050]   | LOSS: 57.3338   --  26.41s
[Sun, 22 Jan 2023 00:40:22] INFO :: EPOCH: [  1,  1]   | MINI-BATCH: [ 770,1050]   | LOSS: 57.0962   --  26.58s
[Sun, 22 Jan 2023 00:40:22] INFO :: EPOCH: [  1,  1]   | MINI-BATCH: [ 775,1050]   | LOSS: 57.2626   --  26.75s
[Sun, 22 Jan 2023 00:40:22] INFO :: EPOCH: [  1,  1]   | MINI-BATCH: [ 780,1050]   | LOSS: 57.4933   --  26.93s
[Sun, 22 Jan 2023 00:40:22] INFO :: EPOCH: [  1,  1]   | MINI-BATCH: [ 785,1050]   | LOSS: 57.4863   --  27.10s
[Sun, 22 Jan 2023 00:40:23] INFO :: EPOCH: [  1,  1]   | MINI-BATCH: [ 790,1050]   | LOSS: 57.2590   --  27.28s
[Sun, 22 Jan 2023 00:40:23] INFO :: EPOCH: [  1,  1]   | MINI-BATCH: [ 795,1050]   | LOSS: 57.3479   --  27.45s
[Sun, 22 Jan 2023 00:40:23] INFO :: EPOCH: [  1,  1]   | MINI-BATCH: [ 800,1050]   | LOSS: 57.2762   --  27.62s
[Sun, 22 Jan 2023 00:40:23] INFO :: EPOCH: [  1,  1]   | MINI-BATCH: [ 805,1050]   | LOSS: 57.3946   --  27.80s
[Sun, 22 Jan 2023 00:40:23] INFO :: EPOCH: [  1,  1]   | MINI-BATCH: [ 810,1050]   | LOSS: 57.3272   --  27.97s
[Sun, 22 Jan 2023 00:40:23] INFO :: EPOCH: [  1,  1]   | MINI-BATCH: [ 815,1050]   | LOSS: 57.6038   --  28.14s
[Sun, 22 Jan 2023 00:40:24] INFO :: EPOCH: [  1,  1]   | MINI-BATCH: [ 820,1050]   | LOSS: 57.3405   --  28.32s
[Sun, 22 Jan 2023 00:40:24] INFO :: EPOCH: [  1,  1]   | MINI-BATCH: [ 825,1050]   | LOSS: 57.2453   --  28.49s
[Sun, 22 Jan 2023 00:40:24] INFO :: EPOCH: [  1,  1]   | MINI-BATCH: [ 830,1050]   | LOSS: 57.5440   --  28.66s
[Sun, 22 Jan 2023 00:40:24] INFO :: EPOCH: [  1,  1]   | MINI-BATCH: [ 835,1050]   | LOSS: 57.1508   --  28.84s
[Sun, 22 Jan 2023 00:40:24] INFO :: EPOCH: [  1,  1]   | MINI-BATCH: [ 840,1050]   | LOSS: 57.2991   --  29.01s
[Sun, 22 Jan 2023 00:40:24] INFO :: EPOCH: [  1,  1]   | MINI-BATCH: [ 845,1050]   | LOSS: 57.4120   --  29.18s
[Sun, 22 Jan 2023 00:40:25] INFO :: EPOCH: [  1,  1]   | MINI-BATCH: [ 850,1050]   | LOSS: 57.4237   --  29.36s
[Sun, 22 Jan 2023 00:40:25] INFO :: EPOCH: [  1,  1]   | MINI-BATCH: [ 855,1050]   | LOSS: 57.3304   --  29.53s
[Sun, 22 Jan 2023 00:40:25] INFO :: EPOCH: [  1,  1]   | MINI-BATCH: [ 860,1050]   | LOSS: 57.4160   --  29.71s
[Sun, 22 Jan 2023 00:40:25] INFO :: EPOCH: [  1,  1]   | MINI-BATCH: [ 865,1050]   | LOSS: 57.4149   --  29.88s
[Sun, 22 Jan 2023 00:40:25] INFO :: EPOCH: [  1,  1]   | MINI-BATCH: [ 870,1050]   | LOSS: 57.4228   --  30.05s
[Sun, 22 Jan 2023 00:40:26] INFO :: EPOCH: [  1,  1]   | MINI-BATCH: [ 875,1050]   | LOSS: 57.5228   --  30.23s
[Sun, 22 Jan 2023 00:40:26] INFO :: EPOCH: [  1,  1]   | MINI-BATCH: [ 880,1050]   | LOSS: 57.3589   --  30.40s
[Sun, 22 Jan 2023 00:40:26] INFO :: EPOCH: [  1,  1]   | MINI-BATCH: [ 885,1050]   | LOSS: 57.2560   --  30.57s
[Sun, 22 Jan 2023 00:40:26] INFO :: EPOCH: [  1,  1]   | MINI-BATCH: [ 890,1050]   | LOSS: 57.4056   --  30.74s
[Sun, 22 Jan 2023 00:40:26] INFO :: EPOCH: [  1,  1]   | MINI-BATCH: [ 895,1050]   | LOSS: 57.7383   --  30.92s
[Sun, 22 Jan 2023 00:40:26] INFO :: EPOCH: [  1,  1]   | MINI-BATCH: [ 900,1050]   | LOSS: 57.5160   --  31.10s
[Sun, 22 Jan 2023 00:40:27] INFO :: EPOCH: [  1,  1]   | MINI-BATCH: [ 905,1050]   | LOSS: 57.2998   --  31.27s
[Sun, 22 Jan 2023 00:40:27] INFO :: EPOCH: [  1,  1]   | MINI-BATCH: [ 910,1050]   | LOSS: 57.5679   --  31.44s
[Sun, 22 Jan 2023 00:40:27] INFO :: EPOCH: [  1,  1]   | MINI-BATCH: [ 915,1050]   | LOSS: 57.5572   --  31.62s
[Sun, 22 Jan 2023 00:40:27] INFO :: EPOCH: [  1,  1]   | MINI-BATCH: [ 920,1050]   | LOSS: 57.9317   --  31.78s
[Sun, 22 Jan 2023 00:40:27] INFO :: EPOCH: [  1,  1]   | MINI-BATCH: [ 925,1050]   | LOSS: 57.5711   --  31.95s
[Sun, 22 Jan 2023 00:40:27] INFO :: EPOCH: [  1,  1]   | MINI-BATCH: [ 930,1050]   | LOSS: 57.6740   --  32.13s
[Sun, 22 Jan 2023 00:40:28] INFO :: EPOCH: [  1,  1]   | MINI-BATCH: [ 935,1050]   | LOSS: 57.3799   --  32.30s
[Sun, 22 Jan 2023 00:40:28] INFO :: EPOCH: [  1,  1]   | MINI-BATCH: [ 940,1050]   | LOSS: 57.5057   --  32.48s
[Sun, 22 Jan 2023 00:40:28] INFO :: EPOCH: [  1,  1]   | MINI-BATCH: [ 945,1050]   | LOSS: 57.4834   --  32.65s
[Sun, 22 Jan 2023 00:40:28] INFO :: EPOCH: [  1,  1]   | MINI-BATCH: [ 950,1050]   | LOSS: 57.4311   --  32.82s
[Sun, 22 Jan 2023 00:40:28] INFO :: EPOCH: [  1,  1]   | MINI-BATCH: [ 955,1050]   | LOSS: 57.2427   --  32.99s
[Sun, 22 Jan 2023 00:40:28] INFO :: EPOCH: [  1,  1]   | MINI-BATCH: [ 960,1050]   | LOSS: 57.3536   --  33.17s
[Sun, 22 Jan 2023 00:40:29] INFO :: EPOCH: [  1,  1]   | MINI-BATCH: [ 965,1050]   | LOSS: 57.2045   --  33.34s
[Sun, 22 Jan 2023 00:40:29] INFO :: EPOCH: [  1,  1]   | MINI-BATCH: [ 970,1050]   | LOSS: 57.5540   --  33.51s
[Sun, 22 Jan 2023 00:40:29] INFO :: EPOCH: [  1,  1]   | MINI-BATCH: [ 975,1050]   | LOSS: 57.2709   --  33.68s
[Sun, 22 Jan 2023 00:40:29] INFO :: EPOCH: [  1,  1]   | MINI-BATCH: [ 980,1050]   | LOSS: 57.3634   --  33.86s
[Sun, 22 Jan 2023 00:40:29] INFO :: EPOCH: [  1,  1]   | MINI-BATCH: [ 985,1050]   | LOSS: 57.3370   --  34.03s
[Sun, 22 Jan 2023 00:40:29] INFO :: EPOCH: [  1,  1]   | MINI-BATCH: [ 990,1050]   | LOSS: 57.1383   --  34.20s
[Sun, 22 Jan 2023 00:40:30] INFO :: EPOCH: [  1,  1]   | MINI-BATCH: [ 995,1050]   | LOSS: 57.3718   --  34.38s
[Sun, 22 Jan 2023 00:40:30] INFO :: EPOCH: [  1,  1]   | MINI-BATCH: [1000,1050]   | LOSS: 57.5269   --  34.56s
[Sun, 22 Jan 2023 00:40:30] INFO :: EPOCH: [  1,  1]   | MINI-BATCH: [1005,1050]   | LOSS: 57.1856   --  34.73s
[Sun, 22 Jan 2023 00:40:30] INFO :: EPOCH: [  1,  1]   | MINI-BATCH: [1010,1050]   | LOSS: 57.2626   --  34.90s
[Sun, 22 Jan 2023 00:40:30] INFO :: EPOCH: [  1,  1]   | MINI-BATCH: [1015,1050]   | LOSS: 57.1705   --  35.07s
[Sun, 22 Jan 2023 00:40:31] INFO :: EPOCH: [  1,  1]   | MINI-BATCH: [1020,1050]   | LOSS: 57.1778   --  35.25s
[Sun, 22 Jan 2023 00:40:31] INFO :: EPOCH: [  1,  1]   | MINI-BATCH: [1025,1050]   | LOSS: 57.4005   --  35.42s
[Sun, 22 Jan 2023 00:40:31] INFO :: EPOCH: [  1,  1]   | MINI-BATCH: [1030,1050]   | LOSS: 57.3921   --  35.59s
[Sun, 22 Jan 2023 00:40:31] INFO :: EPOCH: [  1,  1]   | MINI-BATCH: [1035,1050]   | LOSS: 57.3631   --  35.77s
[Sun, 22 Jan 2023 00:40:31] INFO :: EPOCH: [  1,  1]   | MINI-BATCH: [1040,1050]   | LOSS: 57.3566   --  35.95s
[Sun, 22 Jan 2023 00:40:31] INFO :: EPOCH: [  1,  1]   | MINI-BATCH: [1045,1050]   | LOSS: 57.2321   --  36.12s
[Sun, 22 Jan 2023 00:40:32] INFO :: EPOCH: [  1,  1]   | MINI-BATCH: [1050,1050]   | LOSS: 57.3340   --  36.29s
[Sun, 22 Jan 2023 00:40:36] INFO :: EPOCH: [  1,  1]   | VAL-ACCURACY: 0.9878      | VAL-LOSS: 57.2477   --  41.02s
