[Sun, 22 Jan 2023 00:39:13] INFO :: START EPOCH - 1
[Sun, 22 Jan 2023 00:39:13] INFO :: EPOCH: [  1,  1]   | MINI-BATCH: [   5,1050]   | LOSS: 75.2626   --  0.67s
[Sun, 22 Jan 2023 00:39:13] INFO :: EPOCH: [  1,  1]   | MINI-BATCH: [  10,1050]   | LOSS: 74.2478   --  0.86s
[Sun, 22 Jan 2023 00:39:14] INFO :: EPOCH: [  1,  1]   | MINI-BATCH: [  15,1050]   | LOSS: 72.7380   --  1.08s
[Sun, 22 Jan 2023 00:39:14] INFO :: EPOCH: [  1,  1]   | MINI-BATCH: [  20,1050]   | LOSS: 70.8372   --  1.28s
[Sun, 22 Jan 2023 00:39:14] INFO :: EPOCH: [  1,  1]   | MINI-BATCH: [  25,1050]   | LOSS: 68.5860   --  1.49s
[Sun, 22 Jan 2023 00:39:14] INFO :: EPOCH: [  1,  1]   | MINI-BATCH: [  30,1050]   | LOSS: 68.7141   --  1.68s
[Sun, 22 Jan 2023 00:39:14] INFO :: EPOCH: [  1,  1]   | MINI-BATCH: [  35,1050]   | LOSS: 67.9278   --  1.88s
[Sun, 22 Jan 2023 00:39:15] INFO :: EPOCH: [  1,  1]   | MINI-BATCH: [  40,1050]   | LOSS: 66.9816   --  2.06s
[Sun, 22 Jan 2023 00:39:15] INFO :: EPOCH: [  1,  1]   | MINI-BATCH: [  45,1050]   | LOSS: 66.4288   --  2.24s
[Sun, 22 Jan 2023 00:39:15] INFO :: EPOCH: [  1,  1]   | MINI-BATCH: [  50,1050]   | LOSS: 66.1323   --  2.42s
[Sun, 22 Jan 2023 00:39:15] INFO :: EPOCH: [  1,  1]   | MINI-BATCH: [  55,1050]   | LOSS: 64.5490   --  2.61s
[Sun, 22 Jan 2023 00:39:15] INFO :: EPOCH: [  1,  1]   | MINI-BATCH: [  60,1050]   | LOSS: 64.2438   --  2.79s
[Sun, 22 Jan 2023 00:39:16] INFO :: EPOCH: [  1,  1]   | MINI-BATCH: [  65,1050]   | LOSS: 64.2415   --  2.98s
[Sun, 22 Jan 2023 00:39:16] INFO :: EPOCH: [  1,  1]   | MINI-BATCH: [  70,1050]   | LOSS: 63.9723   --  3.17s
[Sun, 22 Jan 2023 00:39:16] INFO :: EPOCH: [  1,  1]   | MINI-BATCH: [  75,1050]   | LOSS: 62.8282   --  3.35s
[Sun, 22 Jan 2023 00:39:16] INFO :: EPOCH: [  1,  1]   | MINI-BATCH: [  80,1050]   | LOSS: 63.2290   --  3.52s
[Sun, 22 Jan 2023 00:39:16] INFO :: EPOCH: [  1,  1]   | MINI-BATCH: [  85,1050]   | LOSS: 62.7460   --  3.71s
[Sun, 22 Jan 2023 00:39:16] INFO :: EPOCH: [  1,  1]   | MINI-BATCH: [  90,1050]   | LOSS: 62.3698   --  3.90s
[Sun, 22 Jan 2023 00:39:17] INFO :: EPOCH: [  1,  1]   | MINI-BATCH: [  95,1050]   | LOSS: 62.1247   --  4.08s
[Sun, 22 Jan 2023 00:39:17] INFO :: EPOCH: [  1,  1]   | MINI-BATCH: [ 100,1050]   | LOSS: 61.7218   --  4.27s
[Sun, 22 Jan 2023 00:39:17] INFO :: EPOCH: [  1,  1]   | MINI-BATCH: [ 105,1050]   | LOSS: 61.6028   --  4.45s
[Sun, 22 Jan 2023 00:39:17] INFO :: EPOCH: [  1,  1]   | MINI-BATCH: [ 110,1050]   | LOSS: 61.5926   --  4.63s
[Sun, 22 Jan 2023 00:39:17] INFO :: EPOCH: [  1,  1]   | MINI-BATCH: [ 115,1050]   | LOSS: 61.3994   --  4.82s
[Sun, 22 Jan 2023 00:39:18] INFO :: EPOCH: [  1,  1]   | MINI-BATCH: [ 120,1050]   | LOSS: 61.6301   --  5.01s
[Sun, 22 Jan 2023 00:39:18] INFO :: EPOCH: [  1,  1]   | MINI-BATCH: [ 125,1050]   | LOSS: 61.0216   --  5.19s
[Sun, 22 Jan 2023 00:39:18] INFO :: EPOCH: [  1,  1]   | MINI-BATCH: [ 130,1050]   | LOSS: 60.7896   --  5.38s
[Sun, 22 Jan 2023 00:39:18] INFO :: EPOCH: [  1,  1]   | MINI-BATCH: [ 135,1050]   | LOSS: 60.4991   --  5.56s
[Sun, 22 Jan 2023 00:39:18] INFO :: EPOCH: [  1,  1]   | MINI-BATCH: [ 140,1050]   | LOSS: 60.6386   --  5.74s
[Sun, 22 Jan 2023 00:39:18] INFO :: EPOCH: [  1,  1]   | MINI-BATCH: [ 145,1050]   | LOSS: 60.5293   --  5.93s
[Sun, 22 Jan 2023 00:39:19] INFO :: EPOCH: [  1,  1]   | MINI-BATCH: [ 150,1050]   | LOSS: 60.9876   --  6.12s
[Sun, 22 Jan 2023 00:39:19] INFO :: EPOCH: [  1,  1]   | MINI-BATCH: [ 155,1050]   | LOSS: 60.4984   --  6.30s
[Sun, 22 Jan 2023 00:39:19] INFO :: EPOCH: [  1,  1]   | MINI-BATCH: [ 160,1050]   | LOSS: 60.2530   --  6.49s
[Sun, 22 Jan 2023 00:39:19] INFO :: EPOCH: [  1,  1]   | MINI-BATCH: [ 165,1050]   | LOSS: 60.0069   --  6.68s
[Sun, 22 Jan 2023 00:39:19] INFO :: EPOCH: [  1,  1]   | MINI-BATCH: [ 170,1050]   | LOSS: 60.1296   --  6.86s
[Sun, 22 Jan 2023 00:39:20] INFO :: EPOCH: [  1,  1]   | MINI-BATCH: [ 175,1050]   | LOSS: 59.7793   --  7.04s
[Sun, 22 Jan 2023 00:39:20] INFO :: EPOCH: [  1,  1]   | MINI-BATCH: [ 180,1050]   | LOSS: 59.8867   --  7.22s
[Sun, 22 Jan 2023 00:39:20] INFO :: EPOCH: [  1,  1]   | MINI-BATCH: [ 185,1050]   | LOSS: 60.1588   --  7.39s
[Sun, 22 Jan 2023 00:39:20] INFO :: EPOCH: [  1,  1]   | MINI-BATCH: [ 190,1050]   | LOSS: 59.8177   --  7.57s
[Sun, 22 Jan 2023 00:39:20] INFO :: EPOCH: [  1,  1]   | MINI-BATCH: [ 195,1050]   | LOSS: 59.5269   --  7.75s
[Sun, 22 Jan 2023 00:39:20] INFO :: EPOCH: [  1,  1]   | MINI-BATCH: [ 200,1050]   | LOSS: 60.0854   --  7.93s
[Sun, 22 Jan 2023 00:39:21] INFO :: EPOCH: [  1,  1]   | MINI-BATCH: [ 205,1050]   | LOSS: 59.1689   --  8.12s
[Sun, 22 Jan 2023 00:39:21] INFO :: EPOCH: [  1,  1]   | MINI-BATCH: [ 210,1050]   | LOSS: 60.2746   --  8.30s
[Sun, 22 Jan 2023 00:39:21] INFO :: EPOCH: [  1,  1]   | MINI-BATCH: [ 215,1050]   | LOSS: 59.9288   --  8.48s
[Sun, 22 Jan 2023 00:39:21] INFO :: EPOCH: [  1,  1]   | MINI-BATCH: [ 220,1050]   | LOSS: 59.7393   --  8.65s
[Sun, 22 Jan 2023 00:39:21] INFO :: EPOCH: [  1,  1]   | MINI-BATCH: [ 225,1050]   | LOSS: 59.4152   --  8.83s
[Sun, 22 Jan 2023 00:39:22] INFO :: EPOCH: [  1,  1]   | MINI-BATCH: [ 230,1050]   | LOSS: 59.4643   --  9.01s
[Sun, 22 Jan 2023 00:39:22] INFO :: EPOCH: [  1,  1]   | MINI-BATCH: [ 235,1050]   | LOSS: 59.1155   --  9.18s
[Sun, 22 Jan 2023 00:39:22] INFO :: EPOCH: [  1,  1]   | MINI-BATCH: [ 240,1050]   | LOSS: 59.5077   --  9.36s
[Sun, 22 Jan 2023 00:39:22] INFO :: EPOCH: [  1,  1]   | MINI-BATCH: [ 245,1050]   | LOSS: 59.3369   --  9.54s
[Sun, 22 Jan 2023 00:39:22] INFO :: EPOCH: [  1,  1]   | MINI-BATCH: [ 250,1050]   | LOSS: 59.0034   --  9.71s
[Sun, 22 Jan 2023 00:39:22] INFO :: EPOCH: [  1,  1]   | MINI-BATCH: [ 255,1050]   | LOSS: 59.2988   --  9.90s
[Sun, 22 Jan 2023 00:39:23] INFO :: EPOCH: [  1,  1]   | MINI-BATCH: [ 260,1050]   | LOSS: 59.0315   --  10.09s
[Sun, 22 Jan 2023 00:39:23] INFO :: EPOCH: [  1,  1]   | MINI-BATCH: [ 265,1050]   | LOSS: 59.4036   --  10.26s
[Sun, 22 Jan 2023 00:39:23] INFO :: EPOCH: [  1,  1]   | MINI-BATCH: [ 270,1050]   | LOSS: 59.1496   --  10.44s
[Sun, 22 Jan 2023 00:39:23] INFO :: EPOCH: [  1,  1]   | MINI-BATCH: [ 275,1050]   | LOSS: 59.4361   --  10.61s
[Sun, 22 Jan 2023 00:39:23] INFO :: EPOCH: [  1,  1]   | MINI-BATCH: [ 280,1050]   | LOSS: 58.7864   --  10.79s
[Sun, 22 Jan 2023 00:39:24] INFO :: EPOCH: [  1,  1]   | MINI-BATCH: [ 285,1050]   | LOSS: 58.7406   --  10.97s
[Sun, 22 Jan 2023 00:39:24] INFO :: EPOCH: [  1,  1]   | MINI-BATCH: [ 290,1050]   | LOSS: 59.2810   --  11.14s
[Sun, 22 Jan 2023 00:39:24] INFO :: EPOCH: [  1,  1]   | MINI-BATCH: [ 295,1050]   | LOSS: 58.7915   --  11.33s
[Sun, 22 Jan 2023 00:39:24] INFO :: EPOCH: [  1,  1]   | MINI-BATCH: [ 300,1050]   | LOSS: 58.6803   --  11.51s
[Sun, 22 Jan 2023 00:39:24] INFO :: EPOCH: [  1,  1]   | MINI-BATCH: [ 305,1050]   | LOSS: 58.6020   --  11.69s
[Sun, 22 Jan 2023 00:39:24] INFO :: EPOCH: [  1,  1]   | MINI-BATCH: [ 310,1050]   | LOSS: 59.2170   --  11.87s
[Sun, 22 Jan 2023 00:39:25] INFO :: EPOCH: [  1,  1]   | MINI-BATCH: [ 315,1050]   | LOSS: 59.7152   --  12.05s
[Sun, 22 Jan 2023 00:39:25] INFO :: EPOCH: [  1,  1]   | MINI-BATCH: [ 320,1050]   | LOSS: 58.8425   --  12.23s
[Sun, 22 Jan 2023 00:39:25] INFO :: EPOCH: [  1,  1]   | MINI-BATCH: [ 325,1050]   | LOSS: 59.1479   --  12.41s
[Sun, 22 Jan 2023 00:39:25] INFO :: EPOCH: [  1,  1]   | MINI-BATCH: [ 330,1050]   | LOSS: 58.9413   --  12.58s
[Sun, 22 Jan 2023 00:39:25] INFO :: EPOCH: [  1,  1]   | MINI-BATCH: [ 335,1050]   | LOSS: 58.2962   --  12.76s
[Sun, 22 Jan 2023 00:39:25] INFO :: EPOCH: [  1,  1]   | MINI-BATCH: [ 340,1050]   | LOSS: 58.7228   --  12.94s
[Sun, 22 Jan 2023 00:39:26] INFO :: EPOCH: [  1,  1]   | MINI-BATCH: [ 345,1050]   | LOSS: 58.7129   --  13.12s
[Sun, 22 Jan 2023 00:39:26] INFO :: EPOCH: [  1,  1]   | MINI-BATCH: [ 350,1050]   | LOSS: 58.5588   --  13.30s
[Sun, 22 Jan 2023 00:39:26] INFO :: EPOCH: [  1,  1]   | MINI-BATCH: [ 355,1050]   | LOSS: 58.3447   --  13.48s
[Sun, 22 Jan 2023 00:39:26] INFO :: EPOCH: [  1,  1]   | MINI-BATCH: [ 360,1050]   | LOSS: 58.6663   --  13.66s
[Sun, 22 Jan 2023 00:39:26] INFO :: EPOCH: [  1,  1]   | MINI-BATCH: [ 365,1050]   | LOSS: 58.5404   --  13.85s
[Sun, 22 Jan 2023 00:39:27] INFO :: EPOCH: [  1,  1]   | MINI-BATCH: [ 370,1050]   | LOSS: 58.5290   --  14.03s
[Sun, 22 Jan 2023 00:39:27] INFO :: EPOCH: [  1,  1]   | MINI-BATCH: [ 375,1050]   | LOSS: 58.6422   --  14.22s
[Sun, 22 Jan 2023 00:39:27] INFO :: EPOCH: [  1,  1]   | MINI-BATCH: [ 380,1050]   | LOSS: 58.2234   --  14.40s
[Sun, 22 Jan 2023 00:39:27] INFO :: EPOCH: [  1,  1]   | MINI-BATCH: [ 385,1050]   | LOSS: 58.9028   --  14.58s
[Sun, 22 Jan 2023 00:39:27] INFO :: EPOCH: [  1,  1]   | MINI-BATCH: [ 390,1050]   | LOSS: 58.2181   --  14.76s
[Sun, 22 Jan 2023 00:39:27] INFO :: EPOCH: [  1,  1]   | MINI-BATCH: [ 395,1050]   | LOSS: 58.5676   --  14.94s
[Sun, 22 Jan 2023 00:39:28] INFO :: EPOCH: [  1,  1]   | MINI-BATCH: [ 400,1050]   | LOSS: 58.3995   --  15.12s
[Sun, 22 Jan 2023 00:39:28] INFO :: EPOCH: [  1,  1]   | MINI-BATCH: [ 405,1050]   | LOSS: 58.3821   --  15.32s
[Sun, 22 Jan 2023 00:39:28] INFO :: EPOCH: [  1,  1]   | MINI-BATCH: [ 410,1050]   | LOSS: 58.3492   --  15.50s
[Sun, 22 Jan 2023 00:39:28] INFO :: EPOCH: [  1,  1]   | MINI-BATCH: [ 415,1050]   | LOSS: 58.1896   --  15.68s
[Sun, 22 Jan 2023 00:39:28] INFO :: EPOCH: [  1,  1]   | MINI-BATCH: [ 420,1050]   | LOSS: 58.5092   --  15.86s
[Sun, 22 Jan 2023 00:39:29] INFO :: EPOCH: [  1,  1]   | MINI-BATCH: [ 425,1050]   | LOSS: 58.4043   --  16.04s
[Sun, 22 Jan 2023 00:39:29] INFO :: EPOCH: [  1,  1]   | MINI-BATCH: [ 430,1050]   | LOSS: 58.4872   --  16.21s
[Sun, 22 Jan 2023 00:39:29] INFO :: EPOCH: [  1,  1]   | MINI-BATCH: [ 435,1050]   | LOSS: 58.6092   --  16.40s
[Sun, 22 Jan 2023 00:39:29] INFO :: EPOCH: [  1,  1]   | MINI-BATCH: [ 440,1050]   | LOSS: 58.1772   --  16.59s
[Sun, 22 Jan 2023 00:39:29] INFO :: EPOCH: [  1,  1]   | MINI-BATCH: [ 445,1050]   | LOSS: 58.1978   --  16.77s
[Sun, 22 Jan 2023 00:39:29] INFO :: EPOCH: [  1,  1]   | MINI-BATCH: [ 450,1050]   | LOSS: 58.4234   --  16.95s
[Sun, 22 Jan 2023 00:39:30] INFO :: EPOCH: [  1,  1]   | MINI-BATCH: [ 455,1050]   | LOSS: 58.2100   --  17.13s
[Sun, 22 Jan 2023 00:39:30] INFO :: EPOCH: [  1,  1]   | MINI-BATCH: [ 460,1050]   | LOSS: 58.4869   --  17.31s
[Sun, 22 Jan 2023 00:39:30] INFO :: EPOCH: [  1,  1]   | MINI-BATCH: [ 465,1050]   | LOSS: 58.2022   --  17.50s
[Sun, 22 Jan 2023 00:39:30] INFO :: EPOCH: [  1,  1]   | MINI-BATCH: [ 470,1050]   | LOSS: 58.5729   --  17.68s
[Sun, 22 Jan 2023 00:39:30] INFO :: EPOCH: [  1,  1]   | MINI-BATCH: [ 475,1050]   | LOSS: 58.6687   --  17.87s
[Sun, 22 Jan 2023 00:39:31] INFO :: EPOCH: [  1,  1]   | MINI-BATCH: [ 480,1050]   | LOSS: 58.2402   --  18.05s
[Sun, 22 Jan 2023 00:39:31] INFO :: EPOCH: [  1,  1]   | MINI-BATCH: [ 485,1050]   | LOSS: 58.2475   --  18.22s
[Sun, 22 Jan 2023 00:39:31] INFO :: EPOCH: [  1,  1]   | MINI-BATCH: [ 490,1050]   | LOSS: 58.4043   --  18.41s
[Sun, 22 Jan 2023 00:39:31] INFO :: EPOCH: [  1,  1]   | MINI-BATCH: [ 495,1050]   | LOSS: 58.4165   --  18.59s
[Sun, 22 Jan 2023 00:39:31] INFO :: EPOCH: [  1,  1]   | MINI-BATCH: [ 500,1050]   | LOSS: 58.4816   --  18.78s
[Sun, 22 Jan 2023 00:39:32] INFO :: EPOCH: [  1,  1]   | MINI-BATCH: [ 505,1050]   | LOSS: 58.0886   --  18.98s
[Sun, 22 Jan 2023 00:39:32] INFO :: EPOCH: [  1,  1]   | MINI-BATCH: [ 510,1050]   | LOSS: 58.2085   --  19.17s
[Sun, 22 Jan 2023 00:39:32] INFO :: EPOCH: [  1,  1]   | MINI-BATCH: [ 515,1050]   | LOSS: 58.2931   --  19.35s
[Sun, 22 Jan 2023 00:39:32] INFO :: EPOCH: [  1,  1]   | MINI-BATCH: [ 520,1050]   | LOSS: 58.1129   --  19.54s
[Sun, 22 Jan 2023 00:39:32] INFO :: EPOCH: [  1,  1]   | MINI-BATCH: [ 525,1050]   | LOSS: 57.8843   --  19.72s
[Sun, 22 Jan 2023 00:39:32] INFO :: EPOCH: [  1,  1]   | MINI-BATCH: [ 530,1050]   | LOSS: 58.0295   --  19.89s
[Sun, 22 Jan 2023 00:39:33] INFO :: EPOCH: [  1,  1]   | MINI-BATCH: [ 535,1050]   | LOSS: 57.9215   --  20.07s
[Sun, 22 Jan 2023 00:39:33] INFO :: EPOCH: [  1,  1]   | MINI-BATCH: [ 540,1050]   | LOSS: 58.1587   --  20.25s
[Sun, 22 Jan 2023 00:39:33] INFO :: EPOCH: [  1,  1]   | MINI-BATCH: [ 545,1050]   | LOSS: 58.1207   --  20.43s
[Sun, 22 Jan 2023 00:39:33] INFO :: EPOCH: [  1,  1]   | MINI-BATCH: [ 550,1050]   | LOSS: 58.2098   --  20.62s
[Sun, 22 Jan 2023 00:39:33] INFO :: EPOCH: [  1,  1]   | MINI-BATCH: [ 555,1050]   | LOSS: 58.3373   --  20.79s
[Sun, 22 Jan 2023 00:39:34] INFO :: EPOCH: [  1,  1]   | MINI-BATCH: [ 560,1050]   | LOSS: 58.1733   --  20.96s
[Sun, 22 Jan 2023 00:39:34] INFO :: EPOCH: [  1,  1]   | MINI-BATCH: [ 565,1050]   | LOSS: 58.1060   --  21.14s
[Sun, 22 Jan 2023 00:39:34] INFO :: EPOCH: [  1,  1]   | MINI-BATCH: [ 570,1050]   | LOSS: 58.3720   --  21.31s
[Sun, 22 Jan 2023 00:39:34] INFO :: EPOCH: [  1,  1]   | MINI-BATCH: [ 575,1050]   | LOSS: 58.0922   --  21.49s
[Sun, 22 Jan 2023 00:39:34] INFO :: EPOCH: [  1,  1]   | MINI-BATCH: [ 580,1050]   | LOSS: 57.7825   --  21.66s
[Sun, 22 Jan 2023 00:39:34] INFO :: EPOCH: [  1,  1]   | MINI-BATCH: [ 585,1050]   | LOSS: 57.9271   --  21.84s
[Sun, 22 Jan 2023 00:39:35] INFO :: EPOCH: [  1,  1]   | MINI-BATCH: [ 590,1050]   | LOSS: 58.1356   --  22.02s
[Sun, 22 Jan 2023 00:39:35] INFO :: EPOCH: [  1,  1]   | MINI-BATCH: [ 595,1050]   | LOSS: 57.8146   --  22.23s
[Sun, 22 Jan 2023 00:39:35] INFO :: EPOCH: [  1,  1]   | MINI-BATCH: [ 600,1050]   | LOSS: 58.1367   --  22.40s
[Sun, 22 Jan 2023 00:39:35] INFO :: EPOCH: [  1,  1]   | MINI-BATCH: [ 605,1050]   | LOSS: 58.1785   --  22.58s
[Sun, 22 Jan 2023 00:39:35] INFO :: EPOCH: [  1,  1]   | MINI-BATCH: [ 610,1050]   | LOSS: 58.3350   --  22.76s
[Sun, 22 Jan 2023 00:39:35] INFO :: EPOCH: [  1,  1]   | MINI-BATCH: [ 615,1050]   | LOSS: 57.9086   --  22.94s
[Sun, 22 Jan 2023 00:39:36] INFO :: EPOCH: [  1,  1]   | MINI-BATCH: [ 620,1050]   | LOSS: 57.8255   --  23.11s
[Sun, 22 Jan 2023 00:39:36] INFO :: EPOCH: [  1,  1]   | MINI-BATCH: [ 625,1050]   | LOSS: 58.1795   --  23.28s
[Sun, 22 Jan 2023 00:39:36] INFO :: EPOCH: [  1,  1]   | MINI-BATCH: [ 630,1050]   | LOSS: 58.4754   --  23.45s
[Sun, 22 Jan 2023 00:39:36] INFO :: EPOCH: [  1,  1]   | MINI-BATCH: [ 635,1050]   | LOSS: 57.9304   --  23.63s
[Sun, 22 Jan 2023 00:39:36] INFO :: EPOCH: [  1,  1]   | MINI-BATCH: [ 640,1050]   | LOSS: 57.7541   --  23.80s
[Sun, 22 Jan 2023 00:39:37] INFO :: EPOCH: [  1,  1]   | MINI-BATCH: [ 645,1050]   | LOSS: 58.1604   --  23.98s
[Sun, 22 Jan 2023 00:39:37] INFO :: EPOCH: [  1,  1]   | MINI-BATCH: [ 650,1050]   | LOSS: 58.1576   --  24.15s
[Sun, 22 Jan 2023 00:39:37] INFO :: EPOCH: [  1,  1]   | MINI-BATCH: [ 655,1050]   | LOSS: 57.7872   --  24.32s
[Sun, 22 Jan 2023 00:39:37] INFO :: EPOCH: [  1,  1]   | MINI-BATCH: [ 660,1050]   | LOSS: 58.1632   --  24.49s
[Sun, 22 Jan 2023 00:39:37] INFO :: EPOCH: [  1,  1]   | MINI-BATCH: [ 665,1050]   | LOSS: 58.0159   --  24.66s
[Sun, 22 Jan 2023 00:39:37] INFO :: EPOCH: [  1,  1]   | MINI-BATCH: [ 670,1050]   | LOSS: 57.9471   --  24.84s
[Sun, 22 Jan 2023 00:39:38] INFO :: EPOCH: [  1,  1]   | MINI-BATCH: [ 675,1050]   | LOSS: 57.8228   --  25.01s
[Sun, 22 Jan 2023 00:39:38] INFO :: EPOCH: [  1,  1]   | MINI-BATCH: [ 680,1050]   | LOSS: 57.8841   --  25.18s
[Sun, 22 Jan 2023 00:39:38] INFO :: EPOCH: [  1,  1]   | MINI-BATCH: [ 685,1050]   | LOSS: 57.4564   --  25.35s
[Sun, 22 Jan 2023 00:39:38] INFO :: EPOCH: [  1,  1]   | MINI-BATCH: [ 690,1050]   | LOSS: 58.1743   --  25.54s
[Sun, 22 Jan 2023 00:39:38] INFO :: EPOCH: [  1,  1]   | MINI-BATCH: [ 695,1050]   | LOSS: 58.1099   --  25.73s
[Sun, 22 Jan 2023 00:39:38] INFO :: EPOCH: [  1,  1]   | MINI-BATCH: [ 700,1050]   | LOSS: 57.8015   --  25.91s
[Sun, 22 Jan 2023 00:39:39] INFO :: EPOCH: [  1,  1]   | MINI-BATCH: [ 705,1050]   | LOSS: 57.9258   --  26.09s
[Sun, 22 Jan 2023 00:39:39] INFO :: EPOCH: [  1,  1]   | MINI-BATCH: [ 710,1050]   | LOSS: 57.8324   --  26.28s
[Sun, 22 Jan 2023 00:39:39] INFO :: EPOCH: [  1,  1]   | MINI-BATCH: [ 715,1050]   | LOSS: 57.6373   --  26.45s
[Sun, 22 Jan 2023 00:39:39] INFO :: EPOCH: [  1,  1]   | MINI-BATCH: [ 720,1050]   | LOSS: 57.6091   --  26.62s
[Sun, 22 Jan 2023 00:39:39] INFO :: EPOCH: [  1,  1]   | MINI-BATCH: [ 725,1050]   | LOSS: 57.5686   --  26.80s
[Sun, 22 Jan 2023 00:39:40] INFO :: EPOCH: [  1,  1]   | MINI-BATCH: [ 730,1050]   | LOSS: 57.7331   --  26.98s
[Sun, 22 Jan 2023 00:39:40] INFO :: EPOCH: [  1,  1]   | MINI-BATCH: [ 735,1050]   | LOSS: 57.9037   --  27.15s
[Sun, 22 Jan 2023 00:39:40] INFO :: EPOCH: [  1,  1]   | MINI-BATCH: [ 740,1050]   | LOSS: 57.5941   --  27.32s
[Sun, 22 Jan 2023 00:39:40] INFO :: EPOCH: [  1,  1]   | MINI-BATCH: [ 745,1050]   | LOSS: 57.9076   --  27.50s
[Sun, 22 Jan 2023 00:39:40] INFO :: EPOCH: [  1,  1]   | MINI-BATCH: [ 750,1050]   | LOSS: 57.7992   --  27.67s
[Sun, 22 Jan 2023 00:39:40] INFO :: EPOCH: [  1,  1]   | MINI-BATCH: [ 755,1050]   | LOSS: 57.4209   --  27.84s
[Sun, 22 Jan 2023 00:39:41] INFO :: EPOCH: [  1,  1]   | MINI-BATCH: [ 760,1050]   | LOSS: 57.7436   --  28.02s
[Sun, 22 Jan 2023 00:39:41] INFO :: EPOCH: [  1,  1]   | MINI-BATCH: [ 765,1050]   | LOSS: 57.9433   --  28.19s
[Sun, 22 Jan 2023 00:39:41] INFO :: EPOCH: [  1,  1]   | MINI-BATCH: [ 770,1050]   | LOSS: 57.7205   --  28.36s
[Sun, 22 Jan 2023 00:39:41] INFO :: EPOCH: [  1,  1]   | MINI-BATCH: [ 775,1050]   | LOSS: 57.6153   --  28.53s
[Sun, 22 Jan 2023 00:39:41] INFO :: EPOCH: [  1,  1]   | MINI-BATCH: [ 780,1050]   | LOSS: 57.9675   --  28.71s
[Sun, 22 Jan 2023 00:39:41] INFO :: EPOCH: [  1,  1]   | MINI-BATCH: [ 785,1050]   | LOSS: 57.6152   --  28.88s
[Sun, 22 Jan 2023 00:39:42] INFO :: EPOCH: [  1,  1]   | MINI-BATCH: [ 790,1050]   | LOSS: 58.0540   --  29.05s
[Sun, 22 Jan 2023 00:39:42] INFO :: EPOCH: [  1,  1]   | MINI-BATCH: [ 795,1050]   | LOSS: 57.7512   --  29.22s
[Sun, 22 Jan 2023 00:39:42] INFO :: EPOCH: [  1,  1]   | MINI-BATCH: [ 800,1050]   | LOSS: 57.6044   --  29.39s
[Sun, 22 Jan 2023 00:39:42] INFO :: EPOCH: [  1,  1]   | MINI-BATCH: [ 805,1050]   | LOSS: 57.9283   --  29.56s
[Sun, 22 Jan 2023 00:39:42] INFO :: EPOCH: [  1,  1]   | MINI-BATCH: [ 810,1050]   | LOSS: 57.6231   --  29.73s
[Sun, 22 Jan 2023 00:39:42] INFO :: EPOCH: [  1,  1]   | MINI-BATCH: [ 815,1050]   | LOSS: 58.1973   --  29.91s
[Sun, 22 Jan 2023 00:39:43] INFO :: EPOCH: [  1,  1]   | MINI-BATCH: [ 820,1050]   | LOSS: 57.5961   --  30.09s
[Sun, 22 Jan 2023 00:39:43] INFO :: EPOCH: [  1,  1]   | MINI-BATCH: [ 825,1050]   | LOSS: 57.9972   --  30.26s
[Sun, 22 Jan 2023 00:39:43] INFO :: EPOCH: [  1,  1]   | MINI-BATCH: [ 830,1050]   | LOSS: 57.5596   --  30.43s
[Sun, 22 Jan 2023 00:39:43] INFO :: EPOCH: [  1,  1]   | MINI-BATCH: [ 835,1050]   | LOSS: 57.6760   --  30.60s
[Sun, 22 Jan 2023 00:39:43] INFO :: EPOCH: [  1,  1]   | MINI-BATCH: [ 840,1050]   | LOSS: 58.1197   --  30.77s
[Sun, 22 Jan 2023 00:39:43] INFO :: EPOCH: [  1,  1]   | MINI-BATCH: [ 845,1050]   | LOSS: 57.8208   --  30.94s
[Sun, 22 Jan 2023 00:39:44] INFO :: EPOCH: [  1,  1]   | MINI-BATCH: [ 850,1050]   | LOSS: 57.8837   --  31.11s
[Sun, 22 Jan 2023 00:39:44] INFO :: EPOCH: [  1,  1]   | MINI-BATCH: [ 855,1050]   | LOSS: 57.8336   --  31.29s
[Sun, 22 Jan 2023 00:39:44] INFO :: EPOCH: [  1,  1]   | MINI-BATCH: [ 860,1050]   | LOSS: 57.8050   --  31.46s
[Sun, 22 Jan 2023 00:39:44] INFO :: EPOCH: [  1,  1]   | MINI-BATCH: [ 865,1050]   | LOSS: 57.9033   --  31.63s
[Sun, 22 Jan 2023 00:39:44] INFO :: EPOCH: [  1,  1]   | MINI-BATCH: [ 870,1050]   | LOSS: 57.6923   --  31.81s
[Sun, 22 Jan 2023 00:39:45] INFO :: EPOCH: [  1,  1]   | MINI-BATCH: [ 875,1050]   | LOSS: 58.1420   --  31.98s
[Sun, 22 Jan 2023 00:39:45] INFO :: EPOCH: [  1,  1]   | MINI-BATCH: [ 880,1050]   | LOSS: 58.1773   --  32.15s
[Sun, 22 Jan 2023 00:39:45] INFO :: EPOCH: [  1,  1]   | MINI-BATCH: [ 885,1050]   | LOSS: 57.8946   --  32.32s
[Sun, 22 Jan 2023 00:39:45] INFO :: EPOCH: [  1,  1]   | MINI-BATCH: [ 890,1050]   | LOSS: 57.7700   --  32.49s
[Sun, 22 Jan 2023 00:39:45] INFO :: EPOCH: [  1,  1]   | MINI-BATCH: [ 895,1050]   | LOSS: 57.9694   --  32.66s
[Sun, 22 Jan 2023 00:39:45] INFO :: EPOCH: [  1,  1]   | MINI-BATCH: [ 900,1050]   | LOSS: 57.7552   --  32.83s
[Sun, 22 Jan 2023 00:39:46] INFO :: EPOCH: [  1,  1]   | MINI-BATCH: [ 905,1050]   | LOSS: 57.6770   --  33.00s
[Sun, 22 Jan 2023 00:39:46] INFO :: EPOCH: [  1,  1]   | MINI-BATCH: [ 910,1050]   | LOSS: 58.0902   --  33.17s
[Sun, 22 Jan 2023 00:39:46] INFO :: EPOCH: [  1,  1]   | MINI-BATCH: [ 915,1050]   | LOSS: 57.7250   --  33.34s
[Sun, 22 Jan 2023 00:39:46] INFO :: EPOCH: [  1,  1]   | MINI-BATCH: [ 920,1050]   | LOSS: 58.2938   --  33.51s
[Sun, 22 Jan 2023 00:39:46] INFO :: EPOCH: [  1,  1]   | MINI-BATCH: [ 925,1050]   | LOSS: 57.6198   --  33.68s
[Sun, 22 Jan 2023 00:39:46] INFO :: EPOCH: [  1,  1]   | MINI-BATCH: [ 930,1050]   | LOSS: 58.0026   --  33.85s
[Sun, 22 Jan 2023 00:39:47] INFO :: EPOCH: [  1,  1]   | MINI-BATCH: [ 935,1050]   | LOSS: 57.6811   --  34.03s
[Sun, 22 Jan 2023 00:39:47] INFO :: EPOCH: [  1,  1]   | MINI-BATCH: [ 940,1050]   | LOSS: 57.4686   --  34.19s
[Sun, 22 Jan 2023 00:39:47] INFO :: EPOCH: [  1,  1]   | MINI-BATCH: [ 945,1050]   | LOSS: 57.7778   --  34.36s
[Sun, 22 Jan 2023 00:39:47] INFO :: EPOCH: [  1,  1]   | MINI-BATCH: [ 950,1050]   | LOSS: 57.6146   --  34.53s
[Sun, 22 Jan 2023 00:39:47] INFO :: EPOCH: [  1,  1]   | MINI-BATCH: [ 955,1050]   | LOSS: 57.7113   --  34.70s
[Sun, 22 Jan 2023 00:39:47] INFO :: EPOCH: [  1,  1]   | MINI-BATCH: [ 960,1050]   | LOSS: 57.5733   --  34.89s
[Sun, 22 Jan 2023 00:39:48] INFO :: EPOCH: [  1,  1]   | MINI-BATCH: [ 965,1050]   | LOSS: 58.0967   --  35.06s
[Sun, 22 Jan 2023 00:39:48] INFO :: EPOCH: [  1,  1]   | MINI-BATCH: [ 970,1050]   | LOSS: 57.6598   --  35.23s
[Sun, 22 Jan 2023 00:39:48] INFO :: EPOCH: [  1,  1]   | MINI-BATCH: [ 975,1050]   | LOSS: 57.4711   --  35.40s
[Sun, 22 Jan 2023 00:39:48] INFO :: EPOCH: [  1,  1]   | MINI-BATCH: [ 980,1050]   | LOSS: 57.6004   --  35.57s
[Sun, 22 Jan 2023 00:39:48] INFO :: EPOCH: [  1,  1]   | MINI-BATCH: [ 985,1050]   | LOSS: 57.3352   --  35.74s
[Sun, 22 Jan 2023 00:39:48] INFO :: EPOCH: [  1,  1]   | MINI-BATCH: [ 990,1050]   | LOSS: 57.6897   --  35.91s
[Sun, 22 Jan 2023 00:39:49] INFO :: EPOCH: [  1,  1]   | MINI-BATCH: [ 995,1050]   | LOSS: 58.0256   --  36.09s
[Sun, 22 Jan 2023 00:39:49] INFO :: EPOCH: [  1,  1]   | MINI-BATCH: [1000,1050]   | LOSS: 57.9187   --  36.26s
[Sun, 22 Jan 2023 00:39:49] INFO :: EPOCH: [  1,  1]   | MINI-BATCH: [1005,1050]   | LOSS: 57.5990   --  36.44s
[Sun, 22 Jan 2023 00:39:49] INFO :: EPOCH: [  1,  1]   | MINI-BATCH: [1010,1050]   | LOSS: 57.8384   --  36.61s
[Sun, 22 Jan 2023 00:39:49] INFO :: EPOCH: [  1,  1]   | MINI-BATCH: [1015,1050]   | LOSS: 57.7351   --  36.77s
[Sun, 22 Jan 2023 00:39:49] INFO :: EPOCH: [  1,  1]   | MINI-BATCH: [1020,1050]   | LOSS: 57.7676   --  36.94s
[Sun, 22 Jan 2023 00:39:50] INFO :: EPOCH: [  1,  1]   | MINI-BATCH: [1025,1050]   | LOSS: 57.9561   --  37.12s
[Sun, 22 Jan 2023 00:39:50] INFO :: EPOCH: [  1,  1]   | MINI-BATCH: [1030,1050]   | LOSS: 57.6467   --  37.29s
[Sun, 22 Jan 2023 00:39:50] INFO :: EPOCH: [  1,  1]   | MINI-BATCH: [1035,1050]   | LOSS: 57.5815   --  37.46s
[Sun, 22 Jan 2023 00:39:50] INFO :: EPOCH: [  1,  1]   | MINI-BATCH: [1040,1050]   | LOSS: 57.7934   --  37.63s
[Sun, 22 Jan 2023 00:39:50] INFO :: EPOCH: [  1,  1]   | MINI-BATCH: [1045,1050]   | LOSS: 57.4454   --  37.80s
[Sun, 22 Jan 2023 00:39:51] INFO :: EPOCH: [  1,  1]   | MINI-BATCH: [1050,1050]   | LOSS: 57.4262   --  37.98s
[Sun, 22 Jan 2023 00:39:55] INFO :: EPOCH: [  1,  1]   | VAL-ACCURACY: 0.9872      | VAL-LOSS: 57.4739   --  42.72s
