[Sun, 22 Jan 2023 00:41:59] INFO :: START EPOCH - 1
[Sun, 22 Jan 2023 00:41:59] INFO :: EPOCH: [  1,  1]   | MINI-BATCH: [   5,1050]   | LOSS: 57.0242   --  0.17s
[Sun, 22 Jan 2023 00:41:59] INFO :: EPOCH: [  1,  1]   | MINI-BATCH: [  10,1050]   | LOSS: 57.0000   --  0.35s
[Sun, 22 Jan 2023 00:41:59] INFO :: EPOCH: [  1,  1]   | MINI-BATCH: [  15,1050]   | LOSS: 56.9531   --  0.52s
[Sun, 22 Jan 2023 00:41:59] INFO :: EPOCH: [  1,  1]   | MINI-BATCH: [  20,1050]   | LOSS: 56.9037   --  0.70s
[Sun, 22 Jan 2023 00:42:00] INFO :: EPOCH: [  1,  1]   | MINI-BATCH: [  25,1050]   | LOSS: 57.1324   --  0.88s
[Sun, 22 Jan 2023 00:42:00] INFO :: EPOCH: [  1,  1]   | MINI-BATCH: [  30,1050]   | LOSS: 56.9393   --  1.05s
[Sun, 22 Jan 2023 00:42:00] INFO :: EPOCH: [  1,  1]   | MINI-BATCH: [  35,1050]   | LOSS: 57.1265   --  1.22s
[Sun, 22 Jan 2023 00:42:00] INFO :: EPOCH: [  1,  1]   | MINI-BATCH: [  40,1050]   | LOSS: 57.1925   --  1.40s
[Sun, 22 Jan 2023 00:42:00] INFO :: EPOCH: [  1,  1]   | MINI-BATCH: [  45,1050]   | LOSS: 56.9690   --  1.58s
[Sun, 22 Jan 2023 00:42:00] INFO :: EPOCH: [  1,  1]   | MINI-BATCH: [  50,1050]   | LOSS: 56.9749   --  1.76s
[Sun, 22 Jan 2023 00:42:01] INFO :: EPOCH: [  1,  1]   | MINI-BATCH: [  55,1050]   | LOSS: 57.2820   --  1.94s
[Sun, 22 Jan 2023 00:42:01] INFO :: EPOCH: [  1,  1]   | MINI-BATCH: [  60,1050]   | LOSS: 57.0809   --  2.11s
[Sun, 22 Jan 2023 00:42:01] INFO :: EPOCH: [  1,  1]   | MINI-BATCH: [  65,1050]   | LOSS: 57.2804   --  2.27s
[Sun, 22 Jan 2023 00:42:01] INFO :: EPOCH: [  1,  1]   | MINI-BATCH: [  70,1050]   | LOSS: 57.1842   --  2.46s
[Sun, 22 Jan 2023 00:42:01] INFO :: EPOCH: [  1,  1]   | MINI-BATCH: [  75,1050]   | LOSS: 56.9305   --  2.64s
[Sun, 22 Jan 2023 00:42:01] INFO :: EPOCH: [  1,  1]   | MINI-BATCH: [  80,1050]   | LOSS: 57.1247   --  2.82s
[Sun, 22 Jan 2023 00:42:02] INFO :: EPOCH: [  1,  1]   | MINI-BATCH: [  85,1050]   | LOSS: 57.2127   --  2.99s
[Sun, 22 Jan 2023 00:42:02] INFO :: EPOCH: [  1,  1]   | MINI-BATCH: [  90,1050]   | LOSS: 56.9499   --  3.16s
[Sun, 22 Jan 2023 00:42:02] INFO :: EPOCH: [  1,  1]   | MINI-BATCH: [  95,1050]   | LOSS: 57.3035   --  3.33s
[Sun, 22 Jan 2023 00:42:02] INFO :: EPOCH: [  1,  1]   | MINI-BATCH: [ 100,1050]   | LOSS: 57.0590   --  3.50s
[Sun, 22 Jan 2023 00:42:02] INFO :: EPOCH: [  1,  1]   | MINI-BATCH: [ 105,1050]   | LOSS: 56.9684   --  3.68s
[Sun, 22 Jan 2023 00:42:02] INFO :: EPOCH: [  1,  1]   | MINI-BATCH: [ 110,1050]   | LOSS: 57.0853   --  3.85s
[Sun, 22 Jan 2023 00:42:03] INFO :: EPOCH: [  1,  1]   | MINI-BATCH: [ 115,1050]   | LOSS: 57.0405   --  4.03s
[Sun, 22 Jan 2023 00:42:03] INFO :: EPOCH: [  1,  1]   | MINI-BATCH: [ 120,1050]   | LOSS: 57.1871   --  4.21s
[Sun, 22 Jan 2023 00:42:03] INFO :: EPOCH: [  1,  1]   | MINI-BATCH: [ 125,1050]   | LOSS: 57.1292   --  4.38s
[Sun, 22 Jan 2023 00:42:03] INFO :: EPOCH: [  1,  1]   | MINI-BATCH: [ 130,1050]   | LOSS: 56.8940   --  4.55s
[Sun, 22 Jan 2023 00:42:03] INFO :: EPOCH: [  1,  1]   | MINI-BATCH: [ 135,1050]   | LOSS: 57.1518   --  4.73s
[Sun, 22 Jan 2023 00:42:04] INFO :: EPOCH: [  1,  1]   | MINI-BATCH: [ 140,1050]   | LOSS: 57.0934   --  4.91s
[Sun, 22 Jan 2023 00:42:04] INFO :: EPOCH: [  1,  1]   | MINI-BATCH: [ 145,1050]   | LOSS: 57.2318   --  5.08s
[Sun, 22 Jan 2023 00:42:04] INFO :: EPOCH: [  1,  1]   | MINI-BATCH: [ 150,1050]   | LOSS: 56.9741   --  5.25s
[Sun, 22 Jan 2023 00:42:04] INFO :: EPOCH: [  1,  1]   | MINI-BATCH: [ 155,1050]   | LOSS: 57.0192   --  5.42s
[Sun, 22 Jan 2023 00:42:04] INFO :: EPOCH: [  1,  1]   | MINI-BATCH: [ 160,1050]   | LOSS: 56.9863   --  5.59s
[Sun, 22 Jan 2023 00:42:04] INFO :: EPOCH: [  1,  1]   | MINI-BATCH: [ 165,1050]   | LOSS: 56.9468   --  5.76s
[Sun, 22 Jan 2023 00:42:05] INFO :: EPOCH: [  1,  1]   | MINI-BATCH: [ 170,1050]   | LOSS: 57.0511   --  5.94s
[Sun, 22 Jan 2023 00:42:05] INFO :: EPOCH: [  1,  1]   | MINI-BATCH: [ 175,1050]   | LOSS: 56.9786   --  6.11s
[Sun, 22 Jan 2023 00:42:05] INFO :: EPOCH: [  1,  1]   | MINI-BATCH: [ 180,1050]   | LOSS: 57.0640   --  6.28s
[Sun, 22 Jan 2023 00:42:05] INFO :: EPOCH: [  1,  1]   | MINI-BATCH: [ 185,1050]   | LOSS: 56.9523   --  6.46s
[Sun, 22 Jan 2023 00:42:05] INFO :: EPOCH: [  1,  1]   | MINI-BATCH: [ 190,1050]   | LOSS: 56.9969   --  6.63s
[Sun, 22 Jan 2023 00:42:05] INFO :: EPOCH: [  1,  1]   | MINI-BATCH: [ 195,1050]   | LOSS: 57.1282   --  6.80s
[Sun, 22 Jan 2023 00:42:06] INFO :: EPOCH: [  1,  1]   | MINI-BATCH: [ 200,1050]   | LOSS: 57.2091   --  6.99s
[Sun, 22 Jan 2023 00:42:06] INFO :: EPOCH: [  1,  1]   | MINI-BATCH: [ 205,1050]   | LOSS: 57.2636   --  7.16s
[Sun, 22 Jan 2023 00:42:06] INFO :: EPOCH: [  1,  1]   | MINI-BATCH: [ 210,1050]   | LOSS: 57.2400   --  7.34s
[Sun, 22 Jan 2023 00:42:06] INFO :: EPOCH: [  1,  1]   | MINI-BATCH: [ 215,1050]   | LOSS: 56.9810   --  7.51s
[Sun, 22 Jan 2023 00:42:06] INFO :: EPOCH: [  1,  1]   | MINI-BATCH: [ 220,1050]   | LOSS: 57.3083   --  7.69s
[Sun, 22 Jan 2023 00:42:06] INFO :: EPOCH: [  1,  1]   | MINI-BATCH: [ 225,1050]   | LOSS: 56.9679   --  7.86s
[Sun, 22 Jan 2023 00:42:07] INFO :: EPOCH: [  1,  1]   | MINI-BATCH: [ 230,1050]   | LOSS: 57.1468   --  8.03s
[Sun, 22 Jan 2023 00:42:07] INFO :: EPOCH: [  1,  1]   | MINI-BATCH: [ 235,1050]   | LOSS: 56.9927   --  8.20s
[Sun, 22 Jan 2023 00:42:07] INFO :: EPOCH: [  1,  1]   | MINI-BATCH: [ 240,1050]   | LOSS: 57.1040   --  8.37s
[Sun, 22 Jan 2023 00:42:07] INFO :: EPOCH: [  1,  1]   | MINI-BATCH: [ 245,1050]   | LOSS: 57.2792   --  8.54s
[Sun, 22 Jan 2023 00:42:07] INFO :: EPOCH: [  1,  1]   | MINI-BATCH: [ 250,1050]   | LOSS: 57.2707   --  8.71s
[Sun, 22 Jan 2023 00:42:08] INFO :: EPOCH: [  1,  1]   | MINI-BATCH: [ 255,1050]   | LOSS: 57.3981   --  8.88s
[Sun, 22 Jan 2023 00:42:08] INFO :: EPOCH: [  1,  1]   | MINI-BATCH: [ 260,1050]   | LOSS: 57.0947   --  9.06s
[Sun, 22 Jan 2023 00:42:08] INFO :: EPOCH: [  1,  1]   | MINI-BATCH: [ 265,1050]   | LOSS: 57.1368   --  9.24s
[Sun, 22 Jan 2023 00:42:08] INFO :: EPOCH: [  1,  1]   | MINI-BATCH: [ 270,1050]   | LOSS: 57.1249   --  9.41s
[Sun, 22 Jan 2023 00:42:08] INFO :: EPOCH: [  1,  1]   | MINI-BATCH: [ 275,1050]   | LOSS: 57.3436   --  9.59s
[Sun, 22 Jan 2023 00:42:08] INFO :: EPOCH: [  1,  1]   | MINI-BATCH: [ 280,1050]   | LOSS: 57.2973   --  9.76s
[Sun, 22 Jan 2023 00:42:09] INFO :: EPOCH: [  1,  1]   | MINI-BATCH: [ 285,1050]   | LOSS: 57.4748   --  9.94s
[Sun, 22 Jan 2023 00:42:09] INFO :: EPOCH: [  1,  1]   | MINI-BATCH: [ 290,1050]   | LOSS: 57.1476   --  10.11s
[Sun, 22 Jan 2023 00:42:09] INFO :: EPOCH: [  1,  1]   | MINI-BATCH: [ 295,1050]   | LOSS: 57.1424   --  10.28s
[Sun, 22 Jan 2023 00:42:09] INFO :: EPOCH: [  1,  1]   | MINI-BATCH: [ 300,1050]   | LOSS: 57.2343   --  10.45s
[Sun, 22 Jan 2023 00:42:09] INFO :: EPOCH: [  1,  1]   | MINI-BATCH: [ 305,1050]   | LOSS: 56.9911   --  10.61s
[Sun, 22 Jan 2023 00:42:09] INFO :: EPOCH: [  1,  1]   | MINI-BATCH: [ 310,1050]   | LOSS: 56.9997   --  10.79s
[Sun, 22 Jan 2023 00:42:10] INFO :: EPOCH: [  1,  1]   | MINI-BATCH: [ 315,1050]   | LOSS: 57.2744   --  10.96s
[Sun, 22 Jan 2023 00:42:10] INFO :: EPOCH: [  1,  1]   | MINI-BATCH: [ 320,1050]   | LOSS: 57.4747   --  11.13s
[Sun, 22 Jan 2023 00:42:10] INFO :: EPOCH: [  1,  1]   | MINI-BATCH: [ 325,1050]   | LOSS: 56.9395   --  11.29s
[Sun, 22 Jan 2023 00:42:10] INFO :: EPOCH: [  1,  1]   | MINI-BATCH: [ 330,1050]   | LOSS: 56.9697   --  11.48s
[Sun, 22 Jan 2023 00:42:10] INFO :: EPOCH: [  1,  1]   | MINI-BATCH: [ 335,1050]   | LOSS: 57.0121   --  11.65s
[Sun, 22 Jan 2023 00:42:10] INFO :: EPOCH: [  1,  1]   | MINI-BATCH: [ 340,1050]   | LOSS: 56.9539   --  11.82s
[Sun, 22 Jan 2023 00:42:11] INFO :: EPOCH: [  1,  1]   | MINI-BATCH: [ 345,1050]   | LOSS: 57.3118   --  12.00s
[Sun, 22 Jan 2023 00:42:11] INFO :: EPOCH: [  1,  1]   | MINI-BATCH: [ 350,1050]   | LOSS: 57.2736   --  12.17s
[Sun, 22 Jan 2023 00:42:11] INFO :: EPOCH: [  1,  1]   | MINI-BATCH: [ 355,1050]   | LOSS: 57.1129   --  12.34s
[Sun, 22 Jan 2023 00:42:11] INFO :: EPOCH: [  1,  1]   | MINI-BATCH: [ 360,1050]   | LOSS: 57.0844   --  12.51s
[Sun, 22 Jan 2023 00:42:11] INFO :: EPOCH: [  1,  1]   | MINI-BATCH: [ 365,1050]   | LOSS: 57.0109   --  12.69s
[Sun, 22 Jan 2023 00:42:11] INFO :: EPOCH: [  1,  1]   | MINI-BATCH: [ 370,1050]   | LOSS: 56.8741   --  12.86s
[Sun, 22 Jan 2023 00:42:12] INFO :: EPOCH: [  1,  1]   | MINI-BATCH: [ 375,1050]   | LOSS: 56.9954   --  13.02s
[Sun, 22 Jan 2023 00:42:12] INFO :: EPOCH: [  1,  1]   | MINI-BATCH: [ 380,1050]   | LOSS: 56.9973   --  13.19s
[Sun, 22 Jan 2023 00:42:12] INFO :: EPOCH: [  1,  1]   | MINI-BATCH: [ 385,1050]   | LOSS: 56.9536   --  13.37s
[Sun, 22 Jan 2023 00:42:12] INFO :: EPOCH: [  1,  1]   | MINI-BATCH: [ 390,1050]   | LOSS: 56.9871   --  13.54s
[Sun, 22 Jan 2023 00:42:12] INFO :: EPOCH: [  1,  1]   | MINI-BATCH: [ 395,1050]   | LOSS: 56.8656   --  13.71s
[Sun, 22 Jan 2023 00:42:13] INFO :: EPOCH: [  1,  1]   | MINI-BATCH: [ 400,1050]   | LOSS: 57.2139   --  13.89s
[Sun, 22 Jan 2023 00:42:13] INFO :: EPOCH: [  1,  1]   | MINI-BATCH: [ 405,1050]   | LOSS: 56.9113   --  14.06s
[Sun, 22 Jan 2023 00:42:13] INFO :: EPOCH: [  1,  1]   | MINI-BATCH: [ 410,1050]   | LOSS: 57.0495   --  14.23s
[Sun, 22 Jan 2023 00:42:13] INFO :: EPOCH: [  1,  1]   | MINI-BATCH: [ 415,1050]   | LOSS: 57.1320   --  14.40s
[Sun, 22 Jan 2023 00:42:13] INFO :: EPOCH: [  1,  1]   | MINI-BATCH: [ 420,1050]   | LOSS: 57.3451   --  14.57s
[Sun, 22 Jan 2023 00:42:13] INFO :: EPOCH: [  1,  1]   | MINI-BATCH: [ 425,1050]   | LOSS: 57.2614   --  14.74s
[Sun, 22 Jan 2023 00:42:14] INFO :: EPOCH: [  1,  1]   | MINI-BATCH: [ 430,1050]   | LOSS: 57.0924   --  14.92s
[Sun, 22 Jan 2023 00:42:14] INFO :: EPOCH: [  1,  1]   | MINI-BATCH: [ 435,1050]   | LOSS: 57.0404   --  15.09s
[Sun, 22 Jan 2023 00:42:14] INFO :: EPOCH: [  1,  1]   | MINI-BATCH: [ 440,1050]   | LOSS: 56.9979   --  15.26s
[Sun, 22 Jan 2023 00:42:14] INFO :: EPOCH: [  1,  1]   | MINI-BATCH: [ 445,1050]   | LOSS: 56.9166   --  15.43s
[Sun, 22 Jan 2023 00:42:14] INFO :: EPOCH: [  1,  1]   | MINI-BATCH: [ 450,1050]   | LOSS: 56.9107   --  15.60s
[Sun, 22 Jan 2023 00:42:14] INFO :: EPOCH: [  1,  1]   | MINI-BATCH: [ 455,1050]   | LOSS: 57.1177   --  15.77s
[Sun, 22 Jan 2023 00:42:15] INFO :: EPOCH: [  1,  1]   | MINI-BATCH: [ 460,1050]   | LOSS: 57.0104   --  15.95s
[Sun, 22 Jan 2023 00:42:15] INFO :: EPOCH: [  1,  1]   | MINI-BATCH: [ 465,1050]   | LOSS: 57.0159   --  16.13s
[Sun, 22 Jan 2023 00:42:15] INFO :: EPOCH: [  1,  1]   | MINI-BATCH: [ 470,1050]   | LOSS: 57.1083   --  16.30s
[Sun, 22 Jan 2023 00:42:15] INFO :: EPOCH: [  1,  1]   | MINI-BATCH: [ 475,1050]   | LOSS: 57.1222   --  16.47s
[Sun, 22 Jan 2023 00:42:15] INFO :: EPOCH: [  1,  1]   | MINI-BATCH: [ 480,1050]   | LOSS: 57.0903   --  16.64s
[Sun, 22 Jan 2023 00:42:15] INFO :: EPOCH: [  1,  1]   | MINI-BATCH: [ 485,1050]   | LOSS: 57.1008   --  16.82s
[Sun, 22 Jan 2023 00:42:16] INFO :: EPOCH: [  1,  1]   | MINI-BATCH: [ 490,1050]   | LOSS: 57.1495   --  16.99s
[Sun, 22 Jan 2023 00:42:16] INFO :: EPOCH: [  1,  1]   | MINI-BATCH: [ 495,1050]   | LOSS: 57.3429   --  17.16s
[Sun, 22 Jan 2023 00:42:16] INFO :: EPOCH: [  1,  1]   | MINI-BATCH: [ 500,1050]   | LOSS: 57.0814   --  17.34s
[Sun, 22 Jan 2023 00:42:16] INFO :: EPOCH: [  1,  1]   | MINI-BATCH: [ 505,1050]   | LOSS: 57.2013   --  17.51s
[Sun, 22 Jan 2023 00:42:16] INFO :: EPOCH: [  1,  1]   | MINI-BATCH: [ 510,1050]   | LOSS: 57.2058   --  17.68s
[Sun, 22 Jan 2023 00:42:16] INFO :: EPOCH: [  1,  1]   | MINI-BATCH: [ 515,1050]   | LOSS: 57.0834   --  17.85s
[Sun, 22 Jan 2023 00:42:17] INFO :: EPOCH: [  1,  1]   | MINI-BATCH: [ 520,1050]   | LOSS: 57.2740   --  18.03s
[Sun, 22 Jan 2023 00:42:17] INFO :: EPOCH: [  1,  1]   | MINI-BATCH: [ 525,1050]   | LOSS: 57.1029   --  18.21s
[Sun, 22 Jan 2023 00:42:17] INFO :: EPOCH: [  1,  1]   | MINI-BATCH: [ 530,1050]   | LOSS: 57.0577   --  18.38s
[Sun, 22 Jan 2023 00:42:17] INFO :: EPOCH: [  1,  1]   | MINI-BATCH: [ 535,1050]   | LOSS: 56.9923   --  18.54s
[Sun, 22 Jan 2023 00:42:17] INFO :: EPOCH: [  1,  1]   | MINI-BATCH: [ 540,1050]   | LOSS: 57.2100   --  18.73s
[Sun, 22 Jan 2023 00:42:18] INFO :: EPOCH: [  1,  1]   | MINI-BATCH: [ 545,1050]   | LOSS: 57.1212   --  18.91s
[Sun, 22 Jan 2023 00:42:18] INFO :: EPOCH: [  1,  1]   | MINI-BATCH: [ 550,1050]   | LOSS: 57.2296   --  19.08s
[Sun, 22 Jan 2023 00:42:18] INFO :: EPOCH: [  1,  1]   | MINI-BATCH: [ 555,1050]   | LOSS: 57.1007   --  19.24s
[Sun, 22 Jan 2023 00:42:18] INFO :: EPOCH: [  1,  1]   | MINI-BATCH: [ 560,1050]   | LOSS: 57.2249   --  19.41s
[Sun, 22 Jan 2023 00:42:18] INFO :: EPOCH: [  1,  1]   | MINI-BATCH: [ 565,1050]   | LOSS: 57.6118   --  19.58s
[Sun, 22 Jan 2023 00:42:18] INFO :: EPOCH: [  1,  1]   | MINI-BATCH: [ 570,1050]   | LOSS: 57.0475   --  19.76s
[Sun, 22 Jan 2023 00:42:19] INFO :: EPOCH: [  1,  1]   | MINI-BATCH: [ 575,1050]   | LOSS: 57.6545   --  19.93s
[Sun, 22 Jan 2023 00:42:19] INFO :: EPOCH: [  1,  1]   | MINI-BATCH: [ 580,1050]   | LOSS: 57.0010   --  20.10s
[Sun, 22 Jan 2023 00:42:19] INFO :: EPOCH: [  1,  1]   | MINI-BATCH: [ 585,1050]   | LOSS: 57.2335   --  20.26s
[Sun, 22 Jan 2023 00:42:19] INFO :: EPOCH: [  1,  1]   | MINI-BATCH: [ 590,1050]   | LOSS: 56.9764   --  20.43s
[Sun, 22 Jan 2023 00:42:19] INFO :: EPOCH: [  1,  1]   | MINI-BATCH: [ 595,1050]   | LOSS: 57.0274   --  20.61s
[Sun, 22 Jan 2023 00:42:19] INFO :: EPOCH: [  1,  1]   | MINI-BATCH: [ 600,1050]   | LOSS: 57.1293   --  20.79s
[Sun, 22 Jan 2023 00:42:20] INFO :: EPOCH: [  1,  1]   | MINI-BATCH: [ 605,1050]   | LOSS: 57.4436   --  20.96s
[Sun, 22 Jan 2023 00:42:20] INFO :: EPOCH: [  1,  1]   | MINI-BATCH: [ 610,1050]   | LOSS: 57.1283   --  21.13s
[Sun, 22 Jan 2023 00:42:20] INFO :: EPOCH: [  1,  1]   | MINI-BATCH: [ 615,1050]   | LOSS: 56.9031   --  21.30s
[Sun, 22 Jan 2023 00:42:20] INFO :: EPOCH: [  1,  1]   | MINI-BATCH: [ 620,1050]   | LOSS: 57.2048   --  21.47s
[Sun, 22 Jan 2023 00:42:20] INFO :: EPOCH: [  1,  1]   | MINI-BATCH: [ 625,1050]   | LOSS: 57.1567   --  21.65s
[Sun, 22 Jan 2023 00:42:20] INFO :: EPOCH: [  1,  1]   | MINI-BATCH: [ 630,1050]   | LOSS: 56.8937   --  21.82s
[Sun, 22 Jan 2023 00:42:21] INFO :: EPOCH: [  1,  1]   | MINI-BATCH: [ 635,1050]   | LOSS: 57.2937   --  21.99s
[Sun, 22 Jan 2023 00:42:21] INFO :: EPOCH: [  1,  1]   | MINI-BATCH: [ 640,1050]   | LOSS: 56.9695   --  22.16s
[Sun, 22 Jan 2023 00:42:21] INFO :: EPOCH: [  1,  1]   | MINI-BATCH: [ 645,1050]   | LOSS: 57.0311   --  22.33s
[Sun, 22 Jan 2023 00:42:21] INFO :: EPOCH: [  1,  1]   | MINI-BATCH: [ 650,1050]   | LOSS: 57.1317   --  22.50s
[Sun, 22 Jan 2023 00:42:21] INFO :: EPOCH: [  1,  1]   | MINI-BATCH: [ 655,1050]   | LOSS: 57.1716   --  22.67s
[Sun, 22 Jan 2023 00:42:21] INFO :: EPOCH: [  1,  1]   | MINI-BATCH: [ 660,1050]   | LOSS: 56.8868   --  22.84s
[Sun, 22 Jan 2023 00:42:22] INFO :: EPOCH: [  1,  1]   | MINI-BATCH: [ 665,1050]   | LOSS: 57.1589   --  23.03s
[Sun, 22 Jan 2023 00:42:22] INFO :: EPOCH: [  1,  1]   | MINI-BATCH: [ 670,1050]   | LOSS: 56.9531   --  23.20s
[Sun, 22 Jan 2023 00:42:22] INFO :: EPOCH: [  1,  1]   | MINI-BATCH: [ 675,1050]   | LOSS: 57.1396   --  23.37s
[Sun, 22 Jan 2023 00:42:22] INFO :: EPOCH: [  1,  1]   | MINI-BATCH: [ 680,1050]   | LOSS: 57.2019   --  23.54s
[Sun, 22 Jan 2023 00:42:22] INFO :: EPOCH: [  1,  1]   | MINI-BATCH: [ 685,1050]   | LOSS: 57.0198   --  23.72s
[Sun, 22 Jan 2023 00:42:23] INFO :: EPOCH: [  1,  1]   | MINI-BATCH: [ 690,1050]   | LOSS: 57.2412   --  23.90s
[Sun, 22 Jan 2023 00:42:23] INFO :: EPOCH: [  1,  1]   | MINI-BATCH: [ 695,1050]   | LOSS: 57.1413   --  24.07s
[Sun, 22 Jan 2023 00:42:23] INFO :: EPOCH: [  1,  1]   | MINI-BATCH: [ 700,1050]   | LOSS: 57.1350   --  24.24s
[Sun, 22 Jan 2023 00:42:23] INFO :: EPOCH: [  1,  1]   | MINI-BATCH: [ 705,1050]   | LOSS: 57.2084   --  24.41s
[Sun, 22 Jan 2023 00:42:23] INFO :: EPOCH: [  1,  1]   | MINI-BATCH: [ 710,1050]   | LOSS: 57.0618   --  24.58s
[Sun, 22 Jan 2023 00:42:23] INFO :: EPOCH: [  1,  1]   | MINI-BATCH: [ 715,1050]   | LOSS: 57.0142   --  24.76s
[Sun, 22 Jan 2023 00:42:24] INFO :: EPOCH: [  1,  1]   | MINI-BATCH: [ 720,1050]   | LOSS: 56.9781   --  24.93s
[Sun, 22 Jan 2023 00:42:24] INFO :: EPOCH: [  1,  1]   | MINI-BATCH: [ 725,1050]   | LOSS: 57.0879   --  25.10s
[Sun, 22 Jan 2023 00:42:24] INFO :: EPOCH: [  1,  1]   | MINI-BATCH: [ 730,1050]   | LOSS: 57.1426   --  25.28s
[Sun, 22 Jan 2023 00:42:24] INFO :: EPOCH: [  1,  1]   | MINI-BATCH: [ 735,1050]   | LOSS: 57.2861   --  25.45s
[Sun, 22 Jan 2023 00:42:24] INFO :: EPOCH: [  1,  1]   | MINI-BATCH: [ 740,1050]   | LOSS: 57.0091   --  25.62s
[Sun, 22 Jan 2023 00:42:24] INFO :: EPOCH: [  1,  1]   | MINI-BATCH: [ 745,1050]   | LOSS: 57.0671   --  25.80s
[Sun, 22 Jan 2023 00:42:25] INFO :: EPOCH: [  1,  1]   | MINI-BATCH: [ 750,1050]   | LOSS: 57.1242   --  25.98s
[Sun, 22 Jan 2023 00:42:25] INFO :: EPOCH: [  1,  1]   | MINI-BATCH: [ 755,1050]   | LOSS: 57.1311   --  26.15s
[Sun, 22 Jan 2023 00:42:25] INFO :: EPOCH: [  1,  1]   | MINI-BATCH: [ 760,1050]   | LOSS: 57.2442   --  26.32s
[Sun, 22 Jan 2023 00:42:25] INFO :: EPOCH: [  1,  1]   | MINI-BATCH: [ 765,1050]   | LOSS: 57.3106   --  26.50s
[Sun, 22 Jan 2023 00:42:25] INFO :: EPOCH: [  1,  1]   | MINI-BATCH: [ 770,1050]   | LOSS: 57.3377   --  26.67s
[Sun, 22 Jan 2023 00:42:25] INFO :: EPOCH: [  1,  1]   | MINI-BATCH: [ 775,1050]   | LOSS: 57.0717   --  26.84s
[Sun, 22 Jan 2023 00:42:26] INFO :: EPOCH: [  1,  1]   | MINI-BATCH: [ 780,1050]   | LOSS: 57.3174   --  27.02s
[Sun, 22 Jan 2023 00:42:26] INFO :: EPOCH: [  1,  1]   | MINI-BATCH: [ 785,1050]   | LOSS: 57.3783   --  27.21s
[Sun, 22 Jan 2023 00:42:26] INFO :: EPOCH: [  1,  1]   | MINI-BATCH: [ 790,1050]   | LOSS: 57.0433   --  27.38s
[Sun, 22 Jan 2023 00:42:26] INFO :: EPOCH: [  1,  1]   | MINI-BATCH: [ 795,1050]   | LOSS: 56.9061   --  27.55s
[Sun, 22 Jan 2023 00:42:26] INFO :: EPOCH: [  1,  1]   | MINI-BATCH: [ 800,1050]   | LOSS: 57.0321   --  27.73s
[Sun, 22 Jan 2023 00:42:27] INFO :: EPOCH: [  1,  1]   | MINI-BATCH: [ 805,1050]   | LOSS: 56.9530   --  27.91s
[Sun, 22 Jan 2023 00:42:27] INFO :: EPOCH: [  1,  1]   | MINI-BATCH: [ 810,1050]   | LOSS: 57.2234   --  28.07s
[Sun, 22 Jan 2023 00:42:27] INFO :: EPOCH: [  1,  1]   | MINI-BATCH: [ 815,1050]   | LOSS: 57.0308   --  28.25s
[Sun, 22 Jan 2023 00:42:27] INFO :: EPOCH: [  1,  1]   | MINI-BATCH: [ 820,1050]   | LOSS: 57.0959   --  28.42s
[Sun, 22 Jan 2023 00:42:27] INFO :: EPOCH: [  1,  1]   | MINI-BATCH: [ 825,1050]   | LOSS: 57.2172   --  28.59s
[Sun, 22 Jan 2023 00:42:27] INFO :: EPOCH: [  1,  1]   | MINI-BATCH: [ 830,1050]   | LOSS: 57.3506   --  28.76s
[Sun, 22 Jan 2023 00:42:28] INFO :: EPOCH: [  1,  1]   | MINI-BATCH: [ 835,1050]   | LOSS: 57.1706   --  28.93s
[Sun, 22 Jan 2023 00:42:28] INFO :: EPOCH: [  1,  1]   | MINI-BATCH: [ 840,1050]   | LOSS: 56.9815   --  29.10s
[Sun, 22 Jan 2023 00:42:28] INFO :: EPOCH: [  1,  1]   | MINI-BATCH: [ 845,1050]   | LOSS: 57.1711   --  29.28s
[Sun, 22 Jan 2023 00:42:28] INFO :: EPOCH: [  1,  1]   | MINI-BATCH: [ 850,1050]   | LOSS: 57.1217   --  29.45s
[Sun, 22 Jan 2023 00:42:28] INFO :: EPOCH: [  1,  1]   | MINI-BATCH: [ 855,1050]   | LOSS: 56.9780   --  29.62s
[Sun, 22 Jan 2023 00:42:28] INFO :: EPOCH: [  1,  1]   | MINI-BATCH: [ 860,1050]   | LOSS: 57.0352   --  29.79s
[Sun, 22 Jan 2023 00:42:29] INFO :: EPOCH: [  1,  1]   | MINI-BATCH: [ 865,1050]   | LOSS: 56.8932   --  29.97s
[Sun, 22 Jan 2023 00:42:29] INFO :: EPOCH: [  1,  1]   | MINI-BATCH: [ 870,1050]   | LOSS: 57.1877   --  30.14s
[Sun, 22 Jan 2023 00:42:29] INFO :: EPOCH: [  1,  1]   | MINI-BATCH: [ 875,1050]   | LOSS: 57.0725   --  30.31s
[Sun, 22 Jan 2023 00:42:29] INFO :: EPOCH: [  1,  1]   | MINI-BATCH: [ 880,1050]   | LOSS: 56.9752   --  30.48s
[Sun, 22 Jan 2023 00:42:29] INFO :: EPOCH: [  1,  1]   | MINI-BATCH: [ 885,1050]   | LOSS: 57.0679   --  30.65s
[Sun, 22 Jan 2023 00:42:29] INFO :: EPOCH: [  1,  1]   | MINI-BATCH: [ 890,1050]   | LOSS: 57.0178   --  30.82s
[Sun, 22 Jan 2023 00:42:30] INFO :: EPOCH: [  1,  1]   | MINI-BATCH: [ 895,1050]   | LOSS: 56.9946   --  31.00s
[Sun, 22 Jan 2023 00:42:30] INFO :: EPOCH: [  1,  1]   | MINI-BATCH: [ 900,1050]   | LOSS: 57.0695   --  31.17s
[Sun, 22 Jan 2023 00:42:30] INFO :: EPOCH: [  1,  1]   | MINI-BATCH: [ 905,1050]   | LOSS: 57.0166   --  31.35s
[Sun, 22 Jan 2023 00:42:30] INFO :: EPOCH: [  1,  1]   | MINI-BATCH: [ 910,1050]   | LOSS: 57.1705   --  31.53s
[Sun, 22 Jan 2023 00:42:30] INFO :: EPOCH: [  1,  1]   | MINI-BATCH: [ 915,1050]   | LOSS: 57.0107   --  31.70s
[Sun, 22 Jan 2023 00:42:31] INFO :: EPOCH: [  1,  1]   | MINI-BATCH: [ 920,1050]   | LOSS: 56.9780   --  31.88s
[Sun, 22 Jan 2023 00:42:31] INFO :: EPOCH: [  1,  1]   | MINI-BATCH: [ 925,1050]   | LOSS: 57.1635   --  32.05s
[Sun, 22 Jan 2023 00:42:31] INFO :: EPOCH: [  1,  1]   | MINI-BATCH: [ 930,1050]   | LOSS: 56.9140   --  32.23s
[Sun, 22 Jan 2023 00:42:31] INFO :: EPOCH: [  1,  1]   | MINI-BATCH: [ 935,1050]   | LOSS: 57.1274   --  32.40s
[Sun, 22 Jan 2023 00:42:31] INFO :: EPOCH: [  1,  1]   | MINI-BATCH: [ 940,1050]   | LOSS: 57.1071   --  32.57s
[Sun, 22 Jan 2023 00:42:31] INFO :: EPOCH: [  1,  1]   | MINI-BATCH: [ 945,1050]   | LOSS: 56.9352   --  32.74s
[Sun, 22 Jan 2023 00:42:32] INFO :: EPOCH: [  1,  1]   | MINI-BATCH: [ 950,1050]   | LOSS: 57.1530   --  32.91s
[Sun, 22 Jan 2023 00:42:32] INFO :: EPOCH: [  1,  1]   | MINI-BATCH: [ 955,1050]   | LOSS: 57.2849   --  33.08s
[Sun, 22 Jan 2023 00:42:32] INFO :: EPOCH: [  1,  1]   | MINI-BATCH: [ 960,1050]   | LOSS: 57.0300   --  33.25s
[Sun, 22 Jan 2023 00:42:32] INFO :: EPOCH: [  1,  1]   | MINI-BATCH: [ 965,1050]   | LOSS: 57.2875   --  33.43s
[Sun, 22 Jan 2023 00:42:32] INFO :: EPOCH: [  1,  1]   | MINI-BATCH: [ 970,1050]   | LOSS: 56.9987   --  33.61s
[Sun, 22 Jan 2023 00:42:32] INFO :: EPOCH: [  1,  1]   | MINI-BATCH: [ 975,1050]   | LOSS: 57.1380   --  33.78s
[Sun, 22 Jan 2023 00:42:33] INFO :: EPOCH: [  1,  1]   | MINI-BATCH: [ 980,1050]   | LOSS: 57.0493   --  33.95s
[Sun, 22 Jan 2023 00:42:33] INFO :: EPOCH: [  1,  1]   | MINI-BATCH: [ 985,1050]   | LOSS: 56.9650   --  34.12s
[Sun, 22 Jan 2023 00:42:33] INFO :: EPOCH: [  1,  1]   | MINI-BATCH: [ 990,1050]   | LOSS: 56.8923   --  34.29s
[Sun, 22 Jan 2023 00:42:33] INFO :: EPOCH: [  1,  1]   | MINI-BATCH: [ 995,1050]   | LOSS: 57.3460   --  34.46s
[Sun, 22 Jan 2023 00:42:33] INFO :: EPOCH: [  1,  1]   | MINI-BATCH: [1000,1050]   | LOSS: 56.8706   --  34.63s
[Sun, 22 Jan 2023 00:42:33] INFO :: EPOCH: [  1,  1]   | MINI-BATCH: [1005,1050]   | LOSS: 57.1201   --  34.80s
[Sun, 22 Jan 2023 00:42:34] INFO :: EPOCH: [  1,  1]   | MINI-BATCH: [1010,1050]   | LOSS: 57.0997   --  34.98s
[Sun, 22 Jan 2023 00:42:34] INFO :: EPOCH: [  1,  1]   | MINI-BATCH: [1015,1050]   | LOSS: 57.2782   --  35.15s
[Sun, 22 Jan 2023 00:42:34] INFO :: EPOCH: [  1,  1]   | MINI-BATCH: [1020,1050]   | LOSS: 57.3096   --  35.32s
[Sun, 22 Jan 2023 00:42:34] INFO :: EPOCH: [  1,  1]   | MINI-BATCH: [1025,1050]   | LOSS: 57.1859   --  35.50s
[Sun, 22 Jan 2023 00:42:34] INFO :: EPOCH: [  1,  1]   | MINI-BATCH: [1030,1050]   | LOSS: 57.3876   --  35.69s
[Sun, 22 Jan 2023 00:42:34] INFO :: EPOCH: [  1,  1]   | MINI-BATCH: [1035,1050]   | LOSS: 57.1486   --  35.86s
[Sun, 22 Jan 2023 00:42:35] INFO :: EPOCH: [  1,  1]   | MINI-BATCH: [1040,1050]   | LOSS: 57.2552   --  36.03s
[Sun, 22 Jan 2023 00:42:35] INFO :: EPOCH: [  1,  1]   | MINI-BATCH: [1045,1050]   | LOSS: 57.1833   --  36.21s
[Sun, 22 Jan 2023 00:42:35] INFO :: EPOCH: [  1,  1]   | MINI-BATCH: [1050,1050]   | LOSS: 57.2944   --  36.38s
