[Thu, 12 Jan 2023 00:23:16] INFO :: START EPOCH - 1
[Thu, 12 Jan 2023 00:23:16] INFO :: EPOCH: [  1,  1]   | MINI-BATCH: [   5,1116]   | LOSS: 75.1921   --  0.53s
[Thu, 12 Jan 2023 00:23:17] INFO :: EPOCH: [  1,  1]   | MINI-BATCH: [  10,1116]   | LOSS: 74.0897   --  0.85s
[Thu, 12 Jan 2023 00:23:17] INFO :: EPOCH: [  1,  1]   | MINI-BATCH: [  15,1116]   | LOSS: 73.5119   --  1.17s
[Thu, 12 Jan 2023 00:23:17] INFO :: EPOCH: [  1,  1]   | MINI-BATCH: [  20,1116]   | LOSS: 73.5082   --  1.49s
[Thu, 12 Jan 2023 00:23:18] INFO :: EPOCH: [  1,  1]   | MINI-BATCH: [  25,1116]   | LOSS: 72.5152   --  1.78s
[Thu, 12 Jan 2023 00:23:18] INFO :: EPOCH: [  1,  1]   | MINI-BATCH: [  30,1116]   | LOSS: 72.1736   --  2.09s
[Thu, 12 Jan 2023 00:23:18] INFO :: EPOCH: [  1,  1]   | MINI-BATCH: [  35,1116]   | LOSS: 71.4039   --  2.39s
[Thu, 12 Jan 2023 00:23:19] INFO :: EPOCH: [  1,  1]   | MINI-BATCH: [  40,1116]   | LOSS: 70.6351   --  2.69s
[Thu, 12 Jan 2023 00:23:19] INFO :: EPOCH: [  1,  1]   | MINI-BATCH: [  45,1116]   | LOSS: 71.4411   --  3.02s
[Thu, 12 Jan 2023 00:23:19] INFO :: EPOCH: [  1,  1]   | MINI-BATCH: [  50,1116]   | LOSS: 70.2298   --  3.33s
[Thu, 12 Jan 2023 00:23:20] INFO :: EPOCH: [  1,  1]   | MINI-BATCH: [  55,1116]   | LOSS: 70.1441   --  3.65s
[Thu, 12 Jan 2023 00:23:20] INFO :: EPOCH: [  1,  1]   | MINI-BATCH: [  60,1116]   | LOSS: 68.5305   --  3.94s
[Thu, 12 Jan 2023 00:23:20] INFO :: EPOCH: [  1,  1]   | MINI-BATCH: [  65,1116]   | LOSS: 69.9727   --  4.24s
[Thu, 12 Jan 2023 00:23:20] INFO :: EPOCH: [  1,  1]   | MINI-BATCH: [  70,1116]   | LOSS: 69.3322   --  4.54s
[Thu, 12 Jan 2023 00:23:21] INFO :: EPOCH: [  1,  1]   | MINI-BATCH: [  75,1116]   | LOSS: 68.9528   --  4.84s
[Thu, 12 Jan 2023 00:23:21] INFO :: EPOCH: [  1,  1]   | MINI-BATCH: [  80,1116]   | LOSS: 67.9621   --  5.15s
[Thu, 12 Jan 2023 00:23:21] INFO :: EPOCH: [  1,  1]   | MINI-BATCH: [  85,1116]   | LOSS: 68.0823   --  5.46s
[Thu, 12 Jan 2023 00:23:22] INFO :: EPOCH: [  1,  1]   | MINI-BATCH: [  90,1116]   | LOSS: 67.1458   --  5.77s
[Thu, 12 Jan 2023 00:23:22] INFO :: EPOCH: [  1,  1]   | MINI-BATCH: [  95,1116]   | LOSS: 67.4347   --  6.09s
[Thu, 12 Jan 2023 00:23:22] INFO :: EPOCH: [  1,  1]   | MINI-BATCH: [ 100,1116]   | LOSS: 67.8265   --  6.42s
[Thu, 12 Jan 2023 00:23:23] INFO :: EPOCH: [  1,  1]   | MINI-BATCH: [ 105,1116]   | LOSS: 66.4088   --  6.73s
[Thu, 12 Jan 2023 00:23:23] INFO :: EPOCH: [  1,  1]   | MINI-BATCH: [ 110,1116]   | LOSS: 66.8558   --  7.04s
[Thu, 12 Jan 2023 00:23:23] INFO :: EPOCH: [  1,  1]   | MINI-BATCH: [ 115,1116]   | LOSS: 65.8988   --  7.38s
[Thu, 12 Jan 2023 00:23:24] INFO :: EPOCH: [  1,  1]   | MINI-BATCH: [ 120,1116]   | LOSS: 66.3052   --  7.70s
[Thu, 12 Jan 2023 00:23:24] INFO :: EPOCH: [  1,  1]   | MINI-BATCH: [ 125,1116]   | LOSS: 66.0866   --  8.01s
[Thu, 12 Jan 2023 00:23:24] INFO :: EPOCH: [  1,  1]   | MINI-BATCH: [ 130,1116]   | LOSS: 65.9317   --  8.30s
[Thu, 12 Jan 2023 00:23:24] INFO :: EPOCH: [  1,  1]   | MINI-BATCH: [ 135,1116]   | LOSS: 64.8583   --  8.61s
[Thu, 12 Jan 2023 00:23:25] INFO :: EPOCH: [  1,  1]   | MINI-BATCH: [ 140,1116]   | LOSS: 65.5304   --  8.91s
[Thu, 12 Jan 2023 00:23:25] INFO :: EPOCH: [  1,  1]   | MINI-BATCH: [ 145,1116]   | LOSS: 65.6508   --  9.22s
[Thu, 12 Jan 2023 00:23:25] INFO :: EPOCH: [  1,  1]   | MINI-BATCH: [ 150,1116]   | LOSS: 64.2892   --  9.52s
[Thu, 12 Jan 2023 00:23:26] INFO :: EPOCH: [  1,  1]   | MINI-BATCH: [ 155,1116]   | LOSS: 64.5179   --  9.82s
[Thu, 12 Jan 2023 00:23:26] INFO :: EPOCH: [  1,  1]   | MINI-BATCH: [ 160,1116]   | LOSS: 64.3594   --  10.16s
[Thu, 12 Jan 2023 00:23:26] INFO :: EPOCH: [  1,  1]   | MINI-BATCH: [ 165,1116]   | LOSS: 64.6402   --  10.47s
[Thu, 12 Jan 2023 00:23:27] INFO :: EPOCH: [  1,  1]   | MINI-BATCH: [ 170,1116]   | LOSS: 63.9246   --  10.79s
[Thu, 12 Jan 2023 00:23:27] INFO :: EPOCH: [  1,  1]   | MINI-BATCH: [ 175,1116]   | LOSS: 64.7756   --  11.16s
[Thu, 12 Jan 2023 00:23:27] INFO :: EPOCH: [  1,  1]   | MINI-BATCH: [ 180,1116]   | LOSS: 64.1774   --  11.50s
[Thu, 12 Jan 2023 00:23:28] INFO :: EPOCH: [  1,  1]   | MINI-BATCH: [ 185,1116]   | LOSS: 63.9930   --  11.81s
[Thu, 12 Jan 2023 00:23:28] INFO :: EPOCH: [  1,  1]   | MINI-BATCH: [ 190,1116]   | LOSS: 63.9820   --  12.14s
[Thu, 12 Jan 2023 00:23:28] INFO :: EPOCH: [  1,  1]   | MINI-BATCH: [ 195,1116]   | LOSS: 63.2174   --  12.53s
[Thu, 12 Jan 2023 00:23:29] INFO :: EPOCH: [  1,  1]   | MINI-BATCH: [ 200,1116]   | LOSS: 64.1718   --  12.95s
[Thu, 12 Jan 2023 00:23:29] INFO :: EPOCH: [  1,  1]   | MINI-BATCH: [ 205,1116]   | LOSS: 63.4138   --  13.36s
[Thu, 12 Jan 2023 00:23:30] INFO :: EPOCH: [  1,  1]   | MINI-BATCH: [ 210,1116]   | LOSS: 63.1354   --  13.77s
[Thu, 12 Jan 2023 00:23:30] INFO :: EPOCH: [  1,  1]   | MINI-BATCH: [ 215,1116]   | LOSS: 63.5569   --  14.20s
[Thu, 12 Jan 2023 00:23:31] INFO :: EPOCH: [  1,  1]   | MINI-BATCH: [ 220,1116]   | LOSS: 63.4057   --  14.62s
[Thu, 12 Jan 2023 00:23:31] INFO :: EPOCH: [  1,  1]   | MINI-BATCH: [ 225,1116]   | LOSS: 63.7151   --  15.03s
[Thu, 12 Jan 2023 00:23:31] INFO :: EPOCH: [  1,  1]   | MINI-BATCH: [ 230,1116]   | LOSS: 63.3420   --  15.44s
[Thu, 12 Jan 2023 00:23:32] INFO :: EPOCH: [  1,  1]   | MINI-BATCH: [ 235,1116]   | LOSS: 62.9804   --  15.86s
[Thu, 12 Jan 2023 00:23:32] INFO :: EPOCH: [  1,  1]   | MINI-BATCH: [ 240,1116]   | LOSS: 62.6899   --  16.27s
[Thu, 12 Jan 2023 00:23:33] INFO :: EPOCH: [  1,  1]   | MINI-BATCH: [ 245,1116]   | LOSS: 63.5079   --  16.68s
[Thu, 12 Jan 2023 00:23:33] INFO :: EPOCH: [  1,  1]   | MINI-BATCH: [ 250,1116]   | LOSS: 62.5499   --  17.09s
[Thu, 12 Jan 2023 00:23:33] INFO :: EPOCH: [  1,  1]   | MINI-BATCH: [ 255,1116]   | LOSS: 63.4621   --  17.49s
[Thu, 12 Jan 2023 00:23:34] INFO :: EPOCH: [  1,  1]   | MINI-BATCH: [ 260,1116]   | LOSS: 62.6967   --  17.88s
[Thu, 12 Jan 2023 00:23:34] INFO :: EPOCH: [  1,  1]   | MINI-BATCH: [ 265,1116]   | LOSS: 62.6056   --  18.29s
[Thu, 12 Jan 2023 00:23:35] INFO :: EPOCH: [  1,  1]   | MINI-BATCH: [ 270,1116]   | LOSS: 61.9140   --  18.66s
[Thu, 12 Jan 2023 00:23:35] INFO :: EPOCH: [  1,  1]   | MINI-BATCH: [ 275,1116]   | LOSS: 62.7171   --  19.06s
[Thu, 12 Jan 2023 00:23:35] INFO :: EPOCH: [  1,  1]   | MINI-BATCH: [ 280,1116]   | LOSS: 62.9165   --  19.45s
[Thu, 12 Jan 2023 00:23:36] INFO :: EPOCH: [  1,  1]   | MINI-BATCH: [ 285,1116]   | LOSS: 62.3658   --  19.84s
[Thu, 12 Jan 2023 00:23:36] INFO :: EPOCH: [  1,  1]   | MINI-BATCH: [ 290,1116]   | LOSS: 62.1126   --  20.25s
[Thu, 12 Jan 2023 00:23:37] INFO :: EPOCH: [  1,  1]   | MINI-BATCH: [ 295,1116]   | LOSS: 61.2932   --  20.62s
[Thu, 12 Jan 2023 00:23:37] INFO :: EPOCH: [  1,  1]   | MINI-BATCH: [ 300,1116]   | LOSS: 62.6909   --  21.02s
[Thu, 12 Jan 2023 00:23:37] INFO :: EPOCH: [  1,  1]   | MINI-BATCH: [ 305,1116]   | LOSS: 62.5135   --  21.41s
[Thu, 12 Jan 2023 00:23:38] INFO :: EPOCH: [  1,  1]   | MINI-BATCH: [ 310,1116]   | LOSS: 62.4954   --  21.81s
[Thu, 12 Jan 2023 00:23:38] INFO :: EPOCH: [  1,  1]   | MINI-BATCH: [ 315,1116]   | LOSS: 61.5164   --  22.25s
[Thu, 12 Jan 2023 00:23:39] INFO :: EPOCH: [  1,  1]   | MINI-BATCH: [ 320,1116]   | LOSS: 62.2308   --  22.65s
[Thu, 12 Jan 2023 00:23:39] INFO :: EPOCH: [  1,  1]   | MINI-BATCH: [ 325,1116]   | LOSS: 62.4011   --  23.04s
[Thu, 12 Jan 2023 00:23:39] INFO :: EPOCH: [  1,  1]   | MINI-BATCH: [ 330,1116]   | LOSS: 61.3859   --  23.43s
[Thu, 12 Jan 2023 00:23:40] INFO :: EPOCH: [  1,  1]   | MINI-BATCH: [ 335,1116]   | LOSS: 61.7084   --  23.84s
[Thu, 12 Jan 2023 00:23:40] INFO :: EPOCH: [  1,  1]   | MINI-BATCH: [ 340,1116]   | LOSS: 62.0207   --  24.24s
[Thu, 12 Jan 2023 00:23:41] INFO :: EPOCH: [  1,  1]   | MINI-BATCH: [ 345,1116]   | LOSS: 61.4338   --  24.65s
[Thu, 12 Jan 2023 00:23:41] INFO :: EPOCH: [  1,  1]   | MINI-BATCH: [ 350,1116]   | LOSS: 61.4075   --  25.05s
[Thu, 12 Jan 2023 00:23:41] INFO :: EPOCH: [  1,  1]   | MINI-BATCH: [ 355,1116]   | LOSS: 61.4151   --  25.42s
[Thu, 12 Jan 2023 00:23:42] INFO :: EPOCH: [  1,  1]   | MINI-BATCH: [ 360,1116]   | LOSS: 61.4793   --  25.80s
[Thu, 12 Jan 2023 00:23:42] INFO :: EPOCH: [  1,  1]   | MINI-BATCH: [ 365,1116]   | LOSS: 61.8025   --  26.19s
[Thu, 12 Jan 2023 00:23:42] INFO :: EPOCH: [  1,  1]   | MINI-BATCH: [ 370,1116]   | LOSS: 62.4625   --  26.58s
[Thu, 12 Jan 2023 00:23:43] INFO :: EPOCH: [  1,  1]   | MINI-BATCH: [ 375,1116]   | LOSS: 61.5521   --  26.97s
[Thu, 12 Jan 2023 00:23:43] INFO :: EPOCH: [  1,  1]   | MINI-BATCH: [ 380,1116]   | LOSS: 61.3531   --  27.35s
[Thu, 12 Jan 2023 00:23:44] INFO :: EPOCH: [  1,  1]   | MINI-BATCH: [ 385,1116]   | LOSS: 62.0013   --  27.73s
[Thu, 12 Jan 2023 00:23:44] INFO :: EPOCH: [  1,  1]   | MINI-BATCH: [ 390,1116]   | LOSS: 61.7226   --  28.12s
[Thu, 12 Jan 2023 00:23:44] INFO :: EPOCH: [  1,  1]   | MINI-BATCH: [ 395,1116]   | LOSS: 61.6683   --  28.51s
[Thu, 12 Jan 2023 00:23:45] INFO :: EPOCH: [  1,  1]   | MINI-BATCH: [ 400,1116]   | LOSS: 61.8842   --  28.89s
[Thu, 12 Jan 2023 00:23:45] INFO :: EPOCH: [  1,  1]   | MINI-BATCH: [ 405,1116]   | LOSS: 61.7037   --  29.30s
[Thu, 12 Jan 2023 00:23:46] INFO :: EPOCH: [  1,  1]   | MINI-BATCH: [ 410,1116]   | LOSS: 60.7233   --  29.69s
[Thu, 12 Jan 2023 00:23:46] INFO :: EPOCH: [  1,  1]   | MINI-BATCH: [ 415,1116]   | LOSS: 61.0852   --  30.07s
[Thu, 12 Jan 2023 00:23:46] INFO :: EPOCH: [  1,  1]   | MINI-BATCH: [ 420,1116]   | LOSS: 60.9698   --  30.44s
[Thu, 12 Jan 2023 00:23:47] INFO :: EPOCH: [  1,  1]   | MINI-BATCH: [ 425,1116]   | LOSS: 61.0377   --  30.85s
[Thu, 12 Jan 2023 00:23:47] INFO :: EPOCH: [  1,  1]   | MINI-BATCH: [ 430,1116]   | LOSS: 61.4432   --  31.26s
[Thu, 12 Jan 2023 00:23:48] INFO :: EPOCH: [  1,  1]   | MINI-BATCH: [ 435,1116]   | LOSS: 60.8208   --  31.67s
[Thu, 12 Jan 2023 00:23:48] INFO :: EPOCH: [  1,  1]   | MINI-BATCH: [ 440,1116]   | LOSS: 61.5126   --  32.06s
[Thu, 12 Jan 2023 00:23:48] INFO :: EPOCH: [  1,  1]   | MINI-BATCH: [ 445,1116]   | LOSS: 60.9016   --  32.46s
[Thu, 12 Jan 2023 00:23:49] INFO :: EPOCH: [  1,  1]   | MINI-BATCH: [ 450,1116]   | LOSS: 60.9662   --  32.86s
[Thu, 12 Jan 2023 00:23:49] INFO :: EPOCH: [  1,  1]   | MINI-BATCH: [ 455,1116]   | LOSS: 61.2096   --  33.27s
[Thu, 12 Jan 2023 00:23:50] INFO :: EPOCH: [  1,  1]   | MINI-BATCH: [ 460,1116]   | LOSS: 60.7614   --  33.66s
[Thu, 12 Jan 2023 00:23:50] INFO :: EPOCH: [  1,  1]   | MINI-BATCH: [ 465,1116]   | LOSS: 61.0331   --  34.06s
[Thu, 12 Jan 2023 00:23:50] INFO :: EPOCH: [  1,  1]   | MINI-BATCH: [ 470,1116]   | LOSS: 61.5871   --  34.44s
[Thu, 12 Jan 2023 00:23:51] INFO :: EPOCH: [  1,  1]   | MINI-BATCH: [ 475,1116]   | LOSS: 61.5825   --  34.82s
[Thu, 12 Jan 2023 00:23:51] INFO :: EPOCH: [  1,  1]   | MINI-BATCH: [ 480,1116]   | LOSS: 60.7482   --  35.21s
[Thu, 12 Jan 2023 00:23:52] INFO :: EPOCH: [  1,  1]   | MINI-BATCH: [ 485,1116]   | LOSS: 60.8336   --  35.62s
[Thu, 12 Jan 2023 00:23:52] INFO :: EPOCH: [  1,  1]   | MINI-BATCH: [ 490,1116]   | LOSS: 61.2094   --  36.00s
[Thu, 12 Jan 2023 00:23:52] INFO :: EPOCH: [  1,  1]   | MINI-BATCH: [ 495,1116]   | LOSS: 61.1468   --  36.37s
[Thu, 12 Jan 2023 00:23:53] INFO :: EPOCH: [  1,  1]   | MINI-BATCH: [ 500,1116]   | LOSS: 60.2515   --  36.77s
[Thu, 12 Jan 2023 00:23:53] INFO :: EPOCH: [  1,  1]   | MINI-BATCH: [ 505,1116]   | LOSS: 60.5640   --  37.16s
[Thu, 12 Jan 2023 00:23:53] INFO :: EPOCH: [  1,  1]   | MINI-BATCH: [ 510,1116]   | LOSS: 60.4204   --  37.52s
[Thu, 12 Jan 2023 00:23:54] INFO :: EPOCH: [  1,  1]   | MINI-BATCH: [ 515,1116]   | LOSS: 60.6446   --  37.89s
[Thu, 12 Jan 2023 00:23:54] INFO :: EPOCH: [  1,  1]   | MINI-BATCH: [ 520,1116]   | LOSS: 60.6754   --  38.28s
[Thu, 12 Jan 2023 00:23:55] INFO :: EPOCH: [  1,  1]   | MINI-BATCH: [ 525,1116]   | LOSS: 60.7581   --  38.67s
[Thu, 12 Jan 2023 00:23:55] INFO :: EPOCH: [  1,  1]   | MINI-BATCH: [ 530,1116]   | LOSS: 60.4684   --  39.06s
[Thu, 12 Jan 2023 00:23:55] INFO :: EPOCH: [  1,  1]   | MINI-BATCH: [ 535,1116]   | LOSS: 61.0805   --  39.46s
[Thu, 12 Jan 2023 00:23:56] INFO :: EPOCH: [  1,  1]   | MINI-BATCH: [ 540,1116]   | LOSS: 60.9073   --  39.85s
[Thu, 12 Jan 2023 00:23:56] INFO :: EPOCH: [  1,  1]   | MINI-BATCH: [ 545,1116]   | LOSS: 61.1267   --  40.24s
[Thu, 12 Jan 2023 00:23:57] INFO :: EPOCH: [  1,  1]   | MINI-BATCH: [ 550,1116]   | LOSS: 60.4619   --  40.64s
[Thu, 12 Jan 2023 00:23:57] INFO :: EPOCH: [  1,  1]   | MINI-BATCH: [ 555,1116]   | LOSS: 61.1101   --  41.04s
[Thu, 12 Jan 2023 00:23:57] INFO :: EPOCH: [  1,  1]   | MINI-BATCH: [ 560,1116]   | LOSS: 60.9691   --  41.45s
[Thu, 12 Jan 2023 00:23:58] INFO :: EPOCH: [  1,  1]   | MINI-BATCH: [ 565,1116]   | LOSS: 60.1646   --  41.84s
[Thu, 12 Jan 2023 00:23:58] INFO :: EPOCH: [  1,  1]   | MINI-BATCH: [ 570,1116]   | LOSS: 60.2581   --  42.24s
[Thu, 12 Jan 2023 00:23:59] INFO :: EPOCH: [  1,  1]   | MINI-BATCH: [ 575,1116]   | LOSS: 60.5157   --  42.64s
[Thu, 12 Jan 2023 00:23:59] INFO :: EPOCH: [  1,  1]   | MINI-BATCH: [ 580,1116]   | LOSS: 59.9943   --  43.03s
[Thu, 12 Jan 2023 00:23:59] INFO :: EPOCH: [  1,  1]   | MINI-BATCH: [ 585,1116]   | LOSS: 61.5167   --  43.44s
[Thu, 12 Jan 2023 00:24:00] INFO :: EPOCH: [  1,  1]   | MINI-BATCH: [ 590,1116]   | LOSS: 60.8952   --  43.83s
[Thu, 12 Jan 2023 00:24:00] INFO :: EPOCH: [  1,  1]   | MINI-BATCH: [ 595,1116]   | LOSS: 60.4965   --  44.20s
[Thu, 12 Jan 2023 00:24:00] INFO :: EPOCH: [  1,  1]   | MINI-BATCH: [ 600,1116]   | LOSS: 60.8646   --  44.60s
[Thu, 12 Jan 2023 00:24:01] INFO :: EPOCH: [  1,  1]   | MINI-BATCH: [ 605,1116]   | LOSS: 60.3981   --  44.99s
[Thu, 12 Jan 2023 00:24:01] INFO :: EPOCH: [  1,  1]   | MINI-BATCH: [ 610,1116]   | LOSS: 60.5473   --  45.36s
[Thu, 12 Jan 2023 00:24:02] INFO :: EPOCH: [  1,  1]   | MINI-BATCH: [ 615,1116]   | LOSS: 60.2039   --  45.74s
[Thu, 12 Jan 2023 00:24:02] INFO :: EPOCH: [  1,  1]   | MINI-BATCH: [ 620,1116]   | LOSS: 60.7262   --  46.15s
[Thu, 12 Jan 2023 00:24:02] INFO :: EPOCH: [  1,  1]   | MINI-BATCH: [ 625,1116]   | LOSS: 60.2568   --  46.57s
[Thu, 12 Jan 2023 00:24:03] INFO :: EPOCH: [  1,  1]   | MINI-BATCH: [ 630,1116]   | LOSS: 60.8258   --  46.99s
[Thu, 12 Jan 2023 00:24:03] INFO :: EPOCH: [  1,  1]   | MINI-BATCH: [ 635,1116]   | LOSS: 60.1663   --  47.38s
[Thu, 12 Jan 2023 00:24:04] INFO :: EPOCH: [  1,  1]   | MINI-BATCH: [ 640,1116]   | LOSS: 60.1058   --  47.75s
[Thu, 12 Jan 2023 00:24:04] INFO :: EPOCH: [  1,  1]   | MINI-BATCH: [ 645,1116]   | LOSS: 60.5225   --  48.12s
[Thu, 12 Jan 2023 00:24:04] INFO :: EPOCH: [  1,  1]   | MINI-BATCH: [ 650,1116]   | LOSS: 60.0925   --  48.49s
[Thu, 12 Jan 2023 00:24:05] INFO :: EPOCH: [  1,  1]   | MINI-BATCH: [ 655,1116]   | LOSS: 60.2642   --  48.86s
[Thu, 12 Jan 2023 00:24:05] INFO :: EPOCH: [  1,  1]   | MINI-BATCH: [ 660,1116]   | LOSS: 60.6008   --  49.24s
[Thu, 12 Jan 2023 00:24:06] INFO :: EPOCH: [  1,  1]   | MINI-BATCH: [ 665,1116]   | LOSS: 60.1271   --  49.64s
[Thu, 12 Jan 2023 00:24:06] INFO :: EPOCH: [  1,  1]   | MINI-BATCH: [ 670,1116]   | LOSS: 60.6128   --  50.06s
[Thu, 12 Jan 2023 00:24:06] INFO :: EPOCH: [  1,  1]   | MINI-BATCH: [ 675,1116]   | LOSS: 60.3067   --  50.46s
[Thu, 12 Jan 2023 00:24:07] INFO :: EPOCH: [  1,  1]   | MINI-BATCH: [ 680,1116]   | LOSS: 59.9580   --  50.85s
[Thu, 12 Jan 2023 00:24:07] INFO :: EPOCH: [  1,  1]   | MINI-BATCH: [ 685,1116]   | LOSS: 60.6527   --  51.26s
[Thu, 12 Jan 2023 00:24:08] INFO :: EPOCH: [  1,  1]   | MINI-BATCH: [ 690,1116]   | LOSS: 60.4543   --  51.65s
[Thu, 12 Jan 2023 00:24:08] INFO :: EPOCH: [  1,  1]   | MINI-BATCH: [ 695,1116]   | LOSS: 60.2213   --  52.02s
[Thu, 12 Jan 2023 00:24:08] INFO :: EPOCH: [  1,  1]   | MINI-BATCH: [ 700,1116]   | LOSS: 60.0905   --  52.40s
[Thu, 12 Jan 2023 00:24:09] INFO :: EPOCH: [  1,  1]   | MINI-BATCH: [ 705,1116]   | LOSS: 59.9060   --  52.77s
[Thu, 12 Jan 2023 00:24:09] INFO :: EPOCH: [  1,  1]   | MINI-BATCH: [ 710,1116]   | LOSS: 60.6988   --  53.13s
[Thu, 12 Jan 2023 00:24:09] INFO :: EPOCH: [  1,  1]   | MINI-BATCH: [ 715,1116]   | LOSS: 59.9761   --  53.50s
[Thu, 12 Jan 2023 00:24:10] INFO :: EPOCH: [  1,  1]   | MINI-BATCH: [ 720,1116]   | LOSS: 59.7392   --  53.87s
[Thu, 12 Jan 2023 00:24:10] INFO :: EPOCH: [  1,  1]   | MINI-BATCH: [ 725,1116]   | LOSS: 59.9556   --  54.26s
[Thu, 12 Jan 2023 00:24:11] INFO :: EPOCH: [  1,  1]   | MINI-BATCH: [ 730,1116]   | LOSS: 60.4963   --  54.63s
[Thu, 12 Jan 2023 00:24:11] INFO :: EPOCH: [  1,  1]   | MINI-BATCH: [ 735,1116]   | LOSS: 60.1878   --  55.03s
[Thu, 12 Jan 2023 00:24:11] INFO :: EPOCH: [  1,  1]   | MINI-BATCH: [ 740,1116]   | LOSS: 60.3332   --  55.45s
[Thu, 12 Jan 2023 00:24:12] INFO :: EPOCH: [  1,  1]   | MINI-BATCH: [ 745,1116]   | LOSS: 60.1304   --  55.84s
[Thu, 12 Jan 2023 00:24:12] INFO :: EPOCH: [  1,  1]   | MINI-BATCH: [ 750,1116]   | LOSS: 60.3711   --  56.21s
[Thu, 12 Jan 2023 00:24:12] INFO :: EPOCH: [  1,  1]   | MINI-BATCH: [ 755,1116]   | LOSS: 60.6118   --  56.58s
[Thu, 12 Jan 2023 00:24:13] INFO :: EPOCH: [  1,  1]   | MINI-BATCH: [ 760,1116]   | LOSS: 60.4474   --  56.95s
[Thu, 12 Jan 2023 00:24:13] INFO :: EPOCH: [  1,  1]   | MINI-BATCH: [ 765,1116]   | LOSS: 60.1693   --  57.32s
[Thu, 12 Jan 2023 00:24:14] INFO :: EPOCH: [  1,  1]   | MINI-BATCH: [ 770,1116]   | LOSS: 59.9257   --  57.68s
[Thu, 12 Jan 2023 00:24:14] INFO :: EPOCH: [  1,  1]   | MINI-BATCH: [ 775,1116]   | LOSS: 59.6819   --  58.05s
[Thu, 12 Jan 2023 00:24:14] INFO :: EPOCH: [  1,  1]   | MINI-BATCH: [ 780,1116]   | LOSS: 60.3740   --  58.42s
[Thu, 12 Jan 2023 00:24:15] INFO :: EPOCH: [  1,  1]   | MINI-BATCH: [ 785,1116]   | LOSS: 60.2052   --  58.78s
[Thu, 12 Jan 2023 00:24:15] INFO :: EPOCH: [  1,  1]   | MINI-BATCH: [ 790,1116]   | LOSS: 60.1459   --  59.15s
[Thu, 12 Jan 2023 00:24:15] INFO :: EPOCH: [  1,  1]   | MINI-BATCH: [ 795,1116]   | LOSS: 60.4328   --  59.51s
[Thu, 12 Jan 2023 00:24:16] INFO :: EPOCH: [  1,  1]   | MINI-BATCH: [ 800,1116]   | LOSS: 59.9455   --  59.90s
[Thu, 12 Jan 2023 00:24:16] INFO :: EPOCH: [  1,  1]   | MINI-BATCH: [ 805,1116]   | LOSS: 59.5822   --  60.27s
[Thu, 12 Jan 2023 00:24:17] INFO :: EPOCH: [  1,  1]   | MINI-BATCH: [ 810,1116]   | LOSS: 60.1475   --  60.64s
[Thu, 12 Jan 2023 00:24:17] INFO :: EPOCH: [  1,  1]   | MINI-BATCH: [ 815,1116]   | LOSS: 59.7871   --  61.01s
[Thu, 12 Jan 2023 00:24:17] INFO :: EPOCH: [  1,  1]   | MINI-BATCH: [ 820,1116]   | LOSS: 59.5272   --  61.37s
[Thu, 12 Jan 2023 00:24:18] INFO :: EPOCH: [  1,  1]   | MINI-BATCH: [ 825,1116]   | LOSS: 60.1197   --  61.74s
[Thu, 12 Jan 2023 00:24:18] INFO :: EPOCH: [  1,  1]   | MINI-BATCH: [ 830,1116]   | LOSS: 59.5006   --  62.11s
[Thu, 12 Jan 2023 00:24:18] INFO :: EPOCH: [  1,  1]   | MINI-BATCH: [ 835,1116]   | LOSS: 59.4384   --  62.48s
[Thu, 12 Jan 2023 00:24:19] INFO :: EPOCH: [  1,  1]   | MINI-BATCH: [ 840,1116]   | LOSS: 59.7051   --  62.87s
[Thu, 12 Jan 2023 00:24:19] INFO :: EPOCH: [  1,  1]   | MINI-BATCH: [ 845,1116]   | LOSS: 59.4685   --  63.27s
[Thu, 12 Jan 2023 00:24:20] INFO :: EPOCH: [  1,  1]   | MINI-BATCH: [ 850,1116]   | LOSS: 59.7350   --  63.63s
[Thu, 12 Jan 2023 00:24:20] INFO :: EPOCH: [  1,  1]   | MINI-BATCH: [ 855,1116]   | LOSS: 60.3437   --  64.00s
[Thu, 12 Jan 2023 00:24:20] INFO :: EPOCH: [  1,  1]   | MINI-BATCH: [ 860,1116]   | LOSS: 59.5429   --  64.41s
[Thu, 12 Jan 2023 00:24:21] INFO :: EPOCH: [  1,  1]   | MINI-BATCH: [ 865,1116]   | LOSS: 60.5956   --  64.79s
[Thu, 12 Jan 2023 00:24:21] INFO :: EPOCH: [  1,  1]   | MINI-BATCH: [ 870,1116]   | LOSS: 60.4600   --  65.19s
[Thu, 12 Jan 2023 00:24:21] INFO :: EPOCH: [  1,  1]   | MINI-BATCH: [ 875,1116]   | LOSS: 58.9709   --  65.57s
[Thu, 12 Jan 2023 00:24:22] INFO :: EPOCH: [  1,  1]   | MINI-BATCH: [ 880,1116]   | LOSS: 59.2156   --  65.93s
[Thu, 12 Jan 2023 00:24:22] INFO :: EPOCH: [  1,  1]   | MINI-BATCH: [ 885,1116]   | LOSS: 59.6833   --  66.31s
[Thu, 12 Jan 2023 00:24:23] INFO :: EPOCH: [  1,  1]   | MINI-BATCH: [ 890,1116]   | LOSS: 60.2425   --  66.69s
[Thu, 12 Jan 2023 00:24:23] INFO :: EPOCH: [  1,  1]   | MINI-BATCH: [ 895,1116]   | LOSS: 59.5824   --  67.06s
[Thu, 12 Jan 2023 00:24:23] INFO :: EPOCH: [  1,  1]   | MINI-BATCH: [ 900,1116]   | LOSS: 59.8614   --  67.42s
[Thu, 12 Jan 2023 00:24:24] INFO :: EPOCH: [  1,  1]   | MINI-BATCH: [ 905,1116]   | LOSS: 59.9360   --  67.79s
[Thu, 12 Jan 2023 00:24:24] INFO :: EPOCH: [  1,  1]   | MINI-BATCH: [ 910,1116]   | LOSS: 60.1647   --  68.16s
[Thu, 12 Jan 2023 00:24:24] INFO :: EPOCH: [  1,  1]   | MINI-BATCH: [ 915,1116]   | LOSS: 60.0567   --  68.53s
[Thu, 12 Jan 2023 00:24:25] INFO :: EPOCH: [  1,  1]   | MINI-BATCH: [ 920,1116]   | LOSS: 59.5587   --  68.93s
[Thu, 12 Jan 2023 00:24:25] INFO :: EPOCH: [  1,  1]   | MINI-BATCH: [ 925,1116]   | LOSS: 60.2486   --  69.33s
[Thu, 12 Jan 2023 00:24:26] INFO :: EPOCH: [  1,  1]   | MINI-BATCH: [ 930,1116]   | LOSS: 60.1457   --  69.87s
[Thu, 12 Jan 2023 00:24:26] INFO :: EPOCH: [  1,  1]   | MINI-BATCH: [ 935,1116]   | LOSS: 59.9203   --  70.24s
[Thu, 12 Jan 2023 00:24:27] INFO :: EPOCH: [  1,  1]   | MINI-BATCH: [ 940,1116]   | LOSS: 60.3995   --  70.61s
[Thu, 12 Jan 2023 00:24:27] INFO :: EPOCH: [  1,  1]   | MINI-BATCH: [ 945,1116]   | LOSS: 59.5236   --  70.98s
[Thu, 12 Jan 2023 00:24:27] INFO :: EPOCH: [  1,  1]   | MINI-BATCH: [ 950,1116]   | LOSS: 59.6919   --  71.34s
[Thu, 12 Jan 2023 00:24:28] INFO :: EPOCH: [  1,  1]   | MINI-BATCH: [ 955,1116]   | LOSS: 59.6867   --  71.71s
[Thu, 12 Jan 2023 00:24:28] INFO :: EPOCH: [  1,  1]   | MINI-BATCH: [ 960,1116]   | LOSS: 59.7105   --  72.08s
[Thu, 12 Jan 2023 00:24:28] INFO :: EPOCH: [  1,  1]   | MINI-BATCH: [ 965,1116]   | LOSS: 59.7287   --  72.44s
[Thu, 12 Jan 2023 00:24:29] INFO :: EPOCH: [  1,  1]   | MINI-BATCH: [ 970,1116]   | LOSS: 60.1300   --  72.81s
[Thu, 12 Jan 2023 00:24:29] INFO :: EPOCH: [  1,  1]   | MINI-BATCH: [ 975,1116]   | LOSS: 60.0842   --  73.17s
[Thu, 12 Jan 2023 00:24:29] INFO :: EPOCH: [  1,  1]   | MINI-BATCH: [ 980,1116]   | LOSS: 59.7480   --  73.54s
[Thu, 12 Jan 2023 00:24:30] INFO :: EPOCH: [  1,  1]   | MINI-BATCH: [ 985,1116]   | LOSS: 59.9386   --  73.90s
[Thu, 12 Jan 2023 00:24:30] INFO :: EPOCH: [  1,  1]   | MINI-BATCH: [ 990,1116]   | LOSS: 59.0090   --  74.28s
[Thu, 12 Jan 2023 00:24:31] INFO :: EPOCH: [  1,  1]   | MINI-BATCH: [ 995,1116]   | LOSS: 59.8422   --  74.65s
[Thu, 12 Jan 2023 00:24:31] INFO :: EPOCH: [  1,  1]   | MINI-BATCH: [1000,1116]   | LOSS: 59.5591   --  75.02s
[Thu, 12 Jan 2023 00:24:31] INFO :: EPOCH: [  1,  1]   | MINI-BATCH: [1005,1116]   | LOSS: 59.3010   --  75.40s
[Thu, 12 Jan 2023 00:24:32] INFO :: EPOCH: [  1,  1]   | MINI-BATCH: [1010,1116]   | LOSS: 59.7794   --  75.77s
[Thu, 12 Jan 2023 00:24:32] INFO :: EPOCH: [  1,  1]   | MINI-BATCH: [1015,1116]   | LOSS: 59.4351   --  76.13s
[Thu, 12 Jan 2023 00:24:32] INFO :: EPOCH: [  1,  1]   | MINI-BATCH: [1020,1116]   | LOSS: 59.7056   --  76.51s
[Thu, 12 Jan 2023 00:24:33] INFO :: EPOCH: [  1,  1]   | MINI-BATCH: [1025,1116]   | LOSS: 59.5850   --  76.90s
[Thu, 12 Jan 2023 00:24:33] INFO :: EPOCH: [  1,  1]   | MINI-BATCH: [1030,1116]   | LOSS: 59.9018   --  77.31s
[Thu, 12 Jan 2023 00:24:34] INFO :: EPOCH: [  1,  1]   | MINI-BATCH: [1035,1116]   | LOSS: 60.1430   --  77.68s
[Thu, 12 Jan 2023 00:24:34] INFO :: EPOCH: [  1,  1]   | MINI-BATCH: [1040,1116]   | LOSS: 59.0390   --  78.08s
[Thu, 12 Jan 2023 00:24:34] INFO :: EPOCH: [  1,  1]   | MINI-BATCH: [1045,1116]   | LOSS: 59.2472   --  78.50s
[Thu, 12 Jan 2023 00:24:35] INFO :: EPOCH: [  1,  1]   | MINI-BATCH: [1050,1116]   | LOSS: 59.3871   --  78.88s
[Thu, 12 Jan 2023 00:24:35] INFO :: EPOCH: [  1,  1]   | MINI-BATCH: [1055,1116]   | LOSS: 59.0570   --  79.28s
[Thu, 12 Jan 2023 00:24:36] INFO :: EPOCH: [  1,  1]   | MINI-BATCH: [1060,1116]   | LOSS: 58.9535   --  79.66s
[Thu, 12 Jan 2023 00:24:36] INFO :: EPOCH: [  1,  1]   | MINI-BATCH: [1065,1116]   | LOSS: 60.0879   --  80.04s
[Thu, 12 Jan 2023 00:24:36] INFO :: EPOCH: [  1,  1]   | MINI-BATCH: [1070,1116]   | LOSS: 59.8821   --  80.42s
[Thu, 12 Jan 2023 00:24:37] INFO :: EPOCH: [  1,  1]   | MINI-BATCH: [1075,1116]   | LOSS: 58.9966   --  80.78s
[Thu, 12 Jan 2023 00:24:37] INFO :: EPOCH: [  1,  1]   | MINI-BATCH: [1080,1116]   | LOSS: 59.7954   --  81.16s
[Thu, 12 Jan 2023 00:24:37] INFO :: EPOCH: [  1,  1]   | MINI-BATCH: [1085,1116]   | LOSS: 59.4460   --  81.54s
[Thu, 12 Jan 2023 00:24:38] INFO :: EPOCH: [  1,  1]   | MINI-BATCH: [1090,1116]   | LOSS: 59.4360   --  81.91s
[Thu, 12 Jan 2023 00:24:38] INFO :: EPOCH: [  1,  1]   | MINI-BATCH: [1095,1116]   | LOSS: 59.0250   --  82.28s
[Thu, 12 Jan 2023 00:24:39] INFO :: EPOCH: [  1,  1]   | MINI-BATCH: [1100,1116]   | LOSS: 59.0155   --  82.66s
[Thu, 12 Jan 2023 00:24:39] INFO :: EPOCH: [  1,  1]   | MINI-BATCH: [1105,1116]   | LOSS: 59.5232   --  83.05s
[Thu, 12 Jan 2023 00:24:39] INFO :: EPOCH: [  1,  1]   | MINI-BATCH: [1110,1116]   | LOSS: 59.2146   --  83.45s
[Thu, 12 Jan 2023 00:24:40] INFO :: EPOCH: [  1,  1]   | MINI-BATCH: [1115,1116]   | LOSS: 59.8791   --  83.85s
[Thu, 12 Jan 2023 00:24:50] INFO :: EPOCH: [  1,  1]   | VAL-ACCURACY: 0.9395      | VAL-LOSS: 59.4412   --  93.71s
