[Sun, 22 Jan 2023 00:41:18] INFO :: START EPOCH - 1
[Sun, 22 Jan 2023 00:41:18] INFO :: EPOCH: [  1,  1]   | MINI-BATCH: [   5,1050]   | LOSS: 57.0894   --  0.17s
[Sun, 22 Jan 2023 00:41:18] INFO :: EPOCH: [  1,  1]   | MINI-BATCH: [  10,1050]   | LOSS: 57.3819   --  0.35s
[Sun, 22 Jan 2023 00:41:18] INFO :: EPOCH: [  1,  1]   | MINI-BATCH: [  15,1050]   | LOSS: 57.3635   --  0.52s
[Sun, 22 Jan 2023 00:41:18] INFO :: EPOCH: [  1,  1]   | MINI-BATCH: [  20,1050]   | LOSS: 57.3937   --  0.70s
[Sun, 22 Jan 2023 00:41:18] INFO :: EPOCH: [  1,  1]   | MINI-BATCH: [  25,1050]   | LOSS: 57.1561   --  0.87s
[Sun, 22 Jan 2023 00:41:19] INFO :: EPOCH: [  1,  1]   | MINI-BATCH: [  30,1050]   | LOSS: 57.3324   --  1.04s
[Sun, 22 Jan 2023 00:41:19] INFO :: EPOCH: [  1,  1]   | MINI-BATCH: [  35,1050]   | LOSS: 57.2286   --  1.22s
[Sun, 22 Jan 2023 00:41:19] INFO :: EPOCH: [  1,  1]   | MINI-BATCH: [  40,1050]   | LOSS: 57.1063   --  1.40s
[Sun, 22 Jan 2023 00:41:19] INFO :: EPOCH: [  1,  1]   | MINI-BATCH: [  45,1050]   | LOSS: 57.5987   --  1.57s
[Sun, 22 Jan 2023 00:41:19] INFO :: EPOCH: [  1,  1]   | MINI-BATCH: [  50,1050]   | LOSS: 57.3092   --  1.75s
[Sun, 22 Jan 2023 00:41:19] INFO :: EPOCH: [  1,  1]   | MINI-BATCH: [  55,1050]   | LOSS: 57.2289   --  1.93s
[Sun, 22 Jan 2023 00:41:20] INFO :: EPOCH: [  1,  1]   | MINI-BATCH: [  60,1050]   | LOSS: 57.1411   --  2.10s
[Sun, 22 Jan 2023 00:41:20] INFO :: EPOCH: [  1,  1]   | MINI-BATCH: [  65,1050]   | LOSS: 57.3820   --  2.27s
[Sun, 22 Jan 2023 00:41:20] INFO :: EPOCH: [  1,  1]   | MINI-BATCH: [  70,1050]   | LOSS: 57.3080   --  2.44s
[Sun, 22 Jan 2023 00:41:20] INFO :: EPOCH: [  1,  1]   | MINI-BATCH: [  75,1050]   | LOSS: 57.1784   --  2.61s
[Sun, 22 Jan 2023 00:41:20] INFO :: EPOCH: [  1,  1]   | MINI-BATCH: [  80,1050]   | LOSS: 57.2445   --  2.80s
[Sun, 22 Jan 2023 00:41:21] INFO :: EPOCH: [  1,  1]   | MINI-BATCH: [  85,1050]   | LOSS: 57.2829   --  2.98s
[Sun, 22 Jan 2023 00:41:21] INFO :: EPOCH: [  1,  1]   | MINI-BATCH: [  90,1050]   | LOSS: 57.0896   --  3.15s
[Sun, 22 Jan 2023 00:41:21] INFO :: EPOCH: [  1,  1]   | MINI-BATCH: [  95,1050]   | LOSS: 57.0918   --  3.33s
[Sun, 22 Jan 2023 00:41:21] INFO :: EPOCH: [  1,  1]   | MINI-BATCH: [ 100,1050]   | LOSS: 57.2197   --  3.51s
[Sun, 22 Jan 2023 00:41:21] INFO :: EPOCH: [  1,  1]   | MINI-BATCH: [ 105,1050]   | LOSS: 57.2362   --  3.69s
[Sun, 22 Jan 2023 00:41:21] INFO :: EPOCH: [  1,  1]   | MINI-BATCH: [ 110,1050]   | LOSS: 57.2892   --  3.87s
[Sun, 22 Jan 2023 00:41:22] INFO :: EPOCH: [  1,  1]   | MINI-BATCH: [ 115,1050]   | LOSS: 57.5454   --  4.04s
[Sun, 22 Jan 2023 00:41:22] INFO :: EPOCH: [  1,  1]   | MINI-BATCH: [ 120,1050]   | LOSS: 57.3297   --  4.21s
[Sun, 22 Jan 2023 00:41:22] INFO :: EPOCH: [  1,  1]   | MINI-BATCH: [ 125,1050]   | LOSS: 57.2557   --  4.38s
[Sun, 22 Jan 2023 00:41:22] INFO :: EPOCH: [  1,  1]   | MINI-BATCH: [ 130,1050]   | LOSS: 57.2023   --  4.56s
[Sun, 22 Jan 2023 00:41:22] INFO :: EPOCH: [  1,  1]   | MINI-BATCH: [ 135,1050]   | LOSS: 57.0111   --  4.73s
[Sun, 22 Jan 2023 00:41:22] INFO :: EPOCH: [  1,  1]   | MINI-BATCH: [ 140,1050]   | LOSS: 56.9962   --  4.90s
[Sun, 22 Jan 2023 00:41:23] INFO :: EPOCH: [  1,  1]   | MINI-BATCH: [ 145,1050]   | LOSS: 57.2115   --  5.07s
[Sun, 22 Jan 2023 00:41:23] INFO :: EPOCH: [  1,  1]   | MINI-BATCH: [ 150,1050]   | LOSS: 57.1657   --  5.24s
[Sun, 22 Jan 2023 00:41:23] INFO :: EPOCH: [  1,  1]   | MINI-BATCH: [ 155,1050]   | LOSS: 57.0718   --  5.41s
[Sun, 22 Jan 2023 00:41:23] INFO :: EPOCH: [  1,  1]   | MINI-BATCH: [ 160,1050]   | LOSS: 57.1457   --  5.59s
[Sun, 22 Jan 2023 00:41:23] INFO :: EPOCH: [  1,  1]   | MINI-BATCH: [ 165,1050]   | LOSS: 57.3209   --  5.76s
[Sun, 22 Jan 2023 00:41:23] INFO :: EPOCH: [  1,  1]   | MINI-BATCH: [ 170,1050]   | LOSS: 57.2133   --  5.93s
[Sun, 22 Jan 2023 00:41:24] INFO :: EPOCH: [  1,  1]   | MINI-BATCH: [ 175,1050]   | LOSS: 57.1748   --  6.11s
[Sun, 22 Jan 2023 00:41:24] INFO :: EPOCH: [  1,  1]   | MINI-BATCH: [ 180,1050]   | LOSS: 57.6137   --  6.28s
[Sun, 22 Jan 2023 00:41:24] INFO :: EPOCH: [  1,  1]   | MINI-BATCH: [ 185,1050]   | LOSS: 57.0640   --  6.45s
[Sun, 22 Jan 2023 00:41:24] INFO :: EPOCH: [  1,  1]   | MINI-BATCH: [ 190,1050]   | LOSS: 57.1623   --  6.62s
[Sun, 22 Jan 2023 00:41:24] INFO :: EPOCH: [  1,  1]   | MINI-BATCH: [ 195,1050]   | LOSS: 56.9841   --  6.79s
[Sun, 22 Jan 2023 00:41:24] INFO :: EPOCH: [  1,  1]   | MINI-BATCH: [ 200,1050]   | LOSS: 57.2496   --  6.96s
[Sun, 22 Jan 2023 00:41:25] INFO :: EPOCH: [  1,  1]   | MINI-BATCH: [ 205,1050]   | LOSS: 57.1582   --  7.13s
[Sun, 22 Jan 2023 00:41:25] INFO :: EPOCH: [  1,  1]   | MINI-BATCH: [ 210,1050]   | LOSS: 57.1230   --  7.30s
[Sun, 22 Jan 2023 00:41:25] INFO :: EPOCH: [  1,  1]   | MINI-BATCH: [ 215,1050]   | LOSS: 57.0382   --  7.47s
[Sun, 22 Jan 2023 00:41:25] INFO :: EPOCH: [  1,  1]   | MINI-BATCH: [ 220,1050]   | LOSS: 57.2931   --  7.65s
[Sun, 22 Jan 2023 00:41:25] INFO :: EPOCH: [  1,  1]   | MINI-BATCH: [ 225,1050]   | LOSS: 57.2989   --  7.82s
[Sun, 22 Jan 2023 00:41:26] INFO :: EPOCH: [  1,  1]   | MINI-BATCH: [ 230,1050]   | LOSS: 57.0793   --  8.00s
[Sun, 22 Jan 2023 00:41:26] INFO :: EPOCH: [  1,  1]   | MINI-BATCH: [ 235,1050]   | LOSS: 57.4938   --  8.17s
[Sun, 22 Jan 2023 00:41:26] INFO :: EPOCH: [  1,  1]   | MINI-BATCH: [ 240,1050]   | LOSS: 57.0386   --  8.34s
[Sun, 22 Jan 2023 00:41:26] INFO :: EPOCH: [  1,  1]   | MINI-BATCH: [ 245,1050]   | LOSS: 57.1702   --  8.53s
[Sun, 22 Jan 2023 00:41:26] INFO :: EPOCH: [  1,  1]   | MINI-BATCH: [ 250,1050]   | LOSS: 57.2944   --  8.70s
[Sun, 22 Jan 2023 00:41:26] INFO :: EPOCH: [  1,  1]   | MINI-BATCH: [ 255,1050]   | LOSS: 57.0097   --  8.87s
[Sun, 22 Jan 2023 00:41:27] INFO :: EPOCH: [  1,  1]   | MINI-BATCH: [ 260,1050]   | LOSS: 57.1083   --  9.04s
[Sun, 22 Jan 2023 00:41:27] INFO :: EPOCH: [  1,  1]   | MINI-BATCH: [ 265,1050]   | LOSS: 57.5586   --  9.21s
[Sun, 22 Jan 2023 00:41:27] INFO :: EPOCH: [  1,  1]   | MINI-BATCH: [ 270,1050]   | LOSS: 57.1784   --  9.39s
[Sun, 22 Jan 2023 00:41:27] INFO :: EPOCH: [  1,  1]   | MINI-BATCH: [ 275,1050]   | LOSS: 57.0810   --  9.56s
[Sun, 22 Jan 2023 00:41:27] INFO :: EPOCH: [  1,  1]   | MINI-BATCH: [ 280,1050]   | LOSS: 57.2765   --  9.73s
[Sun, 22 Jan 2023 00:41:27] INFO :: EPOCH: [  1,  1]   | MINI-BATCH: [ 285,1050]   | LOSS: 57.0562   --  9.90s
[Sun, 22 Jan 2023 00:41:28] INFO :: EPOCH: [  1,  1]   | MINI-BATCH: [ 290,1050]   | LOSS: 57.0489   --  10.07s
[Sun, 22 Jan 2023 00:41:28] INFO :: EPOCH: [  1,  1]   | MINI-BATCH: [ 295,1050]   | LOSS: 57.0561   --  10.24s
[Sun, 22 Jan 2023 00:41:28] INFO :: EPOCH: [  1,  1]   | MINI-BATCH: [ 300,1050]   | LOSS: 57.0767   --  10.42s
[Sun, 22 Jan 2023 00:41:28] INFO :: EPOCH: [  1,  1]   | MINI-BATCH: [ 305,1050]   | LOSS: 57.3431   --  10.59s
[Sun, 22 Jan 2023 00:41:28] INFO :: EPOCH: [  1,  1]   | MINI-BATCH: [ 310,1050]   | LOSS: 57.0454   --  10.77s
[Sun, 22 Jan 2023 00:41:28] INFO :: EPOCH: [  1,  1]   | MINI-BATCH: [ 315,1050]   | LOSS: 57.6285   --  10.94s
[Sun, 22 Jan 2023 00:41:29] INFO :: EPOCH: [  1,  1]   | MINI-BATCH: [ 320,1050]   | LOSS: 57.2934   --  11.12s
[Sun, 22 Jan 2023 00:41:29] INFO :: EPOCH: [  1,  1]   | MINI-BATCH: [ 325,1050]   | LOSS: 57.0712   --  11.29s
[Sun, 22 Jan 2023 00:41:29] INFO :: EPOCH: [  1,  1]   | MINI-BATCH: [ 330,1050]   | LOSS: 57.4732   --  11.46s
[Sun, 22 Jan 2023 00:41:29] INFO :: EPOCH: [  1,  1]   | MINI-BATCH: [ 335,1050]   | LOSS: 57.2445   --  11.64s
[Sun, 22 Jan 2023 00:41:29] INFO :: EPOCH: [  1,  1]   | MINI-BATCH: [ 340,1050]   | LOSS: 57.2240   --  11.82s
[Sun, 22 Jan 2023 00:41:30] INFO :: EPOCH: [  1,  1]   | MINI-BATCH: [ 345,1050]   | LOSS: 57.1921   --  12.00s
[Sun, 22 Jan 2023 00:41:30] INFO :: EPOCH: [  1,  1]   | MINI-BATCH: [ 350,1050]   | LOSS: 57.2296   --  12.17s
[Sun, 22 Jan 2023 00:41:30] INFO :: EPOCH: [  1,  1]   | MINI-BATCH: [ 355,1050]   | LOSS: 57.3116   --  12.35s
[Sun, 22 Jan 2023 00:41:30] INFO :: EPOCH: [  1,  1]   | MINI-BATCH: [ 360,1050]   | LOSS: 57.0250   --  12.52s
[Sun, 22 Jan 2023 00:41:30] INFO :: EPOCH: [  1,  1]   | MINI-BATCH: [ 365,1050]   | LOSS: 57.2959   --  12.69s
[Sun, 22 Jan 2023 00:41:30] INFO :: EPOCH: [  1,  1]   | MINI-BATCH: [ 370,1050]   | LOSS: 57.2525   --  12.86s
[Sun, 22 Jan 2023 00:41:31] INFO :: EPOCH: [  1,  1]   | MINI-BATCH: [ 375,1050]   | LOSS: 57.4078   --  13.04s
[Sun, 22 Jan 2023 00:41:31] INFO :: EPOCH: [  1,  1]   | MINI-BATCH: [ 380,1050]   | LOSS: 57.1206   --  13.21s
[Sun, 22 Jan 2023 00:41:31] INFO :: EPOCH: [  1,  1]   | MINI-BATCH: [ 385,1050]   | LOSS: 57.1603   --  13.38s
[Sun, 22 Jan 2023 00:41:31] INFO :: EPOCH: [  1,  1]   | MINI-BATCH: [ 390,1050]   | LOSS: 57.0508   --  13.55s
[Sun, 22 Jan 2023 00:41:31] INFO :: EPOCH: [  1,  1]   | MINI-BATCH: [ 395,1050]   | LOSS: 57.1571   --  13.72s
[Sun, 22 Jan 2023 00:41:31] INFO :: EPOCH: [  1,  1]   | MINI-BATCH: [ 400,1050]   | LOSS: 57.4967   --  13.90s
[Sun, 22 Jan 2023 00:41:32] INFO :: EPOCH: [  1,  1]   | MINI-BATCH: [ 405,1050]   | LOSS: 57.1638   --  14.07s
[Sun, 22 Jan 2023 00:41:32] INFO :: EPOCH: [  1,  1]   | MINI-BATCH: [ 410,1050]   | LOSS: 57.2065   --  14.24s
[Sun, 22 Jan 2023 00:41:32] INFO :: EPOCH: [  1,  1]   | MINI-BATCH: [ 415,1050]   | LOSS: 57.0016   --  14.41s
[Sun, 22 Jan 2023 00:41:32] INFO :: EPOCH: [  1,  1]   | MINI-BATCH: [ 420,1050]   | LOSS: 57.2149   --  14.58s
[Sun, 22 Jan 2023 00:41:32] INFO :: EPOCH: [  1,  1]   | MINI-BATCH: [ 425,1050]   | LOSS: 57.2551   --  14.76s
[Sun, 22 Jan 2023 00:41:32] INFO :: EPOCH: [  1,  1]   | MINI-BATCH: [ 430,1050]   | LOSS: 57.3154   --  14.93s
[Sun, 22 Jan 2023 00:41:33] INFO :: EPOCH: [  1,  1]   | MINI-BATCH: [ 435,1050]   | LOSS: 57.2197   --  15.10s
[Sun, 22 Jan 2023 00:41:33] INFO :: EPOCH: [  1,  1]   | MINI-BATCH: [ 440,1050]   | LOSS: 56.9958   --  15.27s
[Sun, 22 Jan 2023 00:41:33] INFO :: EPOCH: [  1,  1]   | MINI-BATCH: [ 445,1050]   | LOSS: 57.1633   --  15.44s
[Sun, 22 Jan 2023 00:41:33] INFO :: EPOCH: [  1,  1]   | MINI-BATCH: [ 450,1050]   | LOSS: 57.4066   --  15.61s
[Sun, 22 Jan 2023 00:41:33] INFO :: EPOCH: [  1,  1]   | MINI-BATCH: [ 455,1050]   | LOSS: 57.0372   --  15.78s
[Sun, 22 Jan 2023 00:41:33] INFO :: EPOCH: [  1,  1]   | MINI-BATCH: [ 460,1050]   | LOSS: 57.0572   --  15.95s
[Sun, 22 Jan 2023 00:41:34] INFO :: EPOCH: [  1,  1]   | MINI-BATCH: [ 465,1050]   | LOSS: 57.0536   --  16.13s
[Sun, 22 Jan 2023 00:41:34] INFO :: EPOCH: [  1,  1]   | MINI-BATCH: [ 470,1050]   | LOSS: 56.9817   --  16.29s
[Sun, 22 Jan 2023 00:41:34] INFO :: EPOCH: [  1,  1]   | MINI-BATCH: [ 475,1050]   | LOSS: 57.1062   --  16.46s
[Sun, 22 Jan 2023 00:41:34] INFO :: EPOCH: [  1,  1]   | MINI-BATCH: [ 480,1050]   | LOSS: 57.2023   --  16.63s
[Sun, 22 Jan 2023 00:41:34] INFO :: EPOCH: [  1,  1]   | MINI-BATCH: [ 485,1050]   | LOSS: 56.9707   --  16.81s
[Sun, 22 Jan 2023 00:41:35] INFO :: EPOCH: [  1,  1]   | MINI-BATCH: [ 490,1050]   | LOSS: 57.1748   --  16.99s
[Sun, 22 Jan 2023 00:41:35] INFO :: EPOCH: [  1,  1]   | MINI-BATCH: [ 495,1050]   | LOSS: 57.0158   --  17.16s
[Sun, 22 Jan 2023 00:41:35] INFO :: EPOCH: [  1,  1]   | MINI-BATCH: [ 500,1050]   | LOSS: 57.3701   --  17.34s
[Sun, 22 Jan 2023 00:41:35] INFO :: EPOCH: [  1,  1]   | MINI-BATCH: [ 505,1050]   | LOSS: 56.9507   --  17.52s
[Sun, 22 Jan 2023 00:41:35] INFO :: EPOCH: [  1,  1]   | MINI-BATCH: [ 510,1050]   | LOSS: 57.2627   --  17.69s
[Sun, 22 Jan 2023 00:41:35] INFO :: EPOCH: [  1,  1]   | MINI-BATCH: [ 515,1050]   | LOSS: 57.8627   --  17.86s
[Sun, 22 Jan 2023 00:41:36] INFO :: EPOCH: [  1,  1]   | MINI-BATCH: [ 520,1050]   | LOSS: 57.0785   --  18.04s
[Sun, 22 Jan 2023 00:41:36] INFO :: EPOCH: [  1,  1]   | MINI-BATCH: [ 525,1050]   | LOSS: 57.2511   --  18.21s
[Sun, 22 Jan 2023 00:41:36] INFO :: EPOCH: [  1,  1]   | MINI-BATCH: [ 530,1050]   | LOSS: 57.2034   --  18.38s
[Sun, 22 Jan 2023 00:41:36] INFO :: EPOCH: [  1,  1]   | MINI-BATCH: [ 535,1050]   | LOSS: 57.1084   --  18.55s
[Sun, 22 Jan 2023 00:41:36] INFO :: EPOCH: [  1,  1]   | MINI-BATCH: [ 540,1050]   | LOSS: 57.0924   --  18.72s
[Sun, 22 Jan 2023 00:41:36] INFO :: EPOCH: [  1,  1]   | MINI-BATCH: [ 545,1050]   | LOSS: 57.1740   --  18.90s
[Sun, 22 Jan 2023 00:41:37] INFO :: EPOCH: [  1,  1]   | MINI-BATCH: [ 550,1050]   | LOSS: 57.2525   --  19.07s
[Sun, 22 Jan 2023 00:41:37] INFO :: EPOCH: [  1,  1]   | MINI-BATCH: [ 555,1050]   | LOSS: 57.1394   --  19.24s
[Sun, 22 Jan 2023 00:41:37] INFO :: EPOCH: [  1,  1]   | MINI-BATCH: [ 560,1050]   | LOSS: 57.2781   --  19.41s
[Sun, 22 Jan 2023 00:41:37] INFO :: EPOCH: [  1,  1]   | MINI-BATCH: [ 565,1050]   | LOSS: 57.0932   --  19.58s
[Sun, 22 Jan 2023 00:41:37] INFO :: EPOCH: [  1,  1]   | MINI-BATCH: [ 570,1050]   | LOSS: 57.1955   --  19.75s
[Sun, 22 Jan 2023 00:41:37] INFO :: EPOCH: [  1,  1]   | MINI-BATCH: [ 575,1050]   | LOSS: 57.4405   --  19.92s
[Sun, 22 Jan 2023 00:41:38] INFO :: EPOCH: [  1,  1]   | MINI-BATCH: [ 580,1050]   | LOSS: 57.3559   --  20.09s
[Sun, 22 Jan 2023 00:41:38] INFO :: EPOCH: [  1,  1]   | MINI-BATCH: [ 585,1050]   | LOSS: 57.3284   --  20.27s
[Sun, 22 Jan 2023 00:41:38] INFO :: EPOCH: [  1,  1]   | MINI-BATCH: [ 590,1050]   | LOSS: 57.0931   --  20.44s
[Sun, 22 Jan 2023 00:41:38] INFO :: EPOCH: [  1,  1]   | MINI-BATCH: [ 595,1050]   | LOSS: 57.3524   --  20.61s
[Sun, 22 Jan 2023 00:41:38] INFO :: EPOCH: [  1,  1]   | MINI-BATCH: [ 600,1050]   | LOSS: 56.9991   --  20.78s
[Sun, 22 Jan 2023 00:41:38] INFO :: EPOCH: [  1,  1]   | MINI-BATCH: [ 605,1050]   | LOSS: 57.3642   --  20.95s
[Sun, 22 Jan 2023 00:41:39] INFO :: EPOCH: [  1,  1]   | MINI-BATCH: [ 610,1050]   | LOSS: 57.6506   --  21.12s
[Sun, 22 Jan 2023 00:41:39] INFO :: EPOCH: [  1,  1]   | MINI-BATCH: [ 615,1050]   | LOSS: 57.0018   --  21.30s
[Sun, 22 Jan 2023 00:41:39] INFO :: EPOCH: [  1,  1]   | MINI-BATCH: [ 620,1050]   | LOSS: 57.2778   --  21.47s
[Sun, 22 Jan 2023 00:41:39] INFO :: EPOCH: [  1,  1]   | MINI-BATCH: [ 625,1050]   | LOSS: 56.9342   --  21.64s
[Sun, 22 Jan 2023 00:41:39] INFO :: EPOCH: [  1,  1]   | MINI-BATCH: [ 630,1050]   | LOSS: 56.9365   --  21.82s
[Sun, 22 Jan 2023 00:41:40] INFO :: EPOCH: [  1,  1]   | MINI-BATCH: [ 635,1050]   | LOSS: 57.2859   --  21.99s
[Sun, 22 Jan 2023 00:41:40] INFO :: EPOCH: [  1,  1]   | MINI-BATCH: [ 640,1050]   | LOSS: 57.2025   --  22.16s
[Sun, 22 Jan 2023 00:41:40] INFO :: EPOCH: [  1,  1]   | MINI-BATCH: [ 645,1050]   | LOSS: 57.1790   --  22.33s
[Sun, 22 Jan 2023 00:41:40] INFO :: EPOCH: [  1,  1]   | MINI-BATCH: [ 650,1050]   | LOSS: 57.2940   --  22.50s
[Sun, 22 Jan 2023 00:41:40] INFO :: EPOCH: [  1,  1]   | MINI-BATCH: [ 655,1050]   | LOSS: 57.2567   --  22.67s
[Sun, 22 Jan 2023 00:41:40] INFO :: EPOCH: [  1,  1]   | MINI-BATCH: [ 660,1050]   | LOSS: 57.2114   --  22.86s
[Sun, 22 Jan 2023 00:41:41] INFO :: EPOCH: [  1,  1]   | MINI-BATCH: [ 665,1050]   | LOSS: 57.1052   --  23.04s
[Sun, 22 Jan 2023 00:41:41] INFO :: EPOCH: [  1,  1]   | MINI-BATCH: [ 670,1050]   | LOSS: 57.1634   --  23.21s
[Sun, 22 Jan 2023 00:41:41] INFO :: EPOCH: [  1,  1]   | MINI-BATCH: [ 675,1050]   | LOSS: 57.6312   --  23.38s
[Sun, 22 Jan 2023 00:41:41] INFO :: EPOCH: [  1,  1]   | MINI-BATCH: [ 680,1050]   | LOSS: 57.5592   --  23.55s
[Sun, 22 Jan 2023 00:41:41] INFO :: EPOCH: [  1,  1]   | MINI-BATCH: [ 685,1050]   | LOSS: 57.1963   --  23.73s
[Sun, 22 Jan 2023 00:41:41] INFO :: EPOCH: [  1,  1]   | MINI-BATCH: [ 690,1050]   | LOSS: 57.3283   --  23.90s
[Sun, 22 Jan 2023 00:41:42] INFO :: EPOCH: [  1,  1]   | MINI-BATCH: [ 695,1050]   | LOSS: 57.1284   --  24.07s
[Sun, 22 Jan 2023 00:41:42] INFO :: EPOCH: [  1,  1]   | MINI-BATCH: [ 700,1050]   | LOSS: 57.0396   --  24.24s
[Sun, 22 Jan 2023 00:41:42] INFO :: EPOCH: [  1,  1]   | MINI-BATCH: [ 705,1050]   | LOSS: 57.0313   --  24.41s
[Sun, 22 Jan 2023 00:41:42] INFO :: EPOCH: [  1,  1]   | MINI-BATCH: [ 710,1050]   | LOSS: 57.0210   --  24.58s
[Sun, 22 Jan 2023 00:41:42] INFO :: EPOCH: [  1,  1]   | MINI-BATCH: [ 715,1050]   | LOSS: 57.4642   --  24.75s
[Sun, 22 Jan 2023 00:41:42] INFO :: EPOCH: [  1,  1]   | MINI-BATCH: [ 720,1050]   | LOSS: 57.0934   --  24.92s
[Sun, 22 Jan 2023 00:41:43] INFO :: EPOCH: [  1,  1]   | MINI-BATCH: [ 725,1050]   | LOSS: 57.3213   --  25.10s
[Sun, 22 Jan 2023 00:41:43] INFO :: EPOCH: [  1,  1]   | MINI-BATCH: [ 730,1050]   | LOSS: 56.9422   --  25.27s
[Sun, 22 Jan 2023 00:41:43] INFO :: EPOCH: [  1,  1]   | MINI-BATCH: [ 735,1050]   | LOSS: 57.0235   --  25.46s
[Sun, 22 Jan 2023 00:41:43] INFO :: EPOCH: [  1,  1]   | MINI-BATCH: [ 740,1050]   | LOSS: 57.1625   --  25.64s
[Sun, 22 Jan 2023 00:41:43] INFO :: EPOCH: [  1,  1]   | MINI-BATCH: [ 745,1050]   | LOSS: 57.1427   --  25.82s
[Sun, 22 Jan 2023 00:41:44] INFO :: EPOCH: [  1,  1]   | MINI-BATCH: [ 750,1050]   | LOSS: 57.1307   --  25.99s
[Sun, 22 Jan 2023 00:41:44] INFO :: EPOCH: [  1,  1]   | MINI-BATCH: [ 755,1050]   | LOSS: 57.2830   --  26.16s
[Sun, 22 Jan 2023 00:41:44] INFO :: EPOCH: [  1,  1]   | MINI-BATCH: [ 760,1050]   | LOSS: 57.0612   --  26.33s
[Sun, 22 Jan 2023 00:41:44] INFO :: EPOCH: [  1,  1]   | MINI-BATCH: [ 765,1050]   | LOSS: 57.2907   --  26.50s
[Sun, 22 Jan 2023 00:41:44] INFO :: EPOCH: [  1,  1]   | MINI-BATCH: [ 770,1050]   | LOSS: 57.0769   --  26.67s
[Sun, 22 Jan 2023 00:41:44] INFO :: EPOCH: [  1,  1]   | MINI-BATCH: [ 775,1050]   | LOSS: 57.0512   --  26.84s
[Sun, 22 Jan 2023 00:41:45] INFO :: EPOCH: [  1,  1]   | MINI-BATCH: [ 780,1050]   | LOSS: 57.2230   --  27.02s
[Sun, 22 Jan 2023 00:41:45] INFO :: EPOCH: [  1,  1]   | MINI-BATCH: [ 785,1050]   | LOSS: 56.9585   --  27.19s
[Sun, 22 Jan 2023 00:41:45] INFO :: EPOCH: [  1,  1]   | MINI-BATCH: [ 790,1050]   | LOSS: 57.1203   --  27.36s
[Sun, 22 Jan 2023 00:41:45] INFO :: EPOCH: [  1,  1]   | MINI-BATCH: [ 795,1050]   | LOSS: 57.0836   --  27.53s
[Sun, 22 Jan 2023 00:41:45] INFO :: EPOCH: [  1,  1]   | MINI-BATCH: [ 800,1050]   | LOSS: 57.0937   --  27.70s
[Sun, 22 Jan 2023 00:41:45] INFO :: EPOCH: [  1,  1]   | MINI-BATCH: [ 805,1050]   | LOSS: 57.0578   --  27.87s
[Sun, 22 Jan 2023 00:41:46] INFO :: EPOCH: [  1,  1]   | MINI-BATCH: [ 810,1050]   | LOSS: 57.2746   --  28.04s
[Sun, 22 Jan 2023 00:41:46] INFO :: EPOCH: [  1,  1]   | MINI-BATCH: [ 815,1050]   | LOSS: 57.1729   --  28.22s
[Sun, 22 Jan 2023 00:41:46] INFO :: EPOCH: [  1,  1]   | MINI-BATCH: [ 820,1050]   | LOSS: 57.4610   --  28.39s
[Sun, 22 Jan 2023 00:41:46] INFO :: EPOCH: [  1,  1]   | MINI-BATCH: [ 825,1050]   | LOSS: 57.0405   --  28.56s
[Sun, 22 Jan 2023 00:41:46] INFO :: EPOCH: [  1,  1]   | MINI-BATCH: [ 830,1050]   | LOSS: 57.2400   --  28.73s
[Sun, 22 Jan 2023 00:41:46] INFO :: EPOCH: [  1,  1]   | MINI-BATCH: [ 835,1050]   | LOSS: 57.0061   --  28.90s
[Sun, 22 Jan 2023 00:41:47] INFO :: EPOCH: [  1,  1]   | MINI-BATCH: [ 840,1050]   | LOSS: 57.4000   --  29.07s
[Sun, 22 Jan 2023 00:41:47] INFO :: EPOCH: [  1,  1]   | MINI-BATCH: [ 845,1050]   | LOSS: 57.1881   --  29.24s
[Sun, 22 Jan 2023 00:41:47] INFO :: EPOCH: [  1,  1]   | MINI-BATCH: [ 850,1050]   | LOSS: 57.1423   --  29.41s
[Sun, 22 Jan 2023 00:41:47] INFO :: EPOCH: [  1,  1]   | MINI-BATCH: [ 855,1050]   | LOSS: 57.0227   --  29.58s
[Sun, 22 Jan 2023 00:41:47] INFO :: EPOCH: [  1,  1]   | MINI-BATCH: [ 860,1050]   | LOSS: 57.0211   --  29.75s
[Sun, 22 Jan 2023 00:41:47] INFO :: EPOCH: [  1,  1]   | MINI-BATCH: [ 865,1050]   | LOSS: 57.0385   --  29.93s
[Sun, 22 Jan 2023 00:41:48] INFO :: EPOCH: [  1,  1]   | MINI-BATCH: [ 870,1050]   | LOSS: 57.1456   --  30.10s
[Sun, 22 Jan 2023 00:41:48] INFO :: EPOCH: [  1,  1]   | MINI-BATCH: [ 875,1050]   | LOSS: 57.2219   --  30.27s
[Sun, 22 Jan 2023 00:41:48] INFO :: EPOCH: [  1,  1]   | MINI-BATCH: [ 880,1050]   | LOSS: 56.9407   --  30.45s
[Sun, 22 Jan 2023 00:41:48] INFO :: EPOCH: [  1,  1]   | MINI-BATCH: [ 885,1050]   | LOSS: 57.1205   --  30.61s
[Sun, 22 Jan 2023 00:41:48] INFO :: EPOCH: [  1,  1]   | MINI-BATCH: [ 890,1050]   | LOSS: 57.0736   --  30.80s
[Sun, 22 Jan 2023 00:41:48] INFO :: EPOCH: [  1,  1]   | MINI-BATCH: [ 895,1050]   | LOSS: 57.3566   --  30.97s
[Sun, 22 Jan 2023 00:41:49] INFO :: EPOCH: [  1,  1]   | MINI-BATCH: [ 900,1050]   | LOSS: 57.1408   --  31.14s
[Sun, 22 Jan 2023 00:41:49] INFO :: EPOCH: [  1,  1]   | MINI-BATCH: [ 905,1050]   | LOSS: 57.0308   --  31.31s
[Sun, 22 Jan 2023 00:41:49] INFO :: EPOCH: [  1,  1]   | MINI-BATCH: [ 910,1050]   | LOSS: 56.9908   --  31.48s
[Sun, 22 Jan 2023 00:41:49] INFO :: EPOCH: [  1,  1]   | MINI-BATCH: [ 915,1050]   | LOSS: 57.0165   --  31.65s
[Sun, 22 Jan 2023 00:41:49] INFO :: EPOCH: [  1,  1]   | MINI-BATCH: [ 920,1050]   | LOSS: 57.0356   --  31.82s
[Sun, 22 Jan 2023 00:41:50] INFO :: EPOCH: [  1,  1]   | MINI-BATCH: [ 925,1050]   | LOSS: 57.1163   --  32.00s
[Sun, 22 Jan 2023 00:41:50] INFO :: EPOCH: [  1,  1]   | MINI-BATCH: [ 930,1050]   | LOSS: 57.0563   --  32.17s
[Sun, 22 Jan 2023 00:41:50] INFO :: EPOCH: [  1,  1]   | MINI-BATCH: [ 935,1050]   | LOSS: 56.9587   --  32.34s
[Sun, 22 Jan 2023 00:41:50] INFO :: EPOCH: [  1,  1]   | MINI-BATCH: [ 940,1050]   | LOSS: 57.4504   --  32.51s
[Sun, 22 Jan 2023 00:41:50] INFO :: EPOCH: [  1,  1]   | MINI-BATCH: [ 945,1050]   | LOSS: 57.1225   --  32.68s
[Sun, 22 Jan 2023 00:41:50] INFO :: EPOCH: [  1,  1]   | MINI-BATCH: [ 950,1050]   | LOSS: 56.9390   --  32.87s
[Sun, 22 Jan 2023 00:41:51] INFO :: EPOCH: [  1,  1]   | MINI-BATCH: [ 955,1050]   | LOSS: 57.2859   --  33.05s
[Sun, 22 Jan 2023 00:41:51] INFO :: EPOCH: [  1,  1]   | MINI-BATCH: [ 960,1050]   | LOSS: 57.5195   --  33.22s
[Sun, 22 Jan 2023 00:41:51] INFO :: EPOCH: [  1,  1]   | MINI-BATCH: [ 965,1050]   | LOSS: 57.2654   --  33.39s
[Sun, 22 Jan 2023 00:41:51] INFO :: EPOCH: [  1,  1]   | MINI-BATCH: [ 970,1050]   | LOSS: 57.1477   --  33.57s
[Sun, 22 Jan 2023 00:41:51] INFO :: EPOCH: [  1,  1]   | MINI-BATCH: [ 975,1050]   | LOSS: 57.2691   --  33.75s
[Sun, 22 Jan 2023 00:41:51] INFO :: EPOCH: [  1,  1]   | MINI-BATCH: [ 980,1050]   | LOSS: 56.9674   --  33.92s
[Sun, 22 Jan 2023 00:41:52] INFO :: EPOCH: [  1,  1]   | MINI-BATCH: [ 985,1050]   | LOSS: 57.2153   --  34.10s
[Sun, 22 Jan 2023 00:41:52] INFO :: EPOCH: [  1,  1]   | MINI-BATCH: [ 990,1050]   | LOSS: 56.9159   --  34.28s
[Sun, 22 Jan 2023 00:41:52] INFO :: EPOCH: [  1,  1]   | MINI-BATCH: [ 995,1050]   | LOSS: 57.2671   --  34.44s
[Sun, 22 Jan 2023 00:41:52] INFO :: EPOCH: [  1,  1]   | MINI-BATCH: [1000,1050]   | LOSS: 57.0319   --  34.62s
[Sun, 22 Jan 2023 00:41:52] INFO :: EPOCH: [  1,  1]   | MINI-BATCH: [1005,1050]   | LOSS: 56.9676   --  34.79s
[Sun, 22 Jan 2023 00:41:52] INFO :: EPOCH: [  1,  1]   | MINI-BATCH: [1010,1050]   | LOSS: 57.2236   --  34.96s
[Sun, 22 Jan 2023 00:41:53] INFO :: EPOCH: [  1,  1]   | MINI-BATCH: [1015,1050]   | LOSS: 56.9980   --  35.14s
[Sun, 22 Jan 2023 00:41:53] INFO :: EPOCH: [  1,  1]   | MINI-BATCH: [1020,1050]   | LOSS: 57.0291   --  35.31s
[Sun, 22 Jan 2023 00:41:53] INFO :: EPOCH: [  1,  1]   | MINI-BATCH: [1025,1050]   | LOSS: 57.0436   --  35.48s
[Sun, 22 Jan 2023 00:41:53] INFO :: EPOCH: [  1,  1]   | MINI-BATCH: [1030,1050]   | LOSS: 57.0018   --  35.66s
[Sun, 22 Jan 2023 00:41:53] INFO :: EPOCH: [  1,  1]   | MINI-BATCH: [1035,1050]   | LOSS: 57.0188   --  35.83s
[Sun, 22 Jan 2023 00:41:54] INFO :: EPOCH: [  1,  1]   | MINI-BATCH: [1040,1050]   | LOSS: 56.9042   --  36.01s
[Sun, 22 Jan 2023 00:41:54] INFO :: EPOCH: [  1,  1]   | MINI-BATCH: [1045,1050]   | LOSS: 57.0719   --  36.18s
[Sun, 22 Jan 2023 00:41:54] INFO :: EPOCH: [  1,  1]   | MINI-BATCH: [1050,1050]   | LOSS: 57.0571   --  36.35s
[Sun, 22 Jan 2023 00:41:59] INFO :: EPOCH: [  1,  1]   | VAL-ACCURACY: 0.9925      | VAL-LOSS: 56.9853   --  41.09s
